/home/qinxx/lzw/thesis/DOTA/train_split/
/home/qinxx/lzw/thesis/DOTA/train_split/further_50/no_need_to_split_list.txt
0 	 1 	 P0001__1__0___1500.png
1 	 1 	 P0001__1__0___2000.png
2 	 4 	 P0001__1__0___2500.png
3 	 3 	 P0001__1__0___3000.png
4 	 3 	 P0001__1__0___3500.png
5 	 5 	 P0001__1__0___4000.png
6 	 1 	 P0001__1__0___4500.png
7 	 1 	 P0001__1__0___500.png
8 	 1 	 P0001__1__0___5000.png
9 	 1 	 P0001__1__0___5174.png
10 	 2 	 P0001__1__252___1500.png
11 	 1 	 P0001__1__252___2000.png
12 	 4 	 P0001__1__252___2500.png
13 	 3 	 P0001__1__252___3000.png
14 	 3 	 P0001__1__252___3500.png
15 	 5 	 P0001__1__252___4000.png
16 	 1 	 P0001__1__252___4500.png
17 	 1 	 P0001__1__252___500.png
18 	 1 	 P0001__1__252___5000.png
19 	 1 	 P0001__1__252___5174.png
20 	 1 	 P0011__1__0___500.png
21 	 1 	 P0020__1__4058___1000.png
22 	 1 	 P0020__1__4058___500.png
23 	 16 	 P0129__1__0___0.png
24 	 41 	 P0129__1__0___1000.png
25 	 5 	 P0129__1__0___1350.png
26 	 8 	 P0129__1__408___0.png
27 	 38 	 P0129__1__408___1000.png
28 	 6 	 P0129__1__408___1350.png
29 	 34 	 P0260__1__0___0.png
30 	 36 	 P0260__1__0___500.png
31 	 4 	 P0260__1__0___847.png
32 	 42 	 P0260__1__862___0.png
33 	 40 	 P0260__1__862___500.png
34 	 8 	 P0260__1__862___847.png
35 	 1 	 P0263__1__0___0.png
36 	 1 	 P0263__1__0___207.png
37 	 1 	 P0281__1__0___0.png
38 	 1 	 P0288__1__0___0.png
39 	 1 	 P0288__1__0___500.png
40 	 1 	 P0288__1__0___596.png
41 	 1 	 P0288__1__164___0.png
42 	 1 	 P0288__1__164___500.png
43 	 1 	 P0288__1__164___596.png
44 	 3 	 P0296__1__0___0.png
45 	 2 	 P0296__1__0___500.png
46 	 2 	 P0296__1__0___502.png
47 	 3 	 P0296__1__107___0.png
48 	 2 	 P0296__1__107___500.png
49 	 2 	 P0296__1__107___502.png
50 	 5 	 P0299__1__0___0.png
51 	 3 	 P0299__1__0___237.png
52 	 5 	 P0299__1__153___0.png
53 	 3 	 P0299__1__153___237.png
54 	 1 	 P0301__1__0___0.png
55 	 2 	 P0301__1__0___229.png
56 	 10 	 P0303__1__0___0.png
57 	 10 	 P0303__1__0___229.png
58 	 5 	 P0321__1__0___1000.png
59 	 17 	 P0321__1__0___1351.png
60 	 1 	 P0321__1__0___500.png
61 	 1 	 P0321__1__552___1000.png
62 	 3 	 P0321__1__552___500.png
63 	 1 	 P0322__1__552___1000.png
64 	 1 	 P0322__1__552___1351.png
65 	 3 	 P0324__1__0___0.png
66 	 7 	 P0324__1__0___500.png
67 	 2 	 P0324__1__1782___1000.png
68 	 1 	 P0324__1__1782___1362.png
69 	 1 	 P0324__1__1782___500.png
70 	 2 	 P0324__1__900___1000.png
71 	 4 	 P0324__1__900___500.png
72 	 11 	 P0327__1__0___0.png
73 	 3 	 P0327__1__0___1000.png
74 	 2 	 P0327__1__0___1321.png
75 	 10 	 P0327__1__0___500.png
76 	 1 	 P0327__1__749___0.png
77 	 2 	 P0327__1__749___1000.png
78 	 1 	 P0327__1__749___1321.png
79 	 1 	 P0327__1__749___500.png
80 	 1 	 P0332__1__0___0.png
81 	 2 	 P0332__1__900___0.png
82 	 5 	 P0334__1__0___0.png
83 	 1 	 P0334__1__0___1089.png
84 	 1 	 P0334__1__0___500.png
85 	 3 	 P0334__1__1800___500.png
86 	 3 	 P0334__1__1836___500.png
87 	 1 	 P0334__1__900___0.png
88 	 1 	 P0335__1__0___0.png
89 	 1 	 P0335__1__1053___1000.png
90 	 1 	 P0335__1__1053___1075.png
91 	 1 	 P0335__1__1053___500.png
92 	 1 	 P0335__1__900___1000.png
93 	 1 	 P0335__1__900___1075.png
94 	 1 	 P0335__1__900___500.png
95 	 2 	 P0337__1__0___500.png
96 	 5 	 P0337__1__0___801.png
97 	 1 	 P0337__1__1800___0.png
98 	 1 	 P0337__1__1800___500.png
99 	 2 	 P0337__1__2147___0.png
100 	 1 	 P0337__1__2147___500.png
101 	 3 	 P0337__1__900___0.png
102 	 3 	 P0337__1__900___500.png
103 	 1 	 P0338__1__0___0.png
104 	 2 	 P0338__1__1624___500.png
105 	 4 	 P0338__1__900___0.png
106 	 2 	 P0338__1__900___500.png
107 	 3 	 P0339__1__0___0.png
108 	 1 	 P0339__1__0___500.png
109 	 1 	 P0339__1__1800___500.png
110 	 1 	 P0339__1__1800___801.png
111 	 4 	 P0339__1__2147___500.png
112 	 4 	 P0339__1__2147___801.png
113 	 1 	 P0339__1__900___0.png
114 	 1 	 P0339__1__900___500.png
115 	 6 	 P0340__1__0___0.png
116 	 39 	 P0340__1__0___500.png
117 	 36 	 P0340__1__0___805.png
118 	 21 	 P0340__1__1800___0.png
119 	 32 	 P0340__1__1800___500.png
120 	 5 	 P0340__1__1800___805.png
121 	 21 	 P0340__1__1885___0.png
122 	 25 	 P0340__1__1885___500.png
123 	 1 	 P0340__1__1885___805.png
124 	 5 	 P0340__1__900___0.png
125 	 45 	 P0340__1__900___500.png
126 	 28 	 P0340__1__900___805.png
127 	 2 	 P0343__1__900___0.png
128 	 1 	 P0343__1__900___500.png
129 	 1 	 P0343__1__900___516.png
130 	 2 	 P0344__1__0___1000.png
131 	 3 	 P0344__1__0___1322.png
132 	 1 	 P0344__1__0___500.png
133 	 2 	 P0344__1__751___0.png
134 	 1 	 P0344__1__751___1000.png
135 	 2 	 P0344__1__751___1322.png
136 	 2 	 P0344__1__751___500.png
137 	 1 	 P0345__1__0___1500.png
138 	 4 	 P0345__1__0___2000.png
139 	 1 	 P0345__1__0___2500.png
140 	 1 	 P0345__1__331___1500.png
141 	 4 	 P0345__1__331___2000.png
142 	 1 	 P0345__1__331___2500.png
143 	 2 	 P0345__1__331___500.png
144 	 1 	 P0346__1__1800___0.png
145 	 2 	 P0346__1__1800___1000.png
146 	 3 	 P0346__1__1800___500.png
147 	 2 	 P0346__1__2700___500.png
148 	 1 	 P0346__1__3450___0.png
149 	 1 	 P0346__1__3450___500.png
150 	 1 	 P0346__1__900___1000.png
151 	 1 	 P0346__1__900___1500.png
152 	 2 	 P0349__1__1800___1000.png
153 	 1 	 P0349__1__1800___1500.png
154 	 1 	 P0349__1__2272___1000.png
155 	 1 	 P0349__1__2272___1500.png
156 	 1 	 P0349__1__900___2000.png
157 	 2 	 P0349__1__900___500.png
158 	 1 	 P0404__1__0___500.png
159 	 1 	 P0404__1__0___540.png
160 	 1 	 P0404__1__139___500.png
161 	 1 	 P0404__1__139___540.png
162 	 3 	 P0405__1__0___0.png
163 	 2 	 P0405__1__0___500.png
164 	 1 	 P0406__1__0___0.png
165 	 8 	 P0406__1__0___486.png
166 	 3 	 P0407__1__0___0.png
167 	 2 	 P0407__1__672___0.png
168 	 2 	 P0407__1__672___238.png
169 	 2 	 P0413__1__0___0.png
170 	 16 	 P0413__1__0___486.png
171 	 5 	 P0415__1__0___0.png
172 	 1 	 P0415__1__0___238.png
173 	 6 	 P0415__1__151___0.png
174 	 1 	 P0415__1__151___238.png
175 	 1 	 P0416__1__0___0.png
176 	 13 	 P0416__1__0___465.png
177 	 2 	 P0417__1__0___0.png
178 	 1 	 P0417__1__0___486.png
179 	 1 	 P0418__1__0___0.png
180 	 1 	 P0418__1__0___239.png
181 	 2 	 P0418__1__411___0.png
182 	 1 	 P0418__1__411___239.png
183 	 4 	 P0419__1__0___0.png
184 	 5 	 P0419__1__0___238.png
185 	 3 	 P0419__1__151___0.png
186 	 4 	 P0419__1__151___238.png
187 	 1 	 P0421__1__360___0.png
188 	 1 	 P0424__1__0___0.png
189 	 3 	 P0424__1__0___500.png
190 	 3 	 P0424__1__0___503.png
191 	 1 	 P0424__1__104___0.png
192 	 3 	 P0424__1__104___500.png
193 	 3 	 P0424__1__104___503.png
194 	 3 	 P0425__1__0___0.png
195 	 3 	 P0425__1__0___465.png
196 	 1 	 P0426__1__0___230.png
197 	 3 	 P0428__1__0___0.png
198 	 1 	 P0428__1__0___486.png
199 	 2 	 P0430__1__0___0.png
200 	 2 	 P0430__1__276___0.png
201 	 1 	 P0430__1__276___1000.png
202 	 1 	 P0430__1__276___1029.png
203 	 1 	 P0431__1__0___0.png
204 	 1 	 P0431__1__103___0.png
205 	 3 	 P0435__1__0___0.png
206 	 2 	 P0435__1__0___486.png
207 	 1 	 P0437__1__0___0.png
208 	 1 	 P0437__1__0___239.png
209 	 3 	 P0437__1__412___0.png
210 	 2 	 P0437__1__412___239.png
211 	 1 	 P0438__1__0___500.png
212 	 2 	 P0438__1__572___0.png
213 	 3 	 P0438__1__572___500.png
214 	 1 	 P0438__1__572___787.png
215 	 1 	 P0439__1__0___0.png
216 	 1 	 P0439__1__0___229.png
217 	 2 	 P0440__1__0___500.png
218 	 2 	 P0440__1__0___787.png
219 	 1 	 P0440__1__572___500.png
220 	 1 	 P0440__1__572___787.png
221 	 1 	 P0441__1__0___0.png
222 	 1 	 P0441__1__0___500.png
223 	 1 	 P0441__1__0___514.png
224 	 1 	 P0441__1__362___500.png
225 	 1 	 P0441__1__362___514.png
226 	 1 	 P0442__1__0___0.png
227 	 1 	 P0442__1__0___240.png
228 	 1 	 P0443__1__0___0.png
229 	 1 	 P0443__1__0___500.png
230 	 1 	 P0443__1__0___503.png
231 	 1 	 P0443__1__104___0.png
232 	 1 	 P0443__1__104___500.png
233 	 1 	 P0443__1__104___503.png
234 	 1 	 P0445__1__0___0.png
235 	 1 	 P0446__1__0___0.png
236 	 3 	 P0446__1__674___0.png
237 	 3 	 P0446__1__674___238.png
238 	 1 	 P0520__1__0___500.png
239 	 1 	 P0520__1__60___500.png
240 	 1 	 P0521__1__0___1000.png
241 	 1 	 P0521__1__0___1284.png
242 	 1 	 P0521__1__242___1000.png
243 	 1 	 P0521__1__242___1284.png
244 	 1 	 P0522__1__0___0.png
245 	 1 	 P0522__1__0___1000.png
246 	 1 	 P0522__1__0___500.png
247 	 1 	 P0522__1__2___0.png
248 	 1 	 P0522__1__2___1000.png
249 	 1 	 P0522__1__2___500.png
250 	 1 	 P0531__1__1090___500.png
251 	 1 	 P0531__1__1090___806.png
252 	 1 	 P0531__1__900___500.png
253 	 1 	 P0531__1__900___806.png
254 	 1 	 P0533__1__0___0.png
255 	 1 	 P0533__1__359___0.png
256 	 1 	 P0538__1__1142___500.png
257 	 1 	 P0538__1__1142___524.png
258 	 1 	 P0538__1__900___500.png
259 	 1 	 P0538__1__900___524.png
260 	 1 	 P0541__1__0___0.png
261 	 1 	 P0542__1__0___0.png
262 	 2 	 P0542__1__0___216.png
263 	 1 	 P0544__1__0___0.png
264 	 1 	 P0544__1__0___500.png
265 	 1 	 P0544__1__0___523.png
266 	 2 	 P0544__1__619___0.png
267 	 2 	 P0544__1__619___500.png
268 	 2 	 P0544__1__619___523.png
269 	 2 	 P0546__1__0___0.png
270 	 3 	 P0549__1__0___0.png
271 	 4 	 P0549__1__0___232.png
272 	 2 	 P0553__1__671___0.png
273 	 2 	 P0553__1__671___241.png
274 	 2 	 P0562__1__0___0.png
275 	 1 	 P0562__1__0___466.png
276 	 1 	 P0563__1__0___0.png
277 	 1 	 P0563__1__358___0.png
278 	 1 	 P0563__1__358___500.png
279 	 1 	 P0563__1__358___516.png
280 	 1 	 P0565__1__0___0.png
281 	 1 	 P0565__1__0___500.png
282 	 1 	 P0565__1__358___0.png
283 	 1 	 P0565__1__358___500.png
284 	 2 	 P0571__1__0___0.png
285 	 1 	 P0571__1__0___1000.png
286 	 1 	 P0571__1__0___500.png
287 	 2 	 P0571__1__205___0.png
288 	 1 	 P0571__1__205___1000.png
289 	 1 	 P0571__1__205___500.png
290 	 1 	 P0572__1__0___0.png
291 	 1 	 P0572__1__0___235.png
292 	 1 	 P0573__1__0___500.png
293 	 1 	 P0573__1__0___561.png
294 	 1 	 P0573__1__395___500.png
295 	 1 	 P0573__1__395___561.png
296 	 1 	 P0578__1__900___0.png
297 	 2 	 P0578__1__900___500.png
298 	 2 	 P0578__1__900___522.png
299 	 1 	 P0581__1__0___0.png
300 	 1 	 P0581__1__0___1000.png
301 	 1 	 P0581__1__0___1074.png
302 	 1 	 P0581__1__1036___1000.png
303 	 2 	 P0581__1__1036___1074.png
304 	 1 	 P0581__1__1036___500.png
305 	 1 	 P0581__1__900___0.png
306 	 1 	 P0581__1__900___1000.png
307 	 2 	 P0581__1__900___1074.png
308 	 1 	 P0581__1__900___500.png
309 	 1 	 P0582__1__0___0.png
310 	 1 	 P0582__1__0___500.png
311 	 1 	 P0582__1__311___0.png
312 	 1 	 P0582__1__311___500.png
313 	 1 	 P0618__1__0___794.png
314 	 1 	 P0618__1__105___794.png
315 	 2 	 P0619__1__0___0.png
316 	 3 	 P0619__1__137___0.png
317 	 3 	 P0624__1__0___0.png
318 	 3 	 P0624__1__0___486.png
319 	 1 	 P0627__1__0___487.png
320 	 1 	 P0627__1__1800___0.png
321 	 1 	 P0627__1__1800___487.png
322 	 2 	 P0627__1__2446___0.png
323 	 2 	 P0627__1__2446___487.png
324 	 3 	 P0627__1__900___0.png
325 	 3 	 P0627__1__900___487.png
326 	 13 	 P0631__1__0___0.png
327 	 39 	 P0631__1__0___1000.png
328 	 32 	 P0631__1__0___1303.png
329 	 31 	 P0631__1__0___500.png
330 	 15 	 P0631__1__487___0.png
331 	 24 	 P0631__1__487___1000.png
332 	 10 	 P0631__1__487___1303.png
333 	 44 	 P0631__1__487___500.png
334 	 5 	 P0637__1__0___265.png
335 	 1 	 P0653__1__0___500.png
336 	 2 	 P0653__1__0___596.png
337 	 1 	 P0653__1__170___500.png
338 	 2 	 P0653__1__170___596.png
339 	 1 	 P0676__1__0___0.png
340 	 1 	 P0676__1__0___227.png
341 	 14 	 P0685__1__0___1000.png
342 	 9 	 P0685__1__0___1298.png
343 	 1 	 P0685__1__0___500.png
344 	 8 	 P0685__1__831___0.png
345 	 4 	 P0685__1__831___1000.png
346 	 10 	 P0685__1__831___500.png
347 	 49 	 P0703__1__299___1304.png
348 	 28 	 P0707__1__0___0.png
349 	 40 	 P0707__1__0___498.png
350 	 35 	 P0707__1__422___0.png
351 	 32 	 P0707__1__422___498.png
352 	 7 	 P0716__1__0___0.png
353 	 11 	 P0716__1__0___500.png
354 	 15 	 P0716__1__0___975.png
355 	 19 	 P0719__1__0___0.png
356 	 2 	 P0719__1__0___498.png
357 	 9 	 P0719__1__658___0.png
358 	 11 	 P0719__1__658___498.png
359 	 6 	 P0722__1__0___0.png
360 	 8 	 P0722__1__0___500.png
361 	 6 	 P0722__1__0___726.png
362 	 16 	 P0724__1__0___0.png
363 	 3 	 P0724__1__0___498.png
364 	 8 	 P0724__1__658___0.png
365 	 6 	 P0724__1__658___498.png
366 	 12 	 P0726__1__0___0.png
367 	 6 	 P0726__1__0___498.png
368 	 7 	 P0726__1__658___0.png
369 	 12 	 P0726__1__658___498.png
370 	 10 	 P0727__1__0___0.png
371 	 4 	 P0727__1__0___498.png
372 	 1 	 P0727__1__658___0.png
373 	 10 	 P0727__1__658___498.png
374 	 12 	 P0728__1__0___0.png
375 	 2 	 P0728__1__1138___0.png
376 	 13 	 P0728__1__1138___500.png
377 	 8 	 P0728__1__1138___772.png
378 	 5 	 P0728__1__900___0.png
379 	 9 	 P0728__1__900___500.png
380 	 4 	 P0728__1__900___772.png
381 	 40 	 P0731__1__0___500.png
382 	 38 	 P0731__1__0___764.png
383 	 22 	 P0731__1__619___0.png
384 	 42 	 P0731__1__619___500.png
385 	 22 	 P0731__1__619___764.png
386 	 22 	 P0732__1__0___0.png
387 	 27 	 P0732__1__0___498.png
388 	 3 	 P0732__1__659___0.png
389 	 21 	 P0732__1__659___498.png
390 	 29 	 P0733__1__0___183.png
391 	 41 	 P0733__1__2255___183.png
392 	 9 	 P0734__1__0___0.png
393 	 4 	 P0734__1__0___1000.png
394 	 4 	 P0734__1__0___1042.png
395 	 9 	 P0734__1__0___500.png
396 	 7 	 P0734__1__1098___0.png
397 	 12 	 P0734__1__1098___1000.png
398 	 12 	 P0734__1__1098___1042.png
399 	 9 	 P0734__1__1098___500.png
400 	 10 	 P0734__1__900___0.png
401 	 15 	 P0734__1__900___1000.png
402 	 15 	 P0734__1__900___1042.png
403 	 10 	 P0734__1__900___500.png
404 	 7 	 P0737__1__0___0.png
405 	 6 	 P0737__1__0___500.png
406 	 1 	 P0737__1__0___773.png
407 	 1 	 P0737__1__1138___500.png
408 	 3 	 P0737__1__1138___773.png
409 	 6 	 P0737__1__900___500.png
410 	 8 	 P0737__1__900___773.png
411 	 11 	 P0738__1__0___0.png
412 	 9 	 P0738__1__0___1000.png
413 	 6 	 P0738__1__0___1226.png
414 	 16 	 P0738__1__0___500.png
415 	 16 	 P0743__1__0___0.png
416 	 18 	 P0743__1__739___0.png
417 	 12 	 P0745__1__0___0.png
418 	 12 	 P0745__1__0___221.png
419 	 7 	 P0745__1__700___0.png
420 	 6 	 P0745__1__700___221.png
421 	 16 	 P0746__1__0___0.png
422 	 13 	 P0746__1__739___0.png
423 	 8 	 P0750__1__0___0.png
424 	 8 	 P0750__1__0___217.png
425 	 7 	 P0750__1__900___0.png
426 	 8 	 P0750__1__900___217.png
427 	 7 	 P0750__1__960___0.png
428 	 9 	 P0750__1__960___217.png
429 	 36 	 P0757__1__0___498.png
430 	 46 	 P0757__1__658___0.png
431 	 18 	 P0759__1__0___0.png
432 	 14 	 P0759__1__0___485.png
433 	 18 	 P0759__1__139___0.png
434 	 14 	 P0759__1__139___485.png
435 	 14 	 P0760__1__0___0.png
436 	 15 	 P0760__1__0___223.png
437 	 24 	 P0760__1__439___0.png
438 	 20 	 P0760__1__439___223.png
439 	 20 	 P0762__1__0___0.png
440 	 23 	 P0762__1__739___0.png
441 	 39 	 P0775__1__0___1000.png
442 	 12 	 P0775__1__0___1286.png
443 	 21 	 P0790__1__1344___0.png
444 	 30 	 P0790__1__1344___1000.png
445 	 19 	 P0790__1__1344___1037.png
446 	 21 	 P0790__1__900___0.png
447 	 40 	 P0800__1__0___0.png
448 	 40 	 P0800__1__0___1000.png
449 	 16 	 P0800__1__0___1312.png
450 	 12 	 P0800__1__576___0.png
451 	 45 	 P0800__1__576___1000.png
452 	 23 	 P0800__1__576___1312.png
453 	 43 	 P0800__1__576___500.png
454 	 17 	 P0823__1__0___0.png
455 	 38 	 P0823__1__0___1873.png
456 	 26 	 P0823__1__0___500.png
457 	 26 	 P0823__1__745___0.png
458 	 16 	 P0828__1__0___0.png
459 	 44 	 P0828__1__0___500.png
460 	 20 	 P0835__1__1800___0.png
461 	 47 	 P0835__1__1800___500.png
462 	 13 	 P0835__1__1800___868.png
463 	 17 	 P0835__1__1904___0.png
464 	 33 	 P0835__1__1904___500.png
465 	 4 	 P0835__1__1904___868.png
466 	 15 	 P0835__1__900___0.png
467 	 20 	 P0857__1__0___0.png
468 	 23 	 P0857__1__0___1000.png
469 	 10 	 P0857__1__0___1318.png
470 	 28 	 P0857__1__0___500.png
471 	 10 	 P0857__1__280___0.png
472 	 26 	 P0857__1__280___1000.png
473 	 13 	 P0857__1__280___1318.png
474 	 22 	 P0857__1__280___500.png
475 	 3 	 P0860__1__1800___0.png
476 	 7 	 P0860__1__1800___2000.png
477 	 3 	 P0860__1__1800___2023.png
478 	 5 	 P0860__1__1800___500.png
479 	 44 	 P0860__1__2700___0.png
480 	 1 	 P0860__1__2700___1000.png
481 	 44 	 P0860__1__2766___0.png
482 	 8 	 P0860__1__900___0.png
483 	 9 	 P0860__1__900___2000.png
484 	 2 	 P0860__1__900___2023.png
485 	 30 	 P0861__1__0___0.png
486 	 44 	 P0861__1__0___2000.png
487 	 12 	 P0861__1__0___2179.png
488 	 13 	 P0861__1__1178___0.png
489 	 19 	 P0861__1__1178___1000.png
490 	 26 	 P0861__1__1178___2179.png
491 	 11 	 P0861__1__1178___500.png
492 	 28 	 P0861__1__900___0.png
493 	 49 	 P0861__1__900___1000.png
494 	 35 	 P0861__1__900___2179.png
495 	 24 	 P0867__1__0___0.png
496 	 10 	 P0867__1__0___1000.png
497 	 9 	 P0867__1__0___1451.png
498 	 8 	 P0867__1__0___500.png
499 	 27 	 P0867__1__1800___1000.png
500 	 5 	 P0867__1__1800___500.png
501 	 27 	 P0867__1__1818___1000.png
502 	 5 	 P0867__1__1818___500.png
503 	 1 	 P0867__1__900___0.png
504 	 6 	 P0867__1__900___1451.png
505 	 6 	 P0868__1__0___0.png
506 	 13 	 P0868__1__0___1000.png
507 	 6 	 P0868__1__0___1500.png
508 	 1 	 P0868__1__0___1738.png
509 	 35 	 P0868__1__0___500.png
510 	 41 	 P0868__1__1800___1000.png
511 	 41 	 P0868__1__1800___1500.png
512 	 28 	 P0868__1__1800___1738.png
513 	 13 	 P0868__1__1800___500.png
514 	 30 	 P0868__1__2288___1000.png
515 	 23 	 P0868__1__2288___1500.png
516 	 15 	 P0868__1__2288___1738.png
517 	 3 	 P0868__1__2288___500.png
518 	 4 	 P0868__1__900___0.png
519 	 38 	 P0868__1__900___1000.png
520 	 37 	 P0868__1__900___1500.png
521 	 16 	 P0868__1__900___1738.png
522 	 43 	 P0871__1__0___0.png
523 	 17 	 P0871__1__0___1000.png
524 	 1 	 P0871__1__0___1500.png
525 	 19 	 P0871__1__1391___1000.png
526 	 40 	 P0871__1__1391___1500.png
527 	 1 	 P0871__1__1391___500.png
528 	 29 	 P0871__1__900___1000.png
529 	 23 	 P0871__1__900___500.png
530 	 42 	 P0872__1__0___0.png
531 	 32 	 P0872__1__1426___0.png
532 	 1 	 P0873__1__0___0.png
533 	 3 	 P0873__1__0___2500.png
534 	 3 	 P0873__1__0___2617.png
535 	 4 	 P0873__1__0___500.png
536 	 2 	 P0873__1__634___0.png
537 	 1 	 P0873__1__634___1000.png
538 	 3 	 P0873__1__634___1500.png
539 	 2 	 P0873__1__634___2000.png
540 	 2 	 P0873__1__634___2500.png
541 	 2 	 P0873__1__634___2617.png
542 	 1 	 P0873__1__634___500.png
543 	 45 	 P0874__1__0___1000.png
544 	 21 	 P0874__1__0___1500.png
545 	 3 	 P0874__1__0___1842.png
546 	 17 	 P0874__1__0___500.png
547 	 38 	 P0874__1__462___1000.png
548 	 32 	 P0874__1__462___1500.png
549 	 6 	 P0874__1__462___1842.png
550 	 16 	 P0874__1__462___500.png
551 	 33 	 P0875__1__0___0.png
552 	 37 	 P0875__1__1590___1000.png
553 	 26 	 P0875__1__1590___1147.png
554 	 32 	 P0875__1__1590___500.png
555 	 11 	 P0875__1__900___0.png
556 	 8 	 P0875__1__900___1000.png
557 	 2 	 P0875__1__900___1147.png
558 	 34 	 P0875__1__900___500.png
559 	 3 	 P0878__1__0___0.png
560 	 1 	 P0878__1__0___500.png
561 	 9 	 P0878__1__1800___1000.png
562 	 7 	 P0878__1__1800___1457.png
563 	 2 	 P0878__1__2700___1000.png
564 	 1 	 P0878__1__2700___1457.png
565 	 2 	 P0878__1__3600___1000.png
566 	 1 	 P0878__1__3899___1000.png
567 	 3 	 P0878__1__900___1000.png
568 	 3 	 P0878__1__900___500.png
569 	 2 	 P0885__1__0___0.png
570 	 1 	 P0885__1__0___1000.png
571 	 2 	 P0885__1__0___1500.png
572 	 2 	 P0885__1__0___1534.png
573 	 4 	 P0885__1__0___500.png
574 	 2 	 P0885__1__12___0.png
575 	 1 	 P0885__1__12___1000.png
576 	 2 	 P0885__1__12___1500.png
577 	 2 	 P0885__1__12___1534.png
578 	 4 	 P0885__1__12___500.png
579 	 17 	 P0888__1__0___0.png
580 	 14 	 P0888__1__0___500.png
581 	 6 	 P0888__1__0___759.png
582 	 7 	 P0888__1__1800___0.png
583 	 17 	 P0888__1__1800___500.png
584 	 11 	 P0888__1__1800___759.png
585 	 18 	 P0888__1__2700___0.png
586 	 36 	 P0888__1__2700___500.png
587 	 21 	 P0888__1__2700___759.png
588 	 23 	 P0888__1__3600___0.png
589 	 38 	 P0888__1__3600___500.png
590 	 19 	 P0888__1__3600___759.png
591 	 43 	 P0888__1__4500___0.png
592 	 50 	 P0888__1__4500___500.png
593 	 23 	 P0888__1__4500___759.png
594 	 24 	 P0888__1__5224___0.png
595 	 15 	 P0888__1__5224___500.png
596 	 4 	 P0888__1__5224___759.png
597 	 18 	 P0888__1__900___0.png
598 	 20 	 P0888__1__900___500.png
599 	 8 	 P0888__1__900___759.png
600 	 36 	 P0890__1__0___0.png
601 	 8 	 P0890__1__0___1000.png
602 	 4 	 P0890__1__0___1500.png
603 	 22 	 P0890__1__0___2000.png
604 	 21 	 P0890__1__0___2899.png
605 	 2 	 P0890__1__674___1500.png
606 	 31 	 P0890__1__674___2000.png
607 	 25 	 P0890__1__674___500.png
608 	 27 	 P0892__1__0___0.png
609 	 46 	 P0892__1__0___1500.png
610 	 33 	 P0892__1__0___1609.png
611 	 50 	 P0892__1__0___500.png
612 	 5 	 P0892__1__1334___0.png
613 	 44 	 P0892__1__1334___1000.png
614 	 5 	 P0892__1__900___0.png
615 	 14 	 P0892__1__900___1500.png
616 	 5 	 P0892__1__900___1609.png
617 	 13 	 P0893__1__0___0.png
618 	 44 	 P0893__1__0___1500.png
619 	 16 	 P0893__1__0___2000.png
620 	 30 	 P0893__1__0___2500.png
621 	 6 	 P0893__1__0___3000.png
622 	 9 	 P0893__1__0___3500.png
623 	 5 	 P0893__1__0___4000.png
624 	 24 	 P0893__1__691___1000.png
625 	 37 	 P0893__1__691___1500.png
626 	 20 	 P0893__1__691___2000.png
627 	 7 	 P0893__1__691___3000.png
628 	 26 	 P0893__1__691___3500.png
629 	 41 	 P0893__1__691___4000.png
630 	 34 	 P0893__1__691___4500.png
631 	 33 	 P0893__1__691___4513.png
632 	 23 	 P0894__1__0___1000.png
633 	 1 	 P0894__1__0___1383.png
634 	 1 	 P0894__1__1800___500.png
635 	 46 	 P0894__1__2497___1000.png
636 	 5 	 P0894__1__900___0.png
637 	 43 	 P0894__1__900___1000.png
638 	 5 	 P0894__1__900___1383.png
639 	 25 	 P0895__1__0___946.png
640 	 21 	 P0895__1__468___0.png
641 	 49 	 P0895__1__468___946.png
642 	 30 	 P0896__1__0___0.png
643 	 39 	 P0896__1__0___1000.png
644 	 25 	 P0896__1__0___500.png
645 	 32 	 P0896__1__1036___1000.png
646 	 33 	 P0896__1__1036___1500.png
647 	 25 	 P0896__1__1036___1838.png
648 	 7 	 P0896__1__1036___500.png
649 	 2 	 P0896__1__900___0.png
650 	 37 	 P0896__1__900___1000.png
651 	 48 	 P0896__1__900___1500.png
652 	 34 	 P0896__1__900___1838.png
653 	 11 	 P0896__1__900___500.png
654 	 35 	 P0898__1__0___0.png
655 	 14 	 P0898__1__0___1500.png
656 	 39 	 P0898__1__0___500.png
657 	 18 	 P0898__1__1749___0.png
658 	 26 	 P0898__1__1749___1000.png
659 	 23 	 P0898__1__1749___1500.png
660 	 4 	 P0898__1__1749___2000.png
661 	 11 	 P0898__1__1749___2500.png
662 	 29 	 P0898__1__1749___500.png
663 	 7 	 P0898__1__900___1000.png
664 	 1 	 P0899__1__0___1000.png
665 	 13 	 P0899__1__1151___0.png
666 	 33 	 P0899__1__1151___1000.png
667 	 19 	 P0899__1__1151___1323.png
668 	 36 	 P0899__1__1151___500.png
669 	 6 	 P0899__1__900___0.png
670 	 24 	 P0899__1__900___1000.png
671 	 18 	 P0899__1__900___1323.png
672 	 21 	 P0899__1__900___500.png
673 	 11 	 P0900__1__1072___1500.png
674 	 11 	 P0900__1__1072___1590.png
675 	 25 	 P0900__1__900___1500.png
676 	 22 	 P0900__1__900___1590.png
677 	 35 	 P0905__1__0___0.png
678 	 49 	 P0905__1__0___500.png
679 	 49 	 P0905__1__0___818.png
680 	 16 	 P0906__1__0___0.png
681 	 31 	 P0906__1__850___1291.png
682 	 7 	 P0907__1__0___500.png
683 	 6 	 P0907__1__670___500.png
684 	 2 	 P0907__1__670___991.png
685 	 22 	 P0915__1__497___0.png
686 	 47 	 P0920__1__0___1000.png
687 	 34 	 P0920__1__0___1301.png
688 	 45 	 P0920__1__0___500.png
689 	 22 	 P0920__1__319___500.png
690 	 4 	 P0934__1__0___500.png
691 	 4 	 P0934__1__0___560.png
692 	 5 	 P0934__1__1720___500.png
693 	 5 	 P0934__1__1720___560.png
694 	 2 	 P0934__1__900___500.png
695 	 2 	 P0934__1__900___560.png
696 	 9 	 P0938__1__0___0.png
697 	 22 	 P0938__1__0___500.png
698 	 22 	 P0938__1__0___544.png
699 	 13 	 P0938__1__676___0.png
700 	 21 	 P0938__1__676___500.png
701 	 21 	 P0938__1__676___544.png
702 	 9 	 P0940__1__0___0.png
703 	 13 	 P0940__1__0___500.png
704 	 9 	 P0940__1__0___794.png
705 	 7 	 P0940__1__382___0.png
706 	 18 	 P0940__1__382___500.png
707 	 14 	 P0940__1__382___794.png
708 	 11 	 P0941__1__0___0.png
709 	 11 	 P0941__1__0___264.png
710 	 11 	 P0941__1__1800___0.png
711 	 12 	 P0941__1__1800___264.png
712 	 10 	 P0941__1__2014___0.png
713 	 12 	 P0941__1__2014___264.png
714 	 2 	 P0941__1__900___0.png
715 	 2 	 P0941__1__900___264.png
716 	 7 	 P0944__1__0___0.png
717 	 4 	 P0944__1__0___258.png
718 	 10 	 P0944__1__1800___0.png
719 	 10 	 P0944__1__1800___258.png
720 	 9 	 P0944__1__2531___0.png
721 	 9 	 P0944__1__2531___258.png
722 	 11 	 P0944__1__900___0.png
723 	 10 	 P0944__1__900___258.png
724 	 3 	 P0948__1__0___0.png
725 	 3 	 P0948__1__0___500.png
726 	 4 	 P0948__1__900___500.png
727 	 3 	 P0948__1__900___845.png
728 	 2 	 P0960__1__0___0.png
729 	 1 	 P0960__1__573___0.png
730 	 1 	 P0960__1__573___1000.png
731 	 1 	 P0960__1__573___1320.png
732 	 4 	 P0963__1__0___0.png
733 	 4 	 P0963__1__0___266.png
734 	 1 	 P0963__1__900___0.png
735 	 1 	 P0963__1__900___266.png
736 	 1 	 P0967__1__1800___0.png
737 	 3 	 P0967__1__900___0.png
738 	 3 	 P0967__1__900___500.png
739 	 1 	 P0973__1__1800___839.png
740 	 1 	 P0973__1__2201___839.png
741 	 1 	 P0986__1__0___0.png
742 	 2 	 P0986__1__0___500.png
743 	 1 	 P0986__1__282___0.png
744 	 2 	 P0986__1__282___1000.png
745 	 2 	 P0986__1__282___1500.png
746 	 2 	 P0986__1__282___500.png
747 	 1 	 P0987__1__0___0.png
748 	 2 	 P0987__1__0___1000.png
749 	 2 	 P0987__1__0___1272.png
750 	 2 	 P0987__1__0___500.png
751 	 1 	 P0987__1__78___0.png
752 	 2 	 P0987__1__78___1000.png
753 	 2 	 P0987__1__78___1272.png
754 	 2 	 P0987__1__78___500.png
755 	 3 	 P1057__1__2700___1000.png
756 	 1 	 P1057__1__2700___1500.png
757 	 3 	 P1057__1__3152___1000.png
758 	 2 	 P1057__1__3152___1500.png
759 	 30 	 P1076__1__0___1000.png
760 	 14 	 P1076__1__0___1500.png
761 	 14 	 P1076__1__0___2000.png
762 	 14 	 P1076__1__0___2031.png
763 	 48 	 P1076__1__257___0.png
764 	 30 	 P1076__1__257___1000.png
765 	 13 	 P1076__1__257___1500.png
766 	 14 	 P1076__1__257___2000.png
767 	 14 	 P1076__1__257___2031.png
768 	 5 	 P1094__1__0___0.png
769 	 5 	 P1094__1__207___0.png
770 	 1 	 P1200__1__1800___0.png
771 	 2 	 P1200__1__1800___2500.png
772 	 1 	 P1200__1__1800___500.png
773 	 2 	 P1200__1__2700___3400.png
774 	 1 	 P1200__1__3600___1500.png
775 	 1 	 P1200__1__3600___3400.png
776 	 1 	 P1200__1__4200___1500.png
777 	 1 	 P1201__1__0___0.png
778 	 1 	 P1201__1__0___3000.png
779 	 1 	 P1201__1__0___3400.png
780 	 1 	 P1201__1__0___500.png
781 	 1 	 P1201__1__2700___3400.png
782 	 1 	 P1201__1__3000___3400.png
783 	 1 	 P1201__1__900___1000.png
784 	 1 	 P1201__1__900___1500.png
785 	 1 	 P1205__1__3000___0.png
786 	 1 	 P1207__1__2700___1000.png
787 	 1 	 P1207__1__2700___1500.png
788 	 1 	 P1207__1__3600___1000.png
789 	 1 	 P1207__1__3600___1500.png
790 	 1 	 P1207__1__4200___1000.png
791 	 1 	 P1207__1__4200___1500.png
792 	 1 	 P1208__1__0___0.png
793 	 9 	 P1208__1__0___1000.png
794 	 11 	 P1208__1__0___500.png
795 	 10 	 P1208__1__900___1000.png
796 	 2 	 P1208__1__900___1500.png
797 	 4 	 P1208__1__900___500.png
798 	 1 	 P1209__1__1800___3400.png
799 	 1 	 P1209__1__2700___1000.png
800 	 1 	 P1209__1__2700___3000.png
801 	 1 	 P1209__1__2700___3400.png
802 	 1 	 P1209__1__3000___1000.png
803 	 1 	 P1209__1__3000___3000.png
804 	 1 	 P1209__1__3000___3400.png
805 	 1 	 P1211__1__0___2000.png
806 	 1 	 P1211__1__0___2500.png
807 	 4 	 P1214__1__0___3000.png
808 	 1 	 P1216__1__2700___3400.png
809 	 1 	 P1216__1__3000___3400.png
810 	 1 	 P1217__1__1800___3000.png
811 	 1 	 P1217__1__1800___3400.png
812 	 1 	 P1221__1__0___500.png
813 	 1 	 P1222__1__1800___1000.png
814 	 1 	 P1222__1__1800___1500.png
815 	 1 	 P1222__1__2700___1000.png
816 	 1 	 P1222__1__2700___1500.png
817 	 2 	 P1223__1__2700___1000.png
818 	 1 	 P1223__1__2700___1500.png
819 	 2 	 P1223__1__3600___1000.png
820 	 1 	 P1223__1__3600___1500.png
821 	 1 	 P1224__1__0___0.png
822 	 1 	 P1224__1__0___1000.png
823 	 2 	 P1224__1__0___500.png
824 	 3 	 P1224__1__1800___0.png
825 	 2 	 P1224__1__1800___500.png
826 	 1 	 P1224__1__900___0.png
827 	 2 	 P1224__1__900___500.png
828 	 1 	 P1228__1__0___0.png
829 	 2 	 P1228__1__0___1000.png
830 	 1 	 P1228__1__0___1500.png
831 	 4 	 P1228__1__0___2500.png
832 	 3 	 P1228__1__0___3000.png
833 	 1 	 P1228__1__0___500.png
834 	 2 	 P1228__1__1800___3400.png
835 	 3 	 P1228__1__900___0.png
836 	 2 	 P1228__1__900___1000.png
837 	 5 	 P1228__1__900___1500.png
838 	 5 	 P1228__1__900___2000.png
839 	 5 	 P1228__1__900___2500.png
840 	 5 	 P1228__1__900___3000.png
841 	 3 	 P1228__1__900___3400.png
842 	 2 	 P1238__1__900___3400.png
843 	 2 	 P1239__1__2700___1500.png
844 	 1 	 P1239__1__900___2500.png
845 	 4 	 P1243__1__0___2000.png
846 	 7 	 P1243__1__0___2500.png
847 	 1 	 P1243__1__0___3000.png
848 	 4 	 P1243__1__1800___0.png
849 	 3 	 P1243__1__1800___1000.png
850 	 1 	 P1243__1__1800___2000.png
851 	 3 	 P1243__1__1800___500.png
852 	 2 	 P1243__1__2700___1000.png
853 	 5 	 P1243__1__2700___1500.png
854 	 1 	 P1243__1__2700___2000.png
855 	 2 	 P1243__1__2700___500.png
856 	 6 	 P1243__1__3000___1500.png
857 	 3 	 P1243__1__3000___2000.png
858 	 2 	 P1243__1__3000___500.png
859 	 4 	 P1243__1__900___0.png
860 	 2 	 P1243__1__900___2000.png
861 	 3 	 P1243__1__900___2500.png
862 	 4 	 P1243__1__900___3000.png
863 	 2 	 P1243__1__900___3400.png
864 	 1 	 P1243__1__900___500.png
865 	 5 	 P1245__1__0___2500.png
866 	 1 	 P1245__1__0___3000.png
867 	 5 	 P1245__1__900___2500.png
868 	 1 	 P1245__1__900___3000.png
869 	 1 	 P1247__1__0___3000.png
870 	 1 	 P1247__1__1800___3400.png
871 	 2 	 P1247__1__900___3400.png
872 	 1 	 P1250__1__1800___0.png
873 	 5 	 P1250__1__1800___1000.png
874 	 4 	 P1250__1__1800___500.png
875 	 1 	 P1250__1__2700___0.png
876 	 1 	 P1250__1__3000___0.png
877 	 8 	 P1250__1__900___0.png
878 	 3 	 P1250__1__900___1000.png
879 	 1 	 P1250__1__900___500.png
880 	 1 	 P1251__1__0___1000.png
881 	 1 	 P1251__1__0___1500.png
882 	 3 	 P1251__1__0___2500.png
883 	 3 	 P1251__1__1800___0.png
884 	 2 	 P1251__1__1800___500.png
885 	 4 	 P1251__1__2700___1000.png
886 	 1 	 P1251__1__2700___1500.png
887 	 1 	 P1251__1__2700___2000.png
888 	 2 	 P1251__1__2700___500.png
889 	 10 	 P1251__1__3600___1000.png
890 	 9 	 P1251__1__3600___1500.png
891 	 2 	 P1251__1__3600___2000.png
892 	 1 	 P1251__1__3600___2500.png
893 	 1 	 P1251__1__3600___3000.png
894 	 1 	 P1251__1__3600___500.png
895 	 4 	 P1251__1__4200___1000.png
896 	 4 	 P1251__1__4200___1500.png
897 	 2 	 P1251__1__4200___2000.png
898 	 1 	 P1251__1__4200___2500.png
899 	 2 	 P1251__1__4200___3000.png
900 	 1 	 P1251__1__900___0.png
901 	 3 	 P1255__1__0___2000.png
902 	 3 	 P1255__1__0___2500.png
903 	 1 	 P1255__1__2700___2000.png
904 	 3 	 P1255__1__3000___1000.png
905 	 1 	 P1255__1__3000___2000.png
906 	 1 	 P1255__1__900___2000.png
907 	 1 	 P1256__1__0___1500.png
908 	 1 	 P1256__1__1800___3400.png
909 	 1 	 P1256__1__2700___3400.png
910 	 1 	 P1256__1__3000___3400.png
911 	 1 	 P1256__1__900___3400.png
912 	 2 	 P1258__1__1800___3000.png
913 	 3 	 P1258__1__1800___3400.png
914 	 1 	 P1258__1__2700___3000.png
915 	 1 	 P1258__1__2700___3400.png
916 	 1 	 P1258__1__3600___0.png
917 	 1 	 P1258__1__3600___1000.png
918 	 1 	 P1258__1__3600___1500.png
919 	 2 	 P1258__1__3600___3000.png
920 	 1 	 P1258__1__3600___3400.png
921 	 1 	 P1258__1__3600___500.png
922 	 1 	 P1258__1__4200___1000.png
923 	 2 	 P1258__1__4200___1500.png
924 	 1 	 P1258__1__4200___3000.png
925 	 1 	 P1258__1__4200___500.png
926 	 1 	 P1258__1__900___3000.png
927 	 1 	 P1258__1__900___3400.png
928 	 1 	 P1259__1__0___3400.png
929 	 1 	 P1259__1__2700___3400.png
930 	 3 	 P1259__1__3000___3400.png
931 	 2 	 P1260__1__0___3000.png
932 	 5 	 P1260__1__0___3400.png
933 	 1 	 P1260__1__1800___2500.png
934 	 1 	 P1260__1__1800___3000.png
935 	 1 	 P1260__1__900___0.png
936 	 3 	 P1260__1__900___3000.png
937 	 3 	 P1260__1__900___3400.png
938 	 1 	 P1265__1__0___0.png
939 	 1 	 P1265__1__0___500.png
940 	 1 	 P1265__1__1800___0.png
941 	 1 	 P1265__1__900___0.png
942 	 1 	 P1267__1__0___3000.png
943 	 1 	 P1267__1__0___3020.png
944 	 2 	 P1267__1__1800___0.png
945 	 1 	 P1267__1__1800___1000.png
946 	 1 	 P1267__1__1800___1500.png
947 	 2 	 P1267__1__1800___2500.png
948 	 1 	 P1267__1__1800___500.png
949 	 2 	 P1267__1__2700___0.png
950 	 2 	 P1267__1__2700___1000.png
951 	 3 	 P1267__1__2700___1500.png
952 	 4 	 P1267__1__2700___2000.png
953 	 1 	 P1267__1__3000___0.png
954 	 2 	 P1267__1__3000___1000.png
955 	 3 	 P1267__1__3000___1500.png
956 	 3 	 P1267__1__3000___2000.png
957 	 1 	 P1267__1__900___0.png
958 	 1 	 P1267__1__900___2500.png
959 	 1 	 P1267__1__900___500.png
960 	 1 	 P1272__1__0___3000.png
961 	 1 	 P1272__1__0___3400.png
962 	 1 	 P1272__1__1800___0.png
963 	 1 	 P1272__1__1800___2500.png
964 	 1 	 P1272__1__1800___3000.png
965 	 2 	 P1272__1__1800___500.png
966 	 1 	 P1272__1__900___0.png
967 	 1 	 P1272__1__900___2500.png
968 	 2 	 P1272__1__900___3000.png
969 	 1 	 P1272__1__900___3400.png
970 	 1 	 P1272__1__900___500.png
971 	 1 	 P1274__1__0___1000.png
972 	 1 	 P1274__1__0___500.png
973 	 1 	 P1274__1__2700___0.png
974 	 2 	 P1274__1__2700___2000.png
975 	 1 	 P1274__1__2700___3400.png
976 	 3 	 P1274__1__3000___1500.png
977 	 2 	 P1274__1__3000___2000.png
978 	 1 	 P1274__1__3000___2500.png
979 	 1 	 P1274__1__3000___3000.png
980 	 1 	 P1274__1__3000___3400.png
981 	 2 	 P1276__1__900___1500.png
982 	 1 	 P1277__1__1800___2500.png
983 	 2 	 P1277__1__1800___3000.png
984 	 2 	 P1277__1__1800___3400.png
985 	 2 	 P1277__1__900___2500.png
986 	 13 	 P1277__1__900___3000.png
987 	 1 	 P1279__1__1800___3000.png
988 	 1 	 P1279__1__2700___3000.png
989 	 10 	 P1281__1__0___2000.png
990 	 2 	 P1281__1__0___2500.png
991 	 5 	 P1281__1__1800___2000.png
992 	 2 	 P1281__1__2700___1000.png
993 	 1 	 P1281__1__2700___1500.png
994 	 11 	 P1281__1__2700___2000.png
995 	 3 	 P1281__1__2700___2500.png
996 	 3 	 P1281__1__3000___1000.png
997 	 2 	 P1281__1__3000___1500.png
998 	 3 	 P1281__1__3000___2000.png
999 	 3 	 P1281__1__3000___2500.png
1000 	 3 	 P1281__1__900___2000.png
1001 	 1 	 P1287__1__0___1500.png
1002 	 1 	 P1287__1__0___2000.png
1003 	 1 	 P1287__1__1800___3400.png
1004 	 1 	 P1287__1__2700___1500.png
1005 	 1 	 P1287__1__2700___3000.png
1006 	 1 	 P1287__1__3600___1000.png
1007 	 1 	 P1287__1__3600___1500.png
1008 	 1 	 P1287__1__3600___2000.png
1009 	 1 	 P1288__1__0___0.png
1010 	 1 	 P1288__1__0___500.png
1011 	 1 	 P1288__1__1800___1000.png
1012 	 1 	 P1288__1__1800___1500.png
1013 	 3 	 P1288__1__2700___1000.png
1014 	 1 	 P1288__1__2700___1500.png
1015 	 3 	 P1288__1__3000___1000.png
1016 	 1 	 P1288__1__900___2000.png
1017 	 1 	 P1291__1__0___0.png
1018 	 1 	 P1292__1__0___3400.png
1019 	 1 	 P1292__1__2700___2500.png
1020 	 1 	 P1292__1__3000___2500.png
1021 	 2 	 P1295__1__1800___3000.png
1022 	 1 	 P1295__1__2700___1000.png
1023 	 1 	 P1295__1__3600___2500.png
1024 	 1 	 P1295__1__900___3000.png
1025 	 1 	 P1295__1__900___3400.png
1026 	 1 	 P1297__1__2700___1500.png
1027 	 1 	 P1297__1__2700___2000.png
1028 	 1 	 P1297__1__3000___1500.png
1029 	 1 	 P1298__1__0___1000.png
1030 	 1 	 P1298__1__900___1000.png
1031 	 4 	 P1308__1__0___1000.png
1032 	 12 	 P1308__1__0___1500.png
1033 	 1 	 P1308__1__0___2000.png
1034 	 2 	 P1308__1__0___2500.png
1035 	 2 	 P1308__1__1800___500.png
1036 	 1 	 P1308__1__3600___3400.png
1037 	 2 	 P1308__1__4200___3000.png
1038 	 2 	 P1308__1__4200___3400.png
1039 	 11 	 P1308__1__900___1000.png
1040 	 11 	 P1308__1__900___1500.png
1041 	 2 	 P1308__1__900___2500.png
1042 	 2 	 P1308__1__900___3000.png
1043 	 2 	 P1308__1__900___3400.png
1044 	 4 	 P1308__1__900___500.png
1045 	 2 	 P1309__1__1800___500.png
1046 	 2 	 P1309__1__2700___1000.png
1047 	 1 	 P1309__1__2700___500.png
1048 	 2 	 P1309__1__3000___1000.png
1049 	 1 	 P1309__1__3000___500.png
1050 	 1 	 P1311__1__2700___3000.png
1051 	 1 	 P1311__1__2700___3020.png
1052 	 1 	 P1311__1__3000___3000.png
1053 	 1 	 P1311__1__3000___3020.png
1054 	 1 	 P1319__1__1800___1500.png
1055 	 1 	 P1321__1__1800___0.png
1056 	 1 	 P1321__1__1800___500.png
1057 	 1 	 P1321__1__2700___3000.png
1058 	 2 	 P1322__1__1800___2000.png
1059 	 1 	 P1322__1__3600___3400.png
1060 	 1 	 P1322__1__4200___3400.png
1061 	 3 	 P1325__1__1800___2500.png
1062 	 3 	 P1328__1__2700___1000.png
1063 	 1 	 P1328__1__2700___1500.png
1064 	 3 	 P1328__1__3000___1000.png
1065 	 1 	 P1328__1__3000___1500.png
1066 	 2 	 P1329__1__900___3000.png
1067 	 2 	 P1333__1__2700___1000.png
1068 	 2 	 P1333__1__2700___1500.png
1069 	 1 	 P1333__1__2700___500.png
1070 	 2 	 P1333__1__3000___1000.png
1071 	 2 	 P1333__1__3000___1500.png
1072 	 1 	 P1333__1__3000___500.png
1073 	 2 	 P1340__1__1800___1000.png
1074 	 1 	 P1340__1__1800___3000.png
1075 	 3 	 P1340__1__1800___3400.png
1076 	 2 	 P1340__1__1800___500.png
1077 	 1 	 P1340__1__900___3000.png
1078 	 1 	 P1340__1__900___3400.png
1079 	 1 	 P1344__1__2700___3000.png
1080 	 2 	 P1344__1__2700___3400.png
1081 	 2 	 P1344__1__3600___2000.png
1082 	 8 	 P1344__1__3600___2500.png
1083 	 2 	 P1344__1__3600___3000.png
1084 	 3 	 P1344__1__4200___2000.png
1085 	 7 	 P1344__1__4200___2500.png
1086 	 8 	 P1350__1__0___2000.png
1087 	 2 	 P1350__1__0___2500.png
1088 	 9 	 P1350__1__0___3000.png
1089 	 2 	 P1350__1__0___3400.png
1090 	 5 	 P1350__1__1800___2500.png
1091 	 3 	 P1350__1__1800___3000.png
1092 	 6 	 P1350__1__2700___3000.png
1093 	 5 	 P1350__1__3000___3000.png
1094 	 1 	 P1350__1__900___2500.png
1095 	 2 	 P1350__1__900___3000.png
1096 	 1 	 P1351__1__0___0.png
1097 	 1 	 P1351__1__0___2000.png
1098 	 9 	 P1351__1__0___2500.png
1099 	 4 	 P1351__1__0___3000.png
1100 	 1 	 P1351__1__1800___0.png
1101 	 3 	 P1351__1__1800___1000.png
1102 	 8 	 P1351__1__1800___500.png
1103 	 7 	 P1351__1__2700___0.png
1104 	 16 	 P1351__1__2700___500.png
1105 	 1 	 P1351__1__3600___500.png
1106 	 12 	 P1351__1__900___1000.png
1107 	 7 	 P1351__1__900___1500.png
1108 	 4 	 P1351__1__900___2000.png
1109 	 1 	 P1352__1__0___2000.png
1110 	 1 	 P1352__1__1800___1500.png
1111 	 1 	 P1352__1__2700___1500.png
1112 	 1 	 P1352__1__900___1500.png
1113 	 2 	 P1353__1__0___1500.png
1114 	 2 	 P1353__1__1800___2000.png
1115 	 2 	 P1353__1__1800___2500.png
1116 	 1 	 P1353__1__2700___1500.png
1117 	 6 	 P1353__1__2700___2000.png
1118 	 5 	 P1353__1__2700___2500.png
1119 	 5 	 P1353__1__3000___2000.png
1120 	 5 	 P1353__1__3000___2500.png
1121 	 2 	 P1353__1__900___2000.png
1122 	 2 	 P1353__1__900___2500.png
1123 	 3 	 P1354__1__0___0.png
1124 	 2 	 P1354__1__0___1500.png
1125 	 2 	 P1354__1__0___500.png
1126 	 2 	 P1354__1__1800___1500.png
1127 	 5 	 P1354__1__1800___2000.png
1128 	 2 	 P1354__1__2700___0.png
1129 	 41 	 P1354__1__2700___1000.png
1130 	 15 	 P1354__1__2700___1500.png
1131 	 1 	 P1354__1__2700___2000.png
1132 	 6 	 P1354__1__2700___500.png
1133 	 2 	 P1354__1__3000___0.png
1134 	 41 	 P1354__1__3000___1000.png
1135 	 15 	 P1354__1__3000___1500.png
1136 	 1 	 P1354__1__3000___2000.png
1137 	 6 	 P1354__1__3000___500.png
1138 	 2 	 P1354__1__900___1500.png
1139 	 1 	 P1354__1__900___2000.png
1140 	 2 	 P1354__1__900___500.png
1141 	 3 	 P1357__1__1800___0.png
1142 	 1 	 P1357__1__1800___1000.png
1143 	 2 	 P1357__1__1800___500.png
1144 	 1 	 P1357__1__2700___1000.png
1145 	 15 	 P1358__1__0___1000.png
1146 	 1 	 P1358__1__0___1500.png
1147 	 1 	 P1358__1__0___500.png
1148 	 4 	 P1366__1__0___2000.png
1149 	 2 	 P1366__1__1800___2000.png
1150 	 9 	 P1366__1__1800___2500.png
1151 	 3 	 P1366__1__2700___1000.png
1152 	 5 	 P1366__1__2700___1500.png
1153 	 5 	 P1366__1__2700___2000.png
1154 	 10 	 P1366__1__3600___1000.png
1155 	 1 	 P1366__1__4200___2000.png
1156 	 16 	 P1382__1__1800___4000.png
1157 	 47 	 P1382__1__1800___5500.png
1158 	 42 	 P1382__1__1800___6000.png
1159 	 16 	 P1382__1__2700___4500.png
1160 	 49 	 P1382__1__2700___6000.png
1161 	 1 	 P1382__1__2700___6500.png
1162 	 8 	 P1382__1__3600___5500.png
1163 	 8 	 P1382__1__3817___5500.png
1164 	 2 	 P1382__1__900___4000.png
1165 	 11 	 P1382__1__900___4500.png
1166 	 1 	 P1382__1__900___5000.png
1167 	 15 	 P1387__1__0___1500.png
1168 	 37 	 P1387__1__0___500.png
1169 	 25 	 P1387__1__1800___1000.png
1170 	 2 	 P1387__1__2700___1000.png
1171 	 3 	 P1387__1__2700___3000.png
1172 	 1 	 P1387__1__3600___1500.png
1173 	 27 	 P1387__1__3600___2000.png
1174 	 34 	 P1387__1__3600___3000.png
1175 	 1 	 P1387__1__4500___1500.png
1176 	 20 	 P1387__1__4500___2000.png
1177 	 34 	 P1387__1__4500___3500.png
1178 	 26 	 P1387__1__4500___3630.png
1179 	 47 	 P1387__1__5400___3500.png
1180 	 35 	 P1387__1__5400___3630.png
1181 	 5 	 P1387__1__5661___2000.png
1182 	 42 	 P1387__1__5661___3000.png
1183 	 2 	 P1387__1__5661___3500.png
1184 	 2 	 P1387__1__5661___3630.png
1185 	 47 	 P1387__1__900___2000.png
1186 	 17 	 P1388__1__0___0.png
1187 	 35 	 P1388__1__0___2000.png
1188 	 42 	 P1388__1__0___2500.png
1189 	 16 	 P1388__1__0___3000.png
1190 	 7 	 P1388__1__0___3500.png
1191 	 8 	 P1388__1__0___4000.png
1192 	 1 	 P1388__1__1800___0.png
1193 	 1 	 P1388__1__1800___1000.png
1194 	 2 	 P1388__1__1800___1500.png
1195 	 1 	 P1388__1__1800___2000.png
1196 	 24 	 P1388__1__1800___4000.png
1197 	 1 	 P1388__1__1800___4500.png
1198 	 1 	 P1388__1__1800___500.png
1199 	 1 	 P1388__1__2700___0.png
1200 	 1 	 P1388__1__2700___1500.png
1201 	 1 	 P1388__1__2700___2500.png
1202 	 10 	 P1388__1__2700___3000.png
1203 	 1 	 P1388__1__3216___1000.png
1204 	 2 	 P1388__1__3216___1500.png
1205 	 1 	 P1388__1__3216___2000.png
1206 	 2 	 P1388__1__3216___2500.png
1207 	 1 	 P1388__1__3216___3000.png
1208 	 38 	 P1388__1__3216___3500.png
1209 	 25 	 P1388__1__3216___4500.png
1210 	 4 	 P1388__1__3216___4733.png
1211 	 23 	 P1388__1__900___3500.png
1212 	 50 	 P1388__1__900___4000.png
1213 	 6 	 P1388__1__900___500.png
1214 	 6 	 P1389__1__0___0.png
1215 	 1 	 P1389__1__0___1000.png
1216 	 2 	 P1389__1__0___1500.png
1217 	 1 	 P1389__1__0___2000.png
1218 	 5 	 P1389__1__0___500.png
1219 	 3 	 P1389__1__1800___0.png
1220 	 2 	 P1389__1__2700___2000.png
1221 	 2 	 P1389__1__2700___4000.png
1222 	 10 	 P1389__1__2700___4500.png
1223 	 20 	 P1389__1__3600___2000.png
1224 	 17 	 P1389__1__3600___2500.png
1225 	 11 	 P1389__1__3600___3000.png
1226 	 22 	 P1389__1__3600___3500.png
1227 	 21 	 P1389__1__3600___4000.png
1228 	 11 	 P1389__1__3600___4500.png
1229 	 1 	 P1389__1__4500___0.png
1230 	 1 	 P1389__1__4500___1000.png
1231 	 1 	 P1389__1__4500___1500.png
1232 	 3 	 P1389__1__4500___2000.png
1233 	 19 	 P1389__1__4500___2500.png
1234 	 10 	 P1389__1__4500___3000.png
1235 	 1 	 P1389__1__5008___1000.png
1236 	 1 	 P1389__1__5008___1500.png
1237 	 1 	 P1389__1__5008___2500.png
1238 	 28 	 P1389__1__900___0.png
1239 	 7 	 P1389__1__900___1000.png
1240 	 7 	 P1389__1__900___1500.png
1241 	 1 	 P1389__1__900___2000.png
1242 	 19 	 P1389__1__900___500.png
1243 	 9 	 P1420__1__0___0.png
1244 	 5 	 P1420__1__0___500.png
1245 	 5 	 P1420__1__0___560.png
1246 	 13 	 P1420__1__1001___0.png
1247 	 2 	 P1420__1__1001___500.png
1248 	 15 	 P1420__1__900___0.png
1249 	 2 	 P1420__1__900___500.png
1250 	 7 	 P1426__1__0___1000.png
1251 	 1 	 P1426__1__0___4500.png
1252 	 1 	 P1426__1__0___4816.png
1253 	 2 	 P1426__1__0___500.png
1254 	 5 	 P1426__1__1800___1000.png
1255 	 1 	 P1426__1__1800___2500.png
1256 	 2 	 P1426__1__1800___3000.png
1257 	 2 	 P1426__1__1800___3500.png
1258 	 1 	 P1426__1__1800___4000.png
1259 	 3 	 P1426__1__2700___1000.png
1260 	 2 	 P1426__1__2700___3000.png
1261 	 1 	 P1426__1__3600___1000.png
1262 	 3 	 P1426__1__4500___1000.png
1263 	 5 	 P1426__1__4500___2500.png
1264 	 5 	 P1426__1__4500___3000.png
1265 	 1 	 P1426__1__6300___0.png
1266 	 5 	 P1426__1__6300___1000.png
1267 	 6 	 P1426__1__6300___1500.png
1268 	 1 	 P1426__1__6905___0.png
1269 	 7 	 P1426__1__6905___1000.png
1270 	 8 	 P1426__1__6905___1500.png
1271 	 6 	 P1426__1__900___1000.png
1272 	 3 	 P1426__1__900___2500.png
1273 	 1 	 P1426__1__900___3000.png
1274 	 2 	 P1426__1__900___4000.png
1275 	 1 	 P1426__1__900___4500.png
1276 	 1 	 P1427__1__1800___0.png
1277 	 3 	 P1427__1__1800___1000.png
1278 	 3 	 P1427__1__1800___1500.png
1279 	 4 	 P1427__1__1800___2000.png
1280 	 1 	 P1427__1__1800___2500.png
1281 	 2 	 P1427__1__1800___500.png
1282 	 3 	 P1427__1__2700___0.png
1283 	 1 	 P1427__1__2700___1000.png
1284 	 1 	 P1427__1__2700___2000.png
1285 	 2 	 P1427__1__2700___2500.png
1286 	 1 	 P1427__1__2700___3000.png
1287 	 1 	 P1427__1__2700___500.png
1288 	 1 	 P1427__1__3600___1000.png
1289 	 1 	 P1427__1__3600___1500.png
1290 	 1 	 P1427__1__3600___2000.png
1291 	 2 	 P1427__1__3600___3500.png
1292 	 3 	 P1427__1__3600___4000.png
1293 	 1 	 P1427__1__3600___4500.png
1294 	 1 	 P1427__1__3600___500.png
1295 	 2 	 P1427__1__4500___1500.png
1296 	 1 	 P1427__1__4500___4000.png
1297 	 5 	 P1427__1__5400___1500.png
1298 	 2 	 P1427__1__5400___2000.png
1299 	 1 	 P1427__1__5400___2500.png
1300 	 1 	 P1427__1__5400___3000.png
1301 	 1 	 P1427__1__5400___4000.png
1302 	 1 	 P1427__1__5400___4500.png
1303 	 4 	 P1427__1__6300___1500.png
1304 	 7 	 P1427__1__6300___2000.png
1305 	 1 	 P1427__1__6300___2500.png
1306 	 4 	 P1427__1__6300___3000.png
1307 	 2 	 P1427__1__6300___3500.png
1308 	 2 	 P1427__1__6300___4000.png
1309 	 2 	 P1427__1__6300___4500.png
1310 	 3 	 P1427__1__6906___1500.png
1311 	 7 	 P1427__1__6906___2000.png
1312 	 5 	 P1427__1__6906___3000.png
1313 	 2 	 P1427__1__6906___3500.png
1314 	 1 	 P1427__1__6906___4000.png
1315 	 3 	 P1427__1__6906___4500.png
1316 	 1 	 P1427__1__6906___4816.png
1317 	 2 	 P1427__1__900___0.png
1318 	 3 	 P1427__1__900___1000.png
1319 	 7 	 P1427__1__900___1500.png
1320 	 2 	 P1427__1__900___2000.png
1321 	 2 	 P1427__1__900___500.png
1322 	 5 	 P1428__1__0___1000.png
1323 	 7 	 P1428__1__0___500.png
1324 	 5 	 P1428__1__1800___2000.png
1325 	 6 	 P1428__1__1800___2200.png
1326 	 6 	 P1428__1__2165___2000.png
1327 	 6 	 P1428__1__2165___2200.png
1328 	 2 	 P1428__1__900___1000.png
1329 	 7 	 P1428__1__900___1500.png
1330 	 3 	 P1428__1__900___2000.png
1331 	 1 	 P1431__1__0___0.png
1332 	 9 	 P1431__1__0___1000.png
1333 	 9 	 P1431__1__0___1500.png
1334 	 1 	 P1431__1__0___1975.png
1335 	 4 	 P1431__1__0___500.png
1336 	 1 	 P1431__1__1800___1000.png
1337 	 4 	 P1431__1__1800___1500.png
1338 	 3 	 P1431__1__1800___1975.png
1339 	 3 	 P1431__1__2700___0.png
1340 	 1 	 P1431__1__2700___1000.png
1341 	 2 	 P1431__1__2700___1500.png
1342 	 1 	 P1431__1__2700___1975.png
1343 	 3 	 P1431__1__2964___0.png
1344 	 2 	 P1431__1__2964___1000.png
1345 	 1 	 P1431__1__2964___1500.png
1346 	 1 	 P1431__1__2964___1975.png
1347 	 1 	 P1431__1__2964___500.png
1348 	 6 	 P1431__1__900___0.png
1349 	 3 	 P1431__1__900___1000.png
1350 	 9 	 P1431__1__900___1500.png
1351 	 11 	 P1431__1__900___1975.png
1352 	 7 	 P1431__1__900___500.png
1353 	 1 	 P1539__1__0___3000.png
1354 	 2 	 P1587__1__1800___2500.png
1355 	 1 	 P1587__1__1800___3000.png
1356 	 1 	 P1591__1__0___1000.png
1357 	 4 	 P1591__1__0___2500.png
1358 	 6 	 P1591__1__0___3000.png
1359 	 2 	 P1591__1__0___3400.png
1360 	 1 	 P1591__1__1800___500.png
1361 	 1 	 P1591__1__900___1000.png
1362 	 2 	 P1591__1__900___1500.png
1363 	 3 	 P1591__1__900___2000.png
1364 	 10 	 P1591__1__900___2500.png
1365 	 7 	 P1591__1__900___3000.png
1366 	 4 	 P1591__1__900___3400.png
1367 	 11 	 P1594__1__2700___0.png
1368 	 7 	 P1594__1__2700___500.png
1369 	 23 	 P1594__1__3000___0.png
1370 	 3 	 P1594__1__3000___1000.png
1371 	 13 	 P1594__1__3000___500.png
1372 	 1 	 P1662__1__2700___2000.png
1373 	 1 	 P1662__1__3000___2000.png
1374 	 1 	 P1662__1__900___500.png
1375 	 1 	 P1739__1__900___2000.png
1376 	 1 	 P1741__1__0___500.png
1377 	 1 	 P1746__1__0___1000.png
1378 	 1 	 P1746__1__0___1500.png
1379 	 1 	 P1746__1__0___2000.png
1380 	 3 	 P1746__1__1800___2000.png
1381 	 1 	 P1746__1__900___1000.png
1382 	 1 	 P1746__1__900___1500.png
1383 	 1 	 P1746__1__900___2000.png
1384 	 3 	 P1845__1__1800___2887.png
1385 	 1 	 P1845__1__900___2887.png
1386 	 11 	 P1866__1__0___1000.png
1387 	 17 	 P1866__1__0___1500.png
1388 	 10 	 P1866__1__0___2000.png
1389 	 8 	 P1866__1__0___2500.png
1390 	 5 	 P1866__1__0___2920.png
1391 	 3 	 P1866__1__1719___0.png
1392 	 41 	 P1866__1__1719___1000.png
1393 	 26 	 P1866__1__1719___1500.png
1394 	 25 	 P1866__1__1719___2000.png
1395 	 17 	 P1866__1__1719___2500.png
1396 	 13 	 P1866__1__1719___2920.png
1397 	 4 	 P1866__1__900___0.png
1398 	 31 	 P1866__1__900___2920.png
1399 	 25 	 P1866__1__900___500.png
1400 	 16 	 P1930__1__0___0.png
1401 	 25 	 P1930__1__300___0.png
1402 	 2 	 P2026__1__0___0.png
1403 	 2 	 P2026__1__0___500.png
1404 	 1 	 P2158__1__0___0.png
1405 	 35 	 P2158__1__0___1165.png
1406 	 25 	 P2158__1__492___1165.png
1407 	 12 	 P2159__1__0___0.png
1408 	 6 	 P2159__1__0___488.png
1409 	 23 	 P2160__1__0___0.png
1410 	 16 	 P2160__1__0___500.png
1411 	 11 	 P2160__1__513___0.png
1412 	 6 	 P2160__1__513___500.png
1413 	 21 	 P2250__1__0___1000.png
1414 	 19 	 P2250__1__0___1057.png
1415 	 7 	 P2250__1__0___500.png
1416 	 31 	 P2250__1__2065___1000.png
1417 	 27 	 P2250__1__2065___1057.png
1418 	 41 	 P2250__1__900___0.png
1419 	 1 	 P2259__1__0___0.png
1420 	 1 	 P2259__1__280___0.png
1421 	 8 	 P2260__1__527___0.png
1422 	 1 	 P2280__1__0___2000.png
1423 	 5 	 P2280__1__0___2500.png
1424 	 5 	 P2280__1__0___3000.png
1425 	 1 	 P2280__1__0___3500.png
1426 	 1 	 P2280__1__0___4000.png
1427 	 4 	 P2280__1__1800___0.png
1428 	 3 	 P2280__1__1800___1000.png
1429 	 8 	 P2280__1__1800___1500.png
1430 	 5 	 P2280__1__1800___2000.png
1431 	 3 	 P2280__1__1800___2500.png
1432 	 2 	 P2280__1__1800___3000.png
1433 	 3 	 P2280__1__1800___4000.png
1434 	 1 	 P2280__1__1800___500.png
1435 	 2 	 P2280__1__2700___0.png
1436 	 1 	 P2280__1__2700___1000.png
1437 	 1 	 P2280__1__2700___1500.png
1438 	 1 	 P2280__1__2700___2000.png
1439 	 1 	 P2280__1__2700___2500.png
1440 	 1 	 P2280__1__2700___3000.png
1441 	 2 	 P2280__1__2700___500.png
1442 	 1 	 P2280__1__3103___0.png
1443 	 1 	 P2280__1__3103___1000.png
1444 	 1 	 P2280__1__3103___1500.png
1445 	 2 	 P2280__1__3103___500.png
1446 	 1 	 P2280__1__900___0.png
1447 	 5 	 P2280__1__900___1000.png
1448 	 6 	 P2280__1__900___1500.png
1449 	 5 	 P2280__1__900___2000.png
1450 	 4 	 P2280__1__900___2500.png
1451 	 7 	 P2280__1__900___3000.png
1452 	 5 	 P2280__1__900___3500.png
1453 	 6 	 P2280__1__900___4000.png
1454 	 3 	 P2281__1__1800___1000.png
1455 	 1 	 P2281__1__1800___2500.png
1456 	 1 	 P2281__1__1800___500.png
1457 	 39 	 P2282__1__0___1500.png
1458 	 21 	 P2282__1__0___2000.png
1459 	 6 	 P2282__1__0___2493.png
1460 	 5 	 P2282__1__1800___1000.png
1461 	 9 	 P2282__1__1800___1500.png
1462 	 1 	 P2282__1__1800___2000.png
1463 	 1 	 P2282__1__2076___1000.png
1464 	 30 	 P2282__1__900___1000.png
1465 	 31 	 P2282__1__900___2000.png
1466 	 5 	 P2282__1__900___2493.png
1467 	 29 	 P2283__1__1307___1000.png
1468 	 24 	 P2283__1__1307___500.png
1469 	 35 	 P2283__1__900___1000.png
1470 	 30 	 P2283__1__900___500.png
1471 	 4 	 P2289__1__0___0.png
1472 	 7 	 P2301__1__0___0.png
1473 	 7 	 P2301__1__0___221.png
1474 	 19 	 P2302__1__0___0.png
1475 	 5 	 P2303__1__0___0.png
1476 	 11 	 P2304__1__0___0.png
1477 	 18 	 P2305__1__0___0.png
1478 	 9 	 P2306__1__0___0.png
1479 	 1 	 P2309__1__0___0.png
1480 	 23 	 P2311__1__0___0.png
1481 	 15 	 P2311__1__0___221.png
1482 	 12 	 P2313__1__0___0.png
1483 	 1 	 P2319__1__0___0.png
1484 	 14 	 P2321__1__0___0.png
1485 	 3 	 P2324__1__0___0.png
1486 	 4 	 P2324__1__0___237.png
1487 	 2 	 P2326__1__0___0.png
1488 	 2 	 P2327__1__0___0.png
1489 	 3 	 P2327__1__0___221.png
1490 	 4 	 P2328__1__0___0.png
1491 	 2 	 P2328__1__0___221.png
1492 	 6 	 P2401__1__0___1500.png
1493 	 9 	 P2401__1__0___1597.png
1494 	 7 	 P2401__1__557___1500.png
1495 	 7 	 P2401__1__557___1597.png
1496 	 1 	 P2403__1__1133___0.png
1497 	 1 	 P2403__1__900___0.png
1498 	 2 	 P2584__1__0___1500.png
1499 	 4 	 P2584__1__0___2000.png
1500 	 2 	 P2584__1__0___2251.png
1501 	 1 	 P2584__1__1090___2000.png
1502 	 1 	 P2584__1__1090___2251.png
1503 	 2 	 P2584__1__900___2000.png
1504 	 2 	 P2584__1__900___2251.png
1505 	 2 	 P2601__1__0___1000.png
1506 	 4 	 P2601__1__0___1500.png
1507 	 42 	 P2601__1__0___2000.png
1508 	 9 	 P2601__1__0___2500.png
1509 	 2 	 P2601__1__1800___1000.png
1510 	 1 	 P2601__1__1800___1500.png
1511 	 14 	 P2601__1__1800___2500.png
1512 	 9 	 P2601__1__1800___2969.png
1513 	 2 	 P2601__1__1940___1000.png
1514 	 4 	 P2601__1__1940___2500.png
1515 	 2 	 P2601__1__1940___2969.png
1516 	 33 	 P2601__1__900___1000.png
1517 	 26 	 P2601__1__900___1500.png
1518 	 46 	 P2601__1__900___2000.png
1519 	 19 	 P2601__1__900___2969.png
1520 	 2 	 P2601__1__900___500.png
1521 	 1 	 P2606__1__792___2000.png
1522 	 1 	 P2606__1__792___2054.png
1523 	 1 	 P2641__1__3600___1000.png
1524 	 3 	 P2641__1__3600___500.png
1525 	 1 	 P2641__1__3600___5000.png
1526 	 1 	 P2641__1__3600___5025.png
1527 	 5 	 P2641__1__4500___0.png
1528 	 2 	 P2641__1__4500___1000.png
1529 	 1 	 P2641__1__4500___1500.png
1530 	 1 	 P2641__1__4500___2000.png
1531 	 1 	 P2641__1__4500___2500.png
1532 	 6 	 P2641__1__4500___500.png
1533 	 1 	 P2641__1__4500___5000.png
1534 	 1 	 P2641__1__4500___5025.png
1535 	 3 	 P2641__1__5400___0.png
1536 	 1 	 P2641__1__5400___500.png
1537 	 1 	 P2641__1__6300___2000.png
1538 	 1 	 P2641__1__6300___2500.png
1539 	 1 	 P2641__1__6574___2000.png
1540 	 1 	 P2641__1__6574___2500.png
1541 	 5 	 P2642__1__1800___3500.png
1542 	 5 	 P2642__1__1800___4000.png
1543 	 3 	 P2642__1__2700___3000.png
1544 	 6 	 P2642__1__2700___3500.png
1545 	 3 	 P2642__1__2700___4000.png
1546 	 3 	 P2642__1__2700___4500.png
1547 	 4 	 P2642__1__2700___4951.png
1548 	 1 	 P2642__1__3600___0.png
1549 	 1 	 P2642__1__3600___2500.png
1550 	 6 	 P2642__1__3600___3000.png
1551 	 3 	 P2642__1__3600___3500.png
1552 	 3 	 P2642__1__3600___4000.png
1553 	 11 	 P2642__1__3600___4500.png
1554 	 7 	 P2642__1__3600___4951.png
1555 	 3 	 P2642__1__4500___0.png
1556 	 3 	 P2642__1__4500___1000.png
1557 	 3 	 P2642__1__4500___1500.png
1558 	 2 	 P2642__1__4500___2000.png
1559 	 2 	 P2642__1__4500___2500.png
1560 	 9 	 P2642__1__4500___4500.png
1561 	 5 	 P2642__1__4500___4951.png
1562 	 2 	 P2642__1__4500___500.png
1563 	 2 	 P2642__1__5400___0.png
1564 	 4 	 P2642__1__5400___1000.png
1565 	 2 	 P2642__1__5400___1500.png
1566 	 2 	 P2642__1__5400___4000.png
1567 	 2 	 P2642__1__5400___4500.png
1568 	 5 	 P2642__1__5400___500.png
1569 	 2 	 P2642__1__6039___1000.png
1570 	 5 	 P2642__1__6039___1500.png
1571 	 3 	 P2642__1__6039___2000.png
1572 	 1 	 P2642__1__6039___2500.png
1573 	 2 	 P2642__1__6039___4000.png
1574 	 1 	 P2642__1__6039___4500.png
1575 	 1 	 P2642__1__6039___500.png
1576 	 5 	 P2642__1__900___3500.png
1577 	 2 	 P2642__1__900___4000.png
1578 	 1 	 P2644__1__0___0.png
1579 	 2 	 P2644__1__0___1000.png
1580 	 5 	 P2644__1__1800___0.png
1581 	 3 	 P2644__1__1800___1000.png
1582 	 5 	 P2644__1__1800___1500.png
1583 	 3 	 P2644__1__1800___2000.png
1584 	 2 	 P2644__1__1800___2500.png
1585 	 1 	 P2644__1__1800___2836.png
1586 	 5 	 P2644__1__1800___500.png
1587 	 1 	 P2644__1__2700___0.png
1588 	 1 	 P2644__1__900___0.png
1589 	 5 	 P2644__1__900___1000.png
1590 	 5 	 P2644__1__900___1500.png
1591 	 1 	 P2644__1__900___2000.png
1592 	 1 	 P2644__1__900___500.png
1593 	 2 	 P2662__1__0___1000.png
1594 	 1 	 P2662__1__0___1500.png
1595 	 1 	 P2662__1__0___2000.png
1596 	 1 	 P2662__1__0___2333.png
1597 	 7 	 P2662__1__1447___1000.png
1598 	 5 	 P2662__1__1447___1500.png
1599 	 6 	 P2662__1__1447___500.png
1600 	 3 	 P2662__1__900___0.png
1601 	 13 	 P2662__1__900___1000.png
1602 	 7 	 P2662__1__900___1500.png
1603 	 10 	 P2662__1__900___500.png
1604 	 1 	 P2664__1__0___1000.png
1605 	 1 	 P2664__1__0___500.png
1606 	 1 	 P2664__1__900___500.png
1607 	 1 	 P2664__1__957___500.png
1608 	 1 	 P2668__1__0___1500.png
1609 	 2 	 P2668__1__0___2000.png
1610 	 8 	 P2668__1__0___2185.png
1611 	 1 	 P2668__1__783___2000.png
1612 	 1 	 P2668__1__783___2185.png
1613 	 19 	 P2669__1__0___0.png
1614 	 4 	 P2669__1__0___500.png
1615 	 4 	 P2669__1__900___0.png
1616 	 34 	 P2669__1__900___500.png
1617 	 7 	 P2669__1__900___847.png
1618 	 2 	 P2669__1__971___0.png
1619 	 32 	 P2669__1__971___500.png
1620 	 7 	 P2669__1__971___847.png
1621 	 1 	 P2670__1__0___1500.png
1622 	 1 	 P2670__1__0___2000.png
1623 	 1 	 P2670__1__0___2037.png
1624 	 1 	 P2670__1__1558___0.png
1625 	 26 	 P2670__1__1558___1000.png
1626 	 4 	 P2670__1__1558___500.png
1627 	 34 	 P2670__1__900___1000.png
1628 	 5 	 P2670__1__900___1500.png
1629 	 1 	 P2670__1__900___2000.png
1630 	 1 	 P2670__1__900___2037.png
1631 	 2 	 P2670__1__900___500.png
1632 	 1 	 P2672__1__1800___0.png
1633 	 2 	 P2672__1__1800___1000.png
1634 	 2 	 P2672__1__1800___1500.png
1635 	 3 	 P2672__1__1800___500.png
1636 	 2 	 P2672__1__2700___1000.png
1637 	 1 	 P2672__1__2859___1000.png
1638 	 1 	 P2673__1__0___1000.png
1639 	 9 	 P2673__1__1557___0.png
1640 	 4 	 P2673__1__1557___1000.png
1641 	 4 	 P2673__1__1557___1500.png
1642 	 5 	 P2673__1__1557___2000.png
1643 	 4 	 P2673__1__1557___2037.png
1644 	 29 	 P2673__1__1557___500.png
1645 	 14 	 P2673__1__900___0.png
1646 	 4 	 P2673__1__900___1000.png
1647 	 1 	 P2673__1__900___1500.png
1648 	 1 	 P2673__1__900___2000.png
1649 	 1 	 P2674__1__1785___1000.png
1650 	 1 	 P2674__1__1785___1500.png
1651 	 1 	 P2674__1__1785___2000.png
1652 	 1 	 P2674__1__1785___500.png
1653 	 1 	 P2674__1__900___1000.png
1654 	 4 	 P2674__1__900___1500.png
1655 	 1 	 P2674__1__900___2000.png
1656 	 3 	 P2676__1__0___0.png
1657 	 25 	 P2676__1__0___1000.png
1658 	 26 	 P2676__1__0___1500.png
1659 	 20 	 P2676__1__0___2000.png
1660 	 10 	 P2676__1__0___2500.png
1661 	 30 	 P2676__1__0___500.png
1662 	 20 	 P2676__1__1466___1000.png
1663 	 37 	 P2676__1__1466___1500.png
1664 	 47 	 P2676__1__1466___2000.png
1665 	 26 	 P2676__1__1466___2500.png
1666 	 2 	 P2676__1__1466___3000.png
1667 	 43 	 P2676__1__900___1000.png
1668 	 40 	 P2676__1__900___2500.png
1669 	 3 	 P2676__1__900___3000.png
1670 	 13 	 P2676__1__900___500.png
1671 	 6 	 P2681__1__0___0.png
1672 	 46 	 P2681__1__0___500.png
1673 	 45 	 P2681__1__0___601.png
1674 	 3 	 P2681__1__424___0.png
1675 	 32 	 P2681__1__424___500.png
1676 	 32 	 P2681__1__424___601.png
1677 	 1 	 P2685__1__0___0.png
1678 	 1 	 P2685__1__0___1000.png
1679 	 1 	 P2685__1__0___1500.png
1680 	 1 	 P2685__1__0___1685.png
1681 	 2 	 P2685__1__0___500.png
1682 	 1 	 P2685__1__519___0.png
1683 	 1 	 P2685__1__519___1000.png
1684 	 1 	 P2685__1__519___1500.png
1685 	 1 	 P2685__1__519___1685.png
1686 	 2 	 P2685__1__519___500.png
1687 	 3 	 P2686__1__0___1000.png
1688 	 5 	 P2686__1__0___500.png
1689 	 10 	 P2686__1__1800___0.png
1690 	 35 	 P2686__1__1800___1000.png
1691 	 31 	 P2686__1__1800___1500.png
1692 	 7 	 P2686__1__1800___2000.png
1693 	 40 	 P2686__1__1800___500.png
1694 	 7 	 P2686__1__2700___2000.png
1695 	 21 	 P2686__1__2700___2500.png
1696 	 6 	 P2686__1__2700___2993.png
1697 	 2 	 P2686__1__3600___2000.png
1698 	 19 	 P2686__1__3600___2500.png
1699 	 6 	 P2686__1__3600___2993.png
1700 	 1 	 P2686__1__4500___1500.png
1701 	 2 	 P2686__1__4500___2000.png
1702 	 9 	 P2686__1__4500___2500.png
1703 	 8 	 P2686__1__900___0.png
1704 	 33 	 P2686__1__900___1000.png
1705 	 16 	 P2686__1__900___1500.png
1706 	 1 	 P2686__1__900___2000.png
1707 	 2 	 P2687__1__0___4000.png
1708 	 7 	 P2687__1__0___4500.png
1709 	 2 	 P2687__1__0___4908.png
1710 	 1 	 P2687__1__1738___0.png
1711 	 6 	 P2687__1__1738___1000.png
1712 	 3 	 P2687__1__1738___1500.png
1713 	 13 	 P2687__1__1738___3500.png
1714 	 24 	 P2687__1__1738___4000.png
1715 	 13 	 P2687__1__1738___4500.png
1716 	 1 	 P2687__1__1738___4908.png
1717 	 15 	 P2687__1__900___3500.png
1718 	 48 	 P2687__1__900___4000.png
1719 	 31 	 P2687__1__900___4908.png
1720 	 11 	 P2690__1__0___0.png
1721 	 10 	 P2690__1__0___1000.png
1722 	 20 	 P2690__1__0___1500.png
1723 	 21 	 P2690__1__0___1685.png
1724 	 9 	 P2690__1__0___500.png
1725 	 11 	 P2690__1__900___0.png
1726 	 3 	 P2690__1__900___1000.png
1727 	 9 	 P2690__1__900___1500.png
1728 	 9 	 P2690__1__900___1685.png
1729 	 6 	 P2690__1__900___500.png
1730 	 19 	 P2692__1__0___0.png
1731 	 12 	 P2692__1__0___1000.png
1732 	 3 	 P2692__1__0___1500.png
1733 	 1 	 P2692__1__0___1685.png
1734 	 13 	 P2692__1__0___500.png
1735 	 1 	 P2692__1__1686___1000.png
1736 	 7 	 P2692__1__1686___1500.png
1737 	 7 	 P2692__1__1686___1685.png
1738 	 6 	 P2692__1__1686___500.png
1739 	 8 	 P2692__1__900___0.png
1740 	 14 	 P2692__1__900___1000.png
1741 	 11 	 P2692__1__900___1500.png
1742 	 9 	 P2692__1__900___1685.png
1743 	 11 	 P2692__1__900___500.png
1744 	 14 	 P2693__1__0___0.png
1745 	 10 	 P2693__1__0___1000.png
1746 	 6 	 P2693__1__0___1500.png
1747 	 12 	 P2693__1__0___1899.png
1748 	 26 	 P2693__1__0___500.png
1749 	 11 	 P2693__1__1155___0.png
1750 	 7 	 P2693__1__1155___1000.png
1751 	 9 	 P2693__1__1155___500.png
1752 	 15 	 P2693__1__900___0.png
1753 	 9 	 P2693__1__900___1000.png
1754 	 2 	 P2693__1__900___1500.png
1755 	 2 	 P2693__1__900___1899.png
1756 	 13 	 P2693__1__900___500.png
1757 	 1 	 P2702__1__887___0.png
1758 	 2 	 P2704__1__0___0.png
1759 	 1 	 P2704__1__0___1000.png
1760 	 2 	 P2704__1__0___1309.png
1761 	 2 	 P2704__1__0___500.png
1762 	 1 	 P2704__1__1800___500.png
1763 	 2 	 P2704__1__2700___500.png
1764 	 1 	 P2704__1__2789___500.png
1765 	 1 	 P2704__1__900___0.png
1766 	 7 	 P2704__1__900___1000.png
1767 	 9 	 P2704__1__900___1309.png
1768 	 38 	 P2706__1__0___0.png
1769 	 25 	 P2706__1__0___746.png
1770 	 26 	 P2706__1__748___500.png
1771 	 3 	 P2706__1__748___746.png
1772 	 7 	 P2708__1__0___0.png
1773 	 5 	 P2708__1__0___500.png
1774 	 9 	 P2708__1__1800___1000.png
1775 	 2 	 P2708__1__1800___1500.png
1776 	 1 	 P2708__1__1800___500.png
1777 	 9 	 P2708__1__1922___1000.png
1778 	 2 	 P2708__1__1922___1500.png
1779 	 1 	 P2708__1__1922___500.png
1780 	 13 	 P2708__1__900___0.png
1781 	 8 	 P2708__1__900___500.png
1782 	 7 	 P2710__1__0___1000.png
1783 	 11 	 P2710__1__0___1500.png
1784 	 2 	 P2710__1__0___1778.png
1785 	 21 	 P2712__1__0___0.png
1786 	 3 	 P2712__1__1005___0.png
1787 	 21 	 P2712__1__1005___500.png
1788 	 19 	 P2712__1__1005___749.png
1789 	 1 	 P2712__1__900___0.png
1790 	 19 	 P2712__1__900___500.png
1791 	 19 	 P2712__1__900___749.png
1792 	 2 	 P2725__1__0___2000.png
1793 	 4 	 P2725__1__0___2108.png
1794 	 4 	 P2727__1__0___0.png
1795 	 13 	 P2727__1__0___500.png
1796 	 6 	 P2727__1__0___851.png
1797 	 1 	 P2727__1__657___0.png
1798 	 11 	 P2727__1__657___500.png
1799 	 10 	 P2727__1__657___851.png
1800 	 8 	 P2728__1__1800___0.png
1801 	 7 	 P2728__1__1800___500.png
1802 	 8 	 P2728__1__1944___0.png
1803 	 10 	 P2728__1__1944___500.png
1804 	 25 	 P2729__1__0___0.png
1805 	 12 	 P2729__1__0___1000.png
1806 	 25 	 P2729__1__0___1500.png
1807 	 7 	 P2729__1__0___2000.png
1808 	 7 	 P2729__1__0___2029.png
1809 	 31 	 P2729__1__0___500.png
1810 	 13 	 P2729__1__1800___1000.png
1811 	 5 	 P2729__1__1800___1500.png
1812 	 8 	 P2729__1__1800___2000.png
1813 	 8 	 P2729__1__1800___2029.png
1814 	 19 	 P2729__1__2087___1000.png
1815 	 5 	 P2729__1__2087___1500.png
1816 	 8 	 P2729__1__900___0.png
1817 	 1 	 P2729__1__900___1000.png
1818 	 18 	 P2729__1__900___1500.png
1819 	 35 	 P2729__1__900___2000.png
1820 	 33 	 P2729__1__900___2029.png
1821 	 4 	 P2729__1__900___500.png
1822 	 20 	 P2730__1__0___0.png
1823 	 14 	 P2730__1__0___500.png
1824 	 9 	 P2730__1__0___834.png
1825 	 12 	 P2730__1__400___0.png
1826 	 10 	 P2730__1__400___500.png
1827 	 6 	 P2730__1__400___834.png
1828 	 5 	 P2731__1__0___0.png
1829 	 2 	 P2731__1__0___2000.png
1830 	 3 	 P2731__1__0___2500.png
1831 	 2 	 P2731__1__0___3000.png
1832 	 5 	 P2731__1__0___4000.png
1833 	 3 	 P2731__1__0___4295.png
1834 	 5 	 P2731__1__1800___3000.png
1835 	 6 	 P2731__1__1800___3500.png
1836 	 24 	 P2731__1__2700___1000.png
1837 	 7 	 P2731__1__2700___1500.png
1838 	 1 	 P2731__1__2700___2000.png
1839 	 3 	 P2731__1__2700___3000.png
1840 	 3 	 P2731__1__2700___3500.png
1841 	 2 	 P2731__1__2700___4000.png
1842 	 1 	 P2731__1__2700___4295.png
1843 	 20 	 P2731__1__2700___500.png
1844 	 7 	 P2731__1__3600___1000.png
1845 	 7 	 P2731__1__3600___1500.png
1846 	 1 	 P2731__1__3600___2500.png
1847 	 2 	 P2731__1__3600___3000.png
1848 	 3 	 P2731__1__3600___3500.png
1849 	 3 	 P2731__1__3600___4000.png
1850 	 2 	 P2731__1__3600___4295.png
1851 	 2 	 P2731__1__3600___500.png
1852 	 1 	 P2731__1__3913___3000.png
1853 	 2 	 P2731__1__3913___3500.png
1854 	 1 	 P2731__1__3913___4000.png
1855 	 2 	 P2731__1__900___1500.png
1856 	 6 	 P2731__1__900___2000.png
1857 	 6 	 P2731__1__900___2500.png
1858 	 5 	 P2731__1__900___3000.png
1859 	 5 	 P2731__1__900___3500.png
1860 	 2 	 P2731__1__900___4000.png
1861 	 5 	 P2732__1__0___1500.png
1862 	 4 	 P2732__1__0___2000.png
1863 	 4 	 P2732__1__0___2032.png
1864 	 4 	 P2732__1__1800___0.png
1865 	 7 	 P2732__1__1800___1000.png
1866 	 1 	 P2732__1__1800___1500.png
1867 	 2 	 P2732__1__1800___2000.png
1868 	 2 	 P2732__1__1800___2032.png
1869 	 2 	 P2732__1__1800___500.png
1870 	 3 	 P2732__1__2087___0.png
1871 	 8 	 P2732__1__2087___1000.png
1872 	 6 	 P2732__1__2087___1500.png
1873 	 3 	 P2732__1__2087___2000.png
1874 	 3 	 P2732__1__2087___2032.png
1875 	 1 	 P2732__1__2087___500.png
1876 	 1 	 P2732__1__900___0.png
1877 	 5 	 P2732__1__900___1000.png
1878 	 11 	 P2732__1__900___1500.png
1879 	 3 	 P2732__1__900___2000.png
1880 	 2 	 P2732__1__900___2032.png
1881 	 8 	 P2732__1__900___500.png
1882 	 5 	 P2734__1__0___0.png
1883 	 4 	 P2734__1__1800___0.png
1884 	 1 	 P2734__1__1800___2000.png
1885 	 1 	 P2734__1__1800___2099.png
1886 	 9 	 P2734__1__2700___2000.png
1887 	 9 	 P2734__1__2700___2099.png
1888 	 2 	 P2734__1__2700___500.png
1889 	 18 	 P2734__1__900___0.png
1890 	 8 	 P2739__1__2700___0.png
1891 	 5 	 P2739__1__2700___500.png
1892 	 7 	 P2739__1__2964___0.png
1893 	 7 	 P2739__1__2964___500.png
1894 	 2 	 P2740__1__0___0.png
1895 	 3 	 P2740__1__0___1000.png
1896 	 3 	 P2740__1__0___1500.png
1897 	 6 	 P2740__1__0___500.png
1898 	 1 	 P2740__1__1800___0.png
1899 	 1 	 P2740__1__1800___1000.png
1900 	 1 	 P2740__1__1800___1813.png
1901 	 12 	 P2740__1__1800___500.png
1902 	 1 	 P2740__1__2700___1813.png
1903 	 8 	 P2740__1__2700___500.png
1904 	 1 	 P2740__1__2907___1500.png
1905 	 1 	 P2740__1__2907___1813.png
1906 	 1 	 P2740__1__900___0.png
1907 	 14 	 P2740__1__900___1000.png
1908 	 7 	 P2740__1__900___500.png
1909 	 1 	 P2741__1__0___1000.png
1910 	 2 	 P2741__1__0___1500.png
1911 	 27 	 P2741__1__0___500.png
1912 	 1 	 P2741__1__1572___1000.png
1913 	 5 	 P2741__1__1572___1500.png
1914 	 4 	 P2741__1__1572___1991.png
1915 	 3 	 P2741__1__900___1000.png
1916 	 6 	 P2741__1__900___1500.png
1917 	 1 	 P2741__1__900___1991.png
1918 	 18 	 P2741__1__900___500.png
1919 	 1 	 P2742__1__0___1000.png
1920 	 4 	 P2742__1__1348___1000.png
1921 	 2 	 P2742__1__1348___500.png
1922 	 4 	 P2742__1__900___1000.png
1923 	 2 	 P2742__1__900___500.png
1924 	 1 	 P2743__1__1800___2000.png
1925 	 1 	 P2743__1__2700___3000.png
1926 	 1 	 P2743__1__2700___3500.png
1927 	 2 	 P2743__1__3467___2500.png
1928 	 7 	 P2743__1__900___1000.png
1929 	 5 	 P2743__1__900___1500.png
1930 	 3 	 P2743__1__900___2000.png
1931 	 1 	 P2743__1__900___2500.png
1932 	 2 	 P2747__1__0___0.png
1933 	 15 	 P2747__1__0___1000.png
1934 	 8 	 P2747__1__0___1500.png
1935 	 4 	 P2747__1__0___1705.png
1936 	 9 	 P2747__1__0___500.png
1937 	 9 	 P2747__1__1800___1000.png
1938 	 28 	 P2747__1__1800___1500.png
1939 	 25 	 P2747__1__1800___1705.png
1940 	 9 	 P2747__1__1946___1000.png
1941 	 28 	 P2747__1__1946___1500.png
1942 	 25 	 P2747__1__1946___1705.png
1943 	 3 	 P2747__1__900___0.png
1944 	 4 	 P2747__1__900___1000.png
1945 	 2 	 P2747__1__900___1500.png
1946 	 2 	 P2747__1__900___1705.png
1947 	 5 	 P2747__1__900___500.png
1948 	 1 	 P2750__1__0___1500.png
1949 	 1 	 P2750__1__0___2000.png
1950 	 1 	 P2750__1__0___2500.png
1951 	 4 	 P2750__1__0___3000.png
1952 	 11 	 P2750__1__0___3111.png
1953 	 1 	 P2750__1__0___500.png
1954 	 1 	 P2750__1__1800___2500.png
1955 	 19 	 P2750__1__1800___3000.png
1956 	 19 	 P2750__1__1800___3111.png
1957 	 2 	 P2750__1__2201___2500.png
1958 	 17 	 P2750__1__2201___3000.png
1959 	 15 	 P2750__1__2201___3111.png
1960 	 1 	 P2750__1__900___1000.png
1961 	 1 	 P2750__1__900___1500.png
1962 	 7 	 P2750__1__900___3000.png
1963 	 7 	 P2750__1__900___3111.png
1964 	 4 	 P2751__1__0___0.png
1965 	 5 	 P2751__1__0___500.png
1966 	 6 	 P2751__1__900___0.png
1967 	 4 	 P2751__1__900___500.png
1968 	 22 	 P2755__1__0___0.png
1969 	 8 	 P2755__1__0___1000.png
1970 	 22 	 P2755__1__0___1500.png
1971 	 10 	 P2755__1__0___2000.png
1972 	 2 	 P2755__1__0___2500.png
1973 	 1 	 P2755__1__0___3000.png
1974 	 9 	 P2755__1__0___3500.png
1975 	 2 	 P2755__1__0___4000.png
1976 	 1 	 P2755__1__0___4065.png
1977 	 7 	 P2755__1__0___500.png
1978 	 13 	 P2755__1__900___0.png
1979 	 13 	 P2755__1__900___1000.png
1980 	 15 	 P2755__1__900___1500.png
1981 	 7 	 P2755__1__900___2000.png
1982 	 6 	 P2755__1__900___2500.png
1983 	 3 	 P2755__1__900___3000.png
1984 	 9 	 P2755__1__900___3500.png
1985 	 4 	 P2755__1__900___4000.png
1986 	 3 	 P2755__1__900___4065.png
1987 	 5 	 P2755__1__900___500.png
1988 	 13 	 P2755__1__932___0.png
1989 	 13 	 P2755__1__932___1000.png
1990 	 15 	 P2755__1__932___1500.png
1991 	 7 	 P2755__1__932___2000.png
1992 	 6 	 P2755__1__932___2500.png
1993 	 3 	 P2755__1__932___3000.png
1994 	 9 	 P2755__1__932___3500.png
1995 	 4 	 P2755__1__932___4000.png
1996 	 3 	 P2755__1__932___4065.png
1997 	 5 	 P2755__1__932___500.png
1998 	 1 	 P2756__1__0___1000.png
1999 	 21 	 P2756__1__1800___0.png
2000 	 1 	 P2756__1__1800___1500.png
2001 	 10 	 P2756__1__1800___2000.png
2002 	 15 	 P2756__1__1800___2500.png
2003 	 6 	 P2756__1__1800___3000.png
2004 	 3 	 P2756__1__2700___0.png
2005 	 1 	 P2756__1__2700___1000.png
2006 	 6 	 P2756__1__2700___2500.png
2007 	 6 	 P2756__1__2700___3000.png
2008 	 4 	 P2756__1__3600___0.png
2009 	 1 	 P2756__1__3600___1000.png
2010 	 9 	 P2756__1__3718___0.png
2011 	 1 	 P2756__1__3718___1000.png
2012 	 6 	 P2756__1__3718___500.png
2013 	 7 	 P2756__1__900___0.png
2014 	 1 	 P2756__1__900___1000.png
2015 	 12 	 P2756__1__900___1500.png
2016 	 8 	 P2756__1__900___2000.png
2017 	 1 	 P2756__1__900___2500.png
2018 	 1 	 P2756__1__900___500.png
2019 	 2 	 P2759__1__0___0.png
2020 	 3 	 P2759__1__0___500.png
2021 	 2 	 P2759__1__2700___1000.png
2022 	 1 	 P2759__1__2700___2500.png
2023 	 1 	 P2759__1__2700___3000.png
2024 	 2 	 P2759__1__2700___3500.png
2025 	 3 	 P2759__1__2700___4000.png
2026 	 1 	 P2759__1__2700___4299.png
2027 	 1 	 P2759__1__2700___500.png
2028 	 1 	 P2759__1__3600___0.png
2029 	 1 	 P2759__1__3600___1000.png
2030 	 1 	 P2759__1__3600___3500.png
2031 	 1 	 P2759__1__3600___4299.png
2032 	 2 	 P2759__1__4500___1000.png
2033 	 2 	 P2759__1__4500___1500.png
2034 	 1 	 P2759__1__4500___3500.png
2035 	 1 	 P2759__1__4500___4000.png
2036 	 2 	 P2759__1__4500___4299.png
2037 	 1 	 P2759__1__6300___2000.png
2038 	 1 	 P2759__1__6300___2500.png
2039 	 2 	 P2759__1__6300___3000.png
2040 	 1 	 P2759__1__6300___3500.png
2041 	 1 	 P2759__1__7200___3000.png
2042 	 1 	 P2759__1__7200___3500.png
2043 	 3 	 P2759__1__7823___2500.png
2044 	 15 	 P2761__1__0___0.png
2045 	 22 	 P2761__1__0___1000.png
2046 	 1 	 P2761__1__1800___1000.png
2047 	 1 	 P2761__1__1800___2500.png
2048 	 1 	 P2761__1__1800___3000.png
2049 	 2 	 P2761__1__1800___500.png
2050 	 40 	 P2761__1__2700___1000.png
2051 	 26 	 P2761__1__2700___1500.png
2052 	 19 	 P2761__1__2700___2000.png
2053 	 8 	 P2761__1__2700___2500.png
2054 	 2 	 P2761__1__2700___3000.png
2055 	 1 	 P2761__1__2700___3500.png
2056 	 1 	 P2761__1__2700___3681.png
2057 	 17 	 P2761__1__3600___1000.png
2058 	 29 	 P2761__1__3600___1500.png
2059 	 16 	 P2761__1__3600___2000.png
2060 	 2 	 P2761__1__3600___2500.png
2061 	 1 	 P2761__1__3600___3000.png
2062 	 2 	 P2761__1__3600___3500.png
2063 	 2 	 P2761__1__3600___3681.png
2064 	 25 	 P2761__1__3720___1500.png
2065 	 13 	 P2761__1__3720___2000.png
2066 	 1 	 P2761__1__3720___3000.png
2067 	 1 	 P2761__1__3720___3500.png
2068 	 1 	 P2761__1__3720___3681.png
2069 	 3 	 P2761__1__900___0.png
2070 	 30 	 P2761__1__900___1000.png
2071 	 2 	 P2761__1__900___1500.png
2072 	 24 	 P2761__1__900___500.png
2073 	 1 	 P2769__1__1686___0.png
2074 	 3 	 P2769__1__1686___2000.png
2075 	 6 	 P2769__1__1686___2500.png
2076 	 1 	 P2769__1__1686___500.png
2077 	 1 	 P2769__1__900___1500.png
2078 	 5 	 P2769__1__900___2000.png
2079 	 7 	 P2769__1__900___2500.png
2080 	 1 	 P2769__1__900___3000.png
2081 	 7 	 P2770__1__1800___0.png
2082 	 6 	 P2770__1__1800___1000.png
2083 	 5 	 P2770__1__1800___1500.png
2084 	 3 	 P2770__1__1800___1566.png
2085 	 5 	 P2770__1__1800___500.png
2086 	 5 	 P2770__1__2260___0.png
2087 	 16 	 P2770__1__2260___1000.png
2088 	 4 	 P2770__1__2260___1500.png
2089 	 3 	 P2770__1__2260___1566.png
2090 	 7 	 P2770__1__2260___500.png
2091 	 5 	 P2792__1__0___1000.png
2092 	 1 	 P2792__1__0___1039.png
2093 	 8 	 P2792__1__1349___1000.png
2094 	 4 	 P2792__1__1349___1039.png
2095 	 15 	 P2792__1__900___1000.png
2096 	 10 	 P2792__1__900___1039.png

Conversion is complete!
