0 	 3 	 P0346__1__1800___500.png
1 	 154 	 P1927__1__0___500.png
2 	 2 	 P2732__1__1800___2032.png
3 	 38 	 P1388__1__3216___3500.png
4 	 46 	 P0894__1__2497___1000.png
5 	 3 	 P0967__1__900___0.png
6 	 201 	 P0775__1__791___1000.png
7 	 1 	 P0538__1__900___500.png
8 	 18 	 P0940__1__382___500.png
9 	 1 	 P2759__1__2700___3000.png
10 	 40 	 P0871__1__1391___1500.png
11 	 11 	 P2160__1__513___0.png
12 	 8 	 P1344__1__3600___2500.png
13 	 43 	 P0894__1__900___1000.png
14 	 144 	 P0733__1__900___183.png
15 	 37 	 P0875__1__1590___1000.png
16 	 25 	 P1930__1__300___0.png
17 	 47 	 P2676__1__1466___2000.png
18 	 9 	 P0938__1__0___0.png
19 	 1 	 P0571__1__0___1000.png
20 	 228 	 P1929__1__333___500.png
21 	 14 	 P2730__1__0___500.png
22 	 9 	 P2673__1__1557___0.png
23 	 1 	 P1279__1__1800___3000.png
24 	 1 	 P0406__1__0___0.png
25 	 1 	 P2280__1__3103___1500.png
26 	 35 	 P2158__1__0___1165.png
27 	 84 	 P0890__1__674___2899.png
28 	 1 	 P1746__1__0___1000.png
29 	 83 	 P2712__1__0___749.png
30 	 41 	 P0868__1__1800___1500.png
31 	 11 	 P2690__1__0___0.png
32 	 1 	 P0288__1__164___500.png
33 	 2 	 P1251__1__4200___3000.png
34 	 28 	 P0340__1__900___805.png
35 	 83 	 P0775__1__791___1286.png
36 	 1 	 P2759__1__2700___500.png
37 	 18 	 P2741__1__900___500.png
38 	 1 	 P1382__1__900___5000.png
39 	 1 	 P0531__1__1090___806.png
40 	 5 	 P2686__1__0___500.png
41 	 33 	 P2729__1__900___2029.png
42 	 1 	 P2403__1__900___0.png
43 	 1 	 P0421__1__360___0.png
44 	 5 	 P2644__1__1800___0.png
45 	 22 	 P0938__1__0___544.png
46 	 1 	 P0878__1__0___500.png
47 	 1 	 P1389__1__4500___1500.png
48 	 2 	 P1427__1__6300___4000.png
49 	 2 	 P1587__1__1800___2500.png
50 	 40 	 P0800__1__0___0.png
51 	 3 	 P1288__1__2700___1000.png
52 	 2 	 P1057__1__3152___1500.png
53 	 2 	 P2759__1__4500___1500.png
54 	 22 	 P0732__1__0___0.png
55 	 4 	 P2673__1__1557___1500.png
56 	 11 	 P0719__1__658___498.png
57 	 71 	 P0823__1__0___1500.png
58 	 4 	 P1866__1__900___0.png
59 	 1 	 P0442__1__0___0.png
60 	 1 	 P1250__1__1800___0.png
61 	 48 	 P0896__1__900___1500.png
62 	 9 	 P0685__1__0___1298.png
63 	 6 	 P2692__1__1686___500.png
64 	 6 	 P0737__1__900___500.png
65 	 21 	 P2250__1__0___1000.png
66 	 3 	 P2676__1__0___0.png
67 	 4 	 P0324__1__900___500.png
68 	 1 	 P0301__1__0___0.png
69 	 1 	 P1746__1__900___1000.png
70 	 10 	 P1208__1__900___1000.png
71 	 117 	 P0906__1__850___0.png
72 	 2 	 P0417__1__0___0.png
73 	 2 	 P0346__1__1800___1000.png
74 	 1 	 P2584__1__1090___2251.png
75 	 5 	 P2641__1__4500___0.png
76 	 2 	 P1344__1__3600___2000.png
77 	 3 	 P2732__1__2087___2032.png
78 	 3 	 P2327__1__0___221.png
79 	 1 	 P2704__1__900___0.png
80 	 49 	 P1382__1__2700___6000.png
81 	 1 	 P2280__1__2700___2500.png
82 	 39 	 P2282__1__0___1500.png
83 	 5 	 P2792__1__0___1000.png
84 	 1 	 P1426__1__6300___0.png
85 	 3 	 P0424__1__0___503.png
86 	 8 	 P0750__1__0___0.png
87 	 3 	 P1866__1__1719___0.png
88 	 82 	 P0900__1__1072___0.png
89 	 51 	 P0790__1__900___1037.png
90 	 1 	 P2280__1__0___2000.png
91 	 1 	 P0653__1__0___500.png
92 	 1 	 P2641__1__6574___2000.png
93 	 5 	 P1428__1__0___1000.png
94 	 10 	 P1389__1__2700___4500.png
95 	 3 	 P2755__1__932___4065.png
96 	 4 	 P2673__1__900___1000.png
97 	 8 	 P0750__1__0___217.png
98 	 1 	 P2685__1__519___1000.png
99 	 1 	 P0335__1__1053___1000.png
100 	 10 	 P1591__1__900___2500.png
101 	 1 	 P2755__1__0___4065.png
102 	 44 	 P0631__1__487___500.png
103 	 1 	 P2712__1__900___0.png
104 	 3 	 P2642__1__2700___4500.png
105 	 1 	 P0430__1__276___1000.png
106 	 42 	 P0731__1__619___500.png
107 	 7 	 P2732__1__1800___1000.png
108 	 59 	 P0860__1__0___500.png
109 	 4 	 P2601__1__1940___2500.png
110 	 5 	 P2708__1__0___500.png
111 	 5 	 P2642__1__4500___4951.png
112 	 1 	 P0344__1__751___1000.png
113 	 1 	 P1427__1__5400___4500.png
114 	 1 	 P0581__1__1036___500.png
115 	 1 	 P0349__1__1800___1500.png
116 	 25 	 P1388__1__3216___4500.png
117 	 1 	 P1354__1__2700___2000.png
118 	 115 	 P0892__1__0___1000.png
119 	 41 	 P1866__1__1719___1000.png
120 	 14 	 P0760__1__0___0.png
121 	 1 	 P0973__1__1800___839.png
122 	 1 	 P2158__1__0___0.png
123 	 7 	 P2693__1__1155___1000.png
124 	 11 	 P1382__1__900___4500.png
125 	 2 	 P1333__1__2700___1000.png
126 	 21 	 P2712__1__0___0.png
127 	 1 	 P1255__1__3000___2000.png
128 	 126 	 P1930__1__300___1000.png
129 	 1 	 P1389__1__900___2000.png
130 	 3 	 P2731__1__2700___3000.png
131 	 3 	 P1228__1__0___3000.png
132 	 44 	 P0893__1__0___1500.png
133 	 10 	 P0867__1__0___1000.png
134 	 54 	 P0867__1__1818___1451.png
135 	 2 	 P0960__1__0___0.png
136 	 9 	 P2755__1__932___3500.png
137 	 2 	 P2672__1__1800___1500.png
138 	 17 	 P1866__1__0___1500.png
139 	 2 	 P0885__1__0___1500.png
140 	 33 	 P2686__1__900___1000.png
141 	 9 	 P2601__1__0___2500.png
142 	 1 	 P2674__1__1785___1000.png
143 	 3 	 P1267__1__2700___1500.png
144 	 8 	 P0867__1__0___500.png
145 	 11 	 P1594__1__2700___0.png
146 	 1 	 P2759__1__7200___3500.png
147 	 212 	 P1387__1__1800___2000.png
148 	 8 	 P0890__1__0___1000.png
149 	 1 	 P2281__1__1800___500.png
150 	 2 	 P0413__1__0___0.png
151 	 3 	 P2761__1__900___0.png
152 	 24 	 P2731__1__2700___1000.png
153 	 1 	 P0263__1__0___0.png
154 	 5 	 P1245__1__900___2500.png
155 	 1 	 P1267__1__900___2500.png
156 	 31 	 P2282__1__900___2000.png
157 	 5 	 P2642__1__1800___3500.png
158 	 4 	 P2673__1__1557___1000.png
159 	 9 	 P2601__1__1800___2969.png
160 	 41 	 P1354__1__3000___1000.png
161 	 1 	 P0440__1__572___500.png
162 	 2 	 P0934__1__900___500.png
163 	 2 	 P2280__1__2700___500.png
164 	 3 	 P0737__1__1138___773.png
165 	 4 	 P0419__1__151___238.png
166 	 45 	 P0340__1__900___500.png
167 	 1 	 P1539__1__0___3000.png
168 	 6 	 P2282__1__0___2493.png
169 	 1 	 P2664__1__0___500.png
170 	 1 	 P0573__1__395___500.png
171 	 8 	 P1351__1__1800___500.png
172 	 2 	 P1200__1__1800___2500.png
173 	 8 	 P2739__1__2700___0.png
174 	 56 	 P0894__1__0___0.png
175 	 2 	 P1354__1__0___500.png
176 	 93 	 P0703__1__0___0.png
177 	 129 	 P0920__1__0___0.png
178 	 4 	 P1351__1__0___3000.png
179 	 4 	 P0734__1__0___1000.png
180 	 11 	 P2732__1__900___1500.png
181 	 3 	 P2756__1__2700___0.png
182 	 3 	 P2755__1__900___4065.png
183 	 104 	 P2601__1__900___2500.png
184 	 2 	 P2327__1__0___0.png
185 	 11 	 P0896__1__900___500.png
186 	 2 	 P1308__1__900___2500.png
187 	 32 	 P0631__1__0___1303.png
188 	 14 	 P1076__1__0___2031.png
189 	 5 	 P0001__1__252___4000.png
190 	 15 	 P0868__1__2288___1738.png
191 	 1 	 P1297__1__3000___1500.png
192 	 1 	 P2670__1__0___1500.png
193 	 1 	 P0963__1__900___266.png
194 	 6 	 P1591__1__0___3000.png
195 	 3 	 P0732__1__659___0.png
196 	 21 	 P0790__1__900___0.png
197 	 2 	 P1228__1__0___1000.png
198 	 3 	 P2642__1__4500___1500.png
199 	 67 	 P0898__1__1749___3000.png
200 	 1 	 P0618__1__105___794.png
201 	 2 	 P2731__1__900___4000.png
202 	 8 	 P1426__1__6905___1500.png
203 	 2 	 P0337__1__2147___0.png
204 	 7 	 P0940__1__382___0.png
205 	 1 	 P1389__1__0___2000.png
206 	 1 	 P2743__1__2700___3500.png
207 	 5 	 P0894__1__900___1383.png
208 	 47 	 P0920__1__0___1000.png
209 	 2 	 P1354__1__2700___0.png
210 	 1 	 P0324__1__1782___1362.png
211 	 19 	 P1389__1__900___500.png
212 	 12 	 P0800__1__576___0.png
213 	 1 	 P1344__1__2700___3000.png
214 	 5 	 P2770__1__1800___500.png
215 	 1 	 P0345__1__0___2500.png
216 	 1 	 P0685__1__0___500.png
217 	 23 	 P2160__1__0___0.png
218 	 1 	 P1427__1__6906___4816.png
219 	 2 	 P2601__1__1940___2969.png
220 	 4 	 P0934__1__0___560.png
221 	 1 	 P1427__1__6906___4000.png
222 	 27 	 P2250__1__2065___1057.png
223 	 2 	 P0885__1__0___0.png
224 	 1 	 P1308__1__3600___3400.png
225 	 1 	 P0343__1__900___500.png
226 	 1 	 P0737__1__0___773.png
227 	 5 	 P2303__1__0___0.png
228 	 1 	 P1209__1__1800___3400.png
229 	 7 	 P1591__1__900___3000.png
230 	 41 	 P2250__1__900___0.png
231 	 9 	 P0734__1__1098___500.png
232 	 3 	 P0001__1__0___3500.png
233 	 2 	 P1388__1__3216___1500.png
234 	 3 	 P2731__1__2700___3500.png
235 	 10 	 P0303__1__0___229.png
236 	 34 	 P1387__1__3600___3000.png
237 	 1 	 P1258__1__2700___3000.png
238 	 5 	 P1243__1__2700___1500.png
239 	 63 	 P0900__1__0___0.png
240 	 2 	 P0571__1__205___0.png
241 	 6 	 P1243__1__3000___1500.png
242 	 2 	 P0986__1__282___1000.png
243 	 42 	 P1388__1__0___2500.png
244 	 1 	 P1258__1__4200___3000.png
245 	 248 	 P0775__1__791___500.png
246 	 1 	 P0327__1__749___0.png
247 	 2 	 P1420__1__900___500.png
248 	 54 	 P0890__1__0___2500.png
249 	 11 	 P2727__1__657___500.png
250 	 32 	 P0340__1__1800___500.png
251 	 9 	 P0719__1__658___0.png
252 	 5 	 P2731__1__0___0.png
253 	 2 	 P1353__1__1800___2500.png
254 	 9 	 P1351__1__0___2500.png
255 	 12 	 P2740__1__1800___500.png
256 	 2 	 P0627__1__2446___0.png
257 	 1 	 P2704__1__1800___500.png
258 	 4 	 P2324__1__0___237.png
259 	 10 	 P0944__1__1800___0.png
260 	 2 	 P2584__1__0___2251.png
261 	 11 	 P2693__1__1155___0.png
262 	 1 	 P1265__1__0___0.png
263 	 19 	 P2302__1__0___0.png
264 	 1 	 P2685__1__0___1000.png
265 	 127 	 P0695__1__0___499.png
266 	 7 	 P2692__1__1686___1685.png
267 	 2 	 P1353__1__1800___2000.png
268 	 1 	 P2674__1__1785___500.png
269 	 4 	 P0339__1__2147___500.png
270 	 45 	 P0800__1__576___1000.png
271 	 69 	 P2158__1__492___1000.png
272 	 2 	 P0627__1__2446___487.png
273 	 2 	 P0407__1__672___238.png
274 	 1 	 P2750__1__0___500.png
275 	 182 	 P0713__1__0___500.png
276 	 2 	 P0873__1__634___2000.png
277 	 1 	 P1205__1__3000___0.png
278 	 1 	 P2642__1__3600___2500.png
279 	 2 	 P0873__1__634___2500.png
280 	 12 	 P2756__1__900___1500.png
281 	 5 	 P2642__1__5400___500.png
282 	 94 	 P1388__1__0___1000.png
283 	 1 	 P0349__1__2272___1000.png
284 	 2 	 P2642__1__4500___500.png
285 	 1 	 P1389__1__5008___1000.png
286 	 3 	 P2741__1__900___1000.png
287 	 9 	 P1431__1__0___1500.png
288 	 5 	 P2644__1__900___1000.png
289 	 6 	 P2756__1__3718___500.png
290 	 2 	 P1224__1__900___500.png
291 	 4 	 P2751__1__0___0.png
292 	 27 	 P1387__1__3600___2000.png
293 	 1 	 P1251__1__2700___1500.png
294 	 1 	 P2708__1__1800___500.png
295 	 6 	 P2686__1__2700___2993.png
296 	 5 	 P0419__1__0___238.png
297 	 77 	 P0875__1__0___500.png
298 	 8 	 P2708__1__900___500.png
299 	 52 	 P0872__1__900___0.png
300 	 1 	 P0001__1__0___1500.png
301 	 6 	 P1428__1__2165___2200.png
302 	 80 	 P0915__1__497___1000.png
303 	 1 	 P0288__1__164___0.png
304 	 1 	 P0737__1__1138___500.png
305 	 24 	 P2761__1__900___500.png
306 	 1 	 P2259__1__0___0.png
307 	 12 	 P2159__1__0___0.png
308 	 3 	 P2732__1__900___2000.png
309 	 7 	 P0860__1__1800___2000.png
310 	 1 	 P1287__1__3600___1500.png
311 	 3 	 P2642__1__3600___4000.png
312 	 126 	 P0915__1__0___500.png
313 	 1 	 P1274__1__2700___0.png
314 	 252 	 P2792__1__900___0.png
315 	 1 	 P1427__1__4500___4000.png
316 	 3 	 P2731__1__0___2500.png
317 	 103 	 P0713__1__1103___0.png
318 	 144 	 P0790__1__900___500.png
319 	 4 	 P1366__1__0___2000.png
320 	 1 	 P1259__1__2700___3400.png
321 	 2 	 P0986__1__0___500.png
322 	 66 	 P0790__1__0___1000.png
323 	 1 	 P0349__1__900___2000.png
324 	 6 	 P2756__1__1800___3000.png
325 	 9 	 P0944__1__2531___258.png
326 	 3 	 P1274__1__3000___1500.png
327 	 1 	 P0582__1__311___0.png
328 	 2 	 P0987__1__78___1272.png
329 	 5 	 P1354__1__1800___2000.png
330 	 21 	 P2756__1__1800___0.png
331 	 6 	 P2727__1__0___851.png
332 	 5 	 P0894__1__900___0.png
333 	 104 	 P0871__1__1391___2462.png
334 	 2 	 P0987__1__78___500.png
335 	 22 	 P0915__1__497___0.png
336 	 7 	 P1427__1__6906___2000.png
337 	 1 	 P0418__1__0___0.png
338 	 1 	 P2750__1__900___1500.png
339 	 1 	 P1221__1__0___500.png
340 	 59 	 P2687__1__900___4500.png
341 	 1 	 P2692__1__0___1685.png
342 	 1 	 P2280__1__3103___1000.png
343 	 4 	 P2642__1__5400___1000.png
344 	 13 	 P0940__1__0___500.png
345 	 1 	 P2668__1__783___2185.png
346 	 21 	 P0340__1__1885___0.png
347 	 1 	 P2759__1__4500___3500.png
348 	 1 	 P0572__1__0___0.png
349 	 1 	 P1274__1__3000___2500.png
350 	 19 	 P2601__1__900___2969.png
351 	 1 	 P0415__1__151___238.png
352 	 3 	 P1427__1__6906___4500.png
353 	 5 	 P0340__1__1800___805.png
354 	 2 	 P1340__1__1800___1000.png
355 	 44 	 P0861__1__0___2000.png
356 	 17 	 P1389__1__3600___2500.png
357 	 4 	 P1208__1__900___500.png
358 	 1 	 P1298__1__0___1000.png
359 	 2 	 P2601__1__1940___1000.png
360 	 2 	 P0407__1__672___0.png
361 	 2 	 P1276__1__900___1500.png
362 	 108 	 P0790__1__0___0.png
363 	 1 	 P0860__1__2700___1000.png
364 	 26 	 P0875__1__1590___1147.png
365 	 3 	 P1845__1__1800___2887.png
366 	 10 	 P1366__1__3600___1000.png
367 	 44 	 P0860__1__2766___0.png
368 	 2 	 P2685__1__0___500.png
369 	 98 	 P0823__1__0___1000.png
370 	 2 	 P2731__1__3913___3500.png
371 	 26 	 P0823__1__745___0.png
372 	 1 	 P1222__1__1800___1500.png
373 	 188 	 P0828__1__0___1500.png
374 	 3 	 P1340__1__1800___3400.png
375 	 7 	 P2401__1__557___1500.png
376 	 26 	 P0861__1__1178___2179.png
377 	 1 	 P1256__1__0___1500.png
378 	 56 	 P0835__1__0___500.png
379 	 145 	 P0827__1__0___500.png
380 	 1 	 P2685__1__519___1500.png
381 	 1 	 P0618__1__0___794.png
382 	 55 	 P0868__1__900___500.png
383 	 30 	 P2282__1__900___1000.png
384 	 1 	 P1201__1__0___3400.png
385 	 17 	 P0871__1__0___1000.png
386 	 2 	 P2759__1__6300___3000.png
387 	 17 	 P1388__1__0___0.png
388 	 2 	 P1426__1__0___500.png
389 	 2 	 P1243__1__2700___1000.png
390 	 1 	 P1274__1__3000___3000.png
391 	 64 	 P1388__1__0___1500.png
392 	 21 	 P0895__1__468___0.png
393 	 4 	 P2601__1__0___1500.png
394 	 1 	 P0339__1__900___500.png
395 	 8 	 P1388__1__0___4000.png
396 	 1 	 P0986__1__282___0.png
397 	 1 	 P1328__1__2700___1500.png
398 	 3 	 P2280__1__1800___4000.png
399 	 5 	 P0337__1__0___801.png
400 	 1 	 P2664__1__957___500.png
401 	 1 	 P2761__1__2700___3681.png
402 	 6 	 P0722__1__0___726.png
403 	 2 	 P0296__1__0___500.png
404 	 22 	 P0857__1__280___500.png
405 	 34 	 P0875__1__900___500.png
406 	 67 	 P0871__1__900___1500.png
407 	 16 	 P2686__1__900___1500.png
408 	 10 	 P2690__1__0___1000.png
409 	 2 	 P1308__1__900___3000.png
410 	 1 	 P0327__1__749___1321.png
411 	 3 	 P2280__1__1800___1000.png
412 	 13 	 P2761__1__3720___2000.png
413 	 2 	 P1224__1__1800___500.png
414 	 79 	 P1076__1__0___500.png
415 	 19 	 P0861__1__1178___1000.png
416 	 100 	 P0129__1__408___500.png
417 	 4 	 P1243__1__1800___0.png
418 	 2 	 P1354__1__900___1500.png
419 	 1 	 P1288__1__1800___1500.png
420 	 5 	 P1866__1__0___2920.png
421 	 34 	 P0896__1__900___1838.png
422 	 1 	 P2731__1__2700___2000.png
423 	 3 	 P1427__1__1800___1500.png
424 	 1 	 P0544__1__0___523.png
425 	 1 	 P0440__1__572___787.png
426 	 1 	 P2755__1__0___3000.png
427 	 89 	 P2250__1__1800___500.png
428 	 11 	 P2710__1__0___1500.png
429 	 11 	 P1281__1__2700___2000.png
430 	 3 	 P0868__1__2288___500.png
431 	 122 	 P0900__1__900___0.png
432 	 2 	 P2725__1__0___2000.png
433 	 5 	 P1426__1__1800___1000.png
434 	 2 	 P2759__1__0___0.png
435 	 1 	 P2642__1__6039___4500.png
436 	 49 	 P0861__1__900___1000.png
437 	 1 	 P0001__1__252___4500.png
438 	 2 	 P1267__1__2700___1000.png
439 	 151 	 P1929__1__333___1614.png
440 	 1 	 P0263__1__0___207.png
441 	 2 	 P1340__1__1800___500.png
442 	 1 	 P0522__1__2___1000.png
443 	 1 	 P0727__1__658___0.png
444 	 1 	 P2704__1__2789___500.png
445 	 15 	 P2687__1__900___3500.png
446 	 12 	 P0941__1__1800___264.png
447 	 280 	 P0777__1__0___500.png
448 	 42 	 P1382__1__1800___6000.png
449 	 1 	 P0565__1__358___0.png
450 	 86 	 P2158__1__492___0.png
451 	 11 	 P2750__1__0___3111.png
452 	 7 	 P1344__1__4200___2500.png
453 	 1 	 P2759__1__4500___4000.png
454 	 1 	 P0878__1__3899___1000.png
455 	 14 	 P0888__1__0___500.png
456 	 2 	 P0581__1__900___1074.png
457 	 11 	 P0900__1__1072___1590.png
458 	 1 	 P0418__1__411___239.png
459 	 26 	 P0898__1__1749___1000.png
460 	 67 	 P0907__1__670___0.png
461 	 2 	 P1427__1__3600___3500.png
462 	 7 	 P0750__1__960___0.png
463 	 15 	 P1387__1__0___1500.png
464 	 31 	 P2686__1__1800___1500.png
465 	 7 	 P2669__1__971___847.png
466 	 6 	 P2693__1__0___1500.png
467 	 2 	 P1333__1__3000___1500.png
468 	 3 	 P2642__1__4500___0.png
469 	 1 	 P1287__1__1800___3400.png
470 	 19 	 P2712__1__900___500.png
471 	 3 	 P0627__1__900___487.png
472 	 10 	 P0685__1__831___500.png
473 	 5 	 P1260__1__0___3400.png
474 	 2 	 P1258__1__3600___3000.png
475 	 52 	 P0915__1__0___1154.png
476 	 6 	 P0888__1__0___759.png
477 	 11 	 P2692__1__900___500.png
478 	 5 	 P1389__1__0___500.png
479 	 14 	 P2692__1__900___1000.png
480 	 4 	 P2674__1__900___1500.png
481 	 1 	 P0321__1__552___1000.png
482 	 1 	 P1243__1__900___500.png
483 	 3 	 P1426__1__4500___1000.png
484 	 4 	 P1250__1__1800___500.png
485 	 2 	 P0878__1__2700___1000.png
486 	 102 	 P0730__1__659___0.png
487 	 32 	 P0875__1__1590___500.png
488 	 2 	 P0890__1__674___1500.png
489 	 2 	 P2693__1__900___1500.png
490 	 10 	 P2755__1__0___2000.png
491 	 5 	 P0728__1__900___0.png
492 	 30 	 P0893__1__0___2500.png
493 	 1 	 P0522__1__2___0.png
494 	 5 	 P1350__1__3000___3000.png
495 	 15 	 P0716__1__0___975.png
496 	 30 	 P0896__1__0___0.png
497 	 68 	 P2250__1__1800___1057.png
498 	 2 	 P2759__1__4500___4299.png
499 	 1 	 P0346__1__3450___500.png
500 	 1 	 P0581__1__900___500.png
501 	 3 	 P0424__1__104___500.png
502 	 9 	 P0734__1__0___500.png
503 	 2 	 P1428__1__900___1000.png
504 	 2 	 P0885__1__0___1534.png
505 	 1 	 P0339__1__900___0.png
506 	 2 	 P0301__1__0___229.png
507 	 336 	 P0700__1__835___0.png
508 	 41 	 P1354__1__2700___1000.png
509 	 11 	 P0875__1__900___0.png
510 	 1 	 P1426__1__0___4500.png
511 	 8 	 P2747__1__0___1500.png
512 	 19 	 P0719__1__0___0.png
513 	 61 	 P0823__1__745___1873.png
514 	 16 	 P2160__1__0___500.png
515 	 215 	 P1930__1__0___1500.png
516 	 1 	 P1427__1__3600___2000.png
517 	 1 	 P1298__1__900___1000.png
518 	 14 	 P0759__1__139___485.png
519 	 1 	 P0676__1__0___0.png
520 	 3 	 P1258__1__1800___3400.png
521 	 7 	 P2770__1__1800___0.png
522 	 18 	 P0743__1__739___0.png
523 	 83 	 P1387__1__900___1000.png
524 	 2 	 P1200__1__2700___3400.png
525 	 2 	 P0653__1__0___596.png
526 	 6 	 P2740__1__0___500.png
527 	 6 	 P0874__1__462___1842.png
528 	 4 	 P1308__1__900___500.png
529 	 1 	 P0437__1__0___0.png
530 	 9 	 P1350__1__0___3000.png
531 	 6 	 P1389__1__0___0.png
532 	 2 	 P0986__1__282___500.png
533 	 21 	 P2282__1__0___2000.png
534 	 1 	 P2641__1__4500___2500.png
535 	 3 	 P1243__1__1800___1000.png
536 	 93 	 P1930__1__300___1862.png
537 	 6 	 P2756__1__2700___3000.png
538 	 1 	 P1389__1__4500___0.png
539 	 2 	 P2686__1__3600___2000.png
540 	 34 	 P2669__1__900___500.png
541 	 16 	 P0828__1__0___0.png
542 	 8 	 P2729__1__1800___2000.png
543 	 1 	 P0582__1__0___0.png
544 	 5 	 P1427__1__6906___3000.png
545 	 1 	 P2644__1__2700___0.png
546 	 48 	 P1076__1__257___0.png
547 	 168 	 P2158__1__492___500.png
548 	 39 	 P0896__1__0___1000.png
549 	 95 	 P0777__1__0___0.png
550 	 22 	 P0938__1__0___500.png
551 	 2 	 P2759__1__4500___1000.png
552 	 3 	 P1387__1__2700___3000.png
553 	 2 	 P1239__1__2700___1500.png
554 	 13 	 P0728__1__1138___500.png
555 	 9 	 P2690__1__0___500.png
556 	 2 	 P1228__1__900___1000.png
557 	 16 	 P2770__1__2260___1000.png
558 	 63 	 P0823__1__745___500.png
559 	 1 	 P0428__1__0___486.png
560 	 43 	 P0800__1__576___500.png
561 	 14 	 P2693__1__0___0.png
562 	 3 	 P0296__1__107___0.png
563 	 2 	 P1366__1__1800___2000.png
564 	 5 	 P2280__1__0___3000.png
565 	 2 	 P0435__1__0___486.png
566 	 131 	 P1387__1__2700___2000.png
567 	 1 	 P1288__1__2700___1500.png
568 	 1 	 P1200__1__1800___0.png
569 	 1 	 P0899__1__0___1000.png
570 	 2 	 P0860__1__900___2023.png
571 	 41 	 P0129__1__0___1000.png
572 	 35 	 P0868__1__0___500.png
573 	 2 	 P0544__1__619___523.png
574 	 13 	 P0857__1__280___1318.png
575 	 15 	 P1354__1__3000___1500.png
576 	 9 	 P2306__1__0___0.png
577 	 5 	 P1245__1__0___2500.png
578 	 1 	 P0541__1__0___0.png
579 	 1 	 P2740__1__2907___1813.png
580 	 3 	 P2712__1__1005___0.png
581 	 11 	 P1308__1__900___1000.png
582 	 62 	 P0894__1__1800___1383.png
583 	 2 	 P1309__1__1800___500.png
584 	 1 	 P2641__1__4500___2000.png
585 	 26 	 P1387__1__4500___3630.png
586 	 7 	 P2301__1__0___221.png
587 	 1 	 P2756__1__900___1000.png
588 	 3 	 P0334__1__1800___500.png
589 	 15 	 P0760__1__0___223.png
590 	 1 	 P0404__1__0___540.png
591 	 2 	 P2644__1__0___1000.png
592 	 144 	 P0713__1__900___0.png
593 	 10 	 P1251__1__3600___1000.png
594 	 28 	 P0868__1__1800___1738.png
595 	 2 	 P2642__1__4500___2000.png
596 	 20 	 P0760__1__439___223.png
597 	 5 	 P2644__1__900___1500.png
598 	 297 	 P0700__1__0___0.png
599 	 1 	 P1251__1__0___1500.png
600 	 2 	 P1353__1__900___2000.png
601 	 103 	 P0757__1__0___0.png
602 	 2 	 P2685__1__519___500.png
603 	 3 	 P1431__1__900___1000.png
604 	 1 	 P1746__1__900___1500.png
605 	 79 	 P1387__1__5661___2500.png
606 	 7 	 P1428__1__0___500.png
607 	 2 	 P2601__1__0___1000.png
608 	 1 	 P1426__1__6905___0.png
609 	 9 	 P1208__1__0___1000.png
610 	 40 	 P0260__1__862___500.png
611 	 3 	 P2642__1__3600___3500.png
612 	 1 	 P1201__1__2700___3400.png
613 	 6 	 P2756__1__2700___2500.png
614 	 37 	 P0893__1__691___1500.png
615 	 9 	 P2693__1__900___1000.png
616 	 1 	 P0627__1__1800___487.png
617 	 1 	 P2280__1__1800___500.png
618 	 51 	 P1866__1__1719___500.png
619 	 1 	 P0885__1__12___1000.png
620 	 83 	 P2250__1__900___1057.png
621 	 3 	 P2732__1__2087___2000.png
622 	 1 	 P2601__1__1800___1500.png
623 	 38 	 P0129__1__408___1000.png
624 	 319 	 P0713__1__900___500.png
625 	 8 	 P0750__1__900___217.png
626 	 40 	 P2686__1__1800___500.png
627 	 40 	 P0707__1__0___498.png
628 	 2 	 P2741__1__0___1500.png
629 	 210 	 P0827__1__0___1000.png
630 	 1 	 P0967__1__1800___0.png
631 	 1 	 P2756__1__2700___1000.png
632 	 1 	 P2740__1__1800___1000.png
633 	 118 	 P0861__1__900___2000.png
634 	 7 	 P2750__1__900___3111.png
635 	 2 	 P0338__1__900___500.png
636 	 10 	 P2676__1__0___2500.png
637 	 1 	 P2282__1__2076___1000.png
638 	 54 	 P0867__1__1800___1451.png
639 	 49 	 P0905__1__0___818.png
640 	 2 	 P1427__1__1800___500.png
641 	 1 	 P2740__1__1800___0.png
642 	 3 	 P1281__1__3000___1000.png
643 	 8 	 P2668__1__0___2185.png
644 	 6 	 P2731__1__900___2500.png
645 	 45 	 P0920__1__0___500.png
646 	 2 	 P0542__1__0___216.png
647 	 3 	 P1746__1__1800___2000.png
648 	 5 	 P1366__1__2700___1500.png
649 	 1 	 P1431__1__2700___1000.png
650 	 39 	 P0775__1__0___1000.png
651 	 2 	 P0349__1__1800___1000.png
652 	 168 	 P0900__1__1072___500.png
653 	 7 	 P0907__1__0___500.png
654 	 2 	 P2704__1__0___0.png
655 	 148 	 P0872__1__0___500.png
656 	 9 	 P0860__1__900___2000.png
657 	 2 	 P1389__1__0___1500.png
658 	 17 	 P0823__1__0___0.png
659 	 100 	 P0899__1__0___500.png
660 	 15 	 P0631__1__487___0.png
661 	 20 	 P2731__1__2700___500.png
662 	 1 	 P2750__1__900___1000.png
663 	 2 	 P0581__1__1036___1074.png
664 	 33 	 P0896__1__1036___1500.png
665 	 1 	 P0438__1__572___787.png
666 	 128 	 P1930__1__300___500.png
667 	 10 	 P2662__1__900___500.png
668 	 6 	 P0738__1__0___1226.png
669 	 1 	 P1267__1__0___3020.png
670 	 1 	 P1388__1__1800___2000.png
671 	 250 	 P1387__1__2700___2500.png
672 	 13 	 P2692__1__0___500.png
673 	 1 	 P1427__1__5400___3000.png
674 	 24 	 P0867__1__0___0.png
675 	 21 	 P0938__1__676___500.png
676 	 7 	 P2662__1__900___1500.png
677 	 6 	 P2755__1__900___2500.png
678 	 1 	 P2761__1__3720___3500.png
679 	 1 	 P0986__1__0___0.png
680 	 1 	 P1222__1__2700___1500.png
681 	 3 	 P0624__1__0___486.png
682 	 1 	 P1427__1__5400___2500.png
683 	 6 	 P2159__1__0___488.png
684 	 1 	 P2662__1__0___2333.png
685 	 1 	 P1223__1__2700___1500.png
686 	 1 	 P1251__1__3600___2500.png
687 	 25 	 P1387__1__1800___1000.png
688 	 13 	 P2687__1__1738___3500.png
689 	 3 	 P2280__1__1800___2500.png
690 	 57 	 P0893__1__691___2500.png
691 	 1 	 P2708__1__1922___500.png
692 	 11 	 P0738__1__0___0.png
693 	 6 	 P2690__1__900___500.png
694 	 1 	 P0565__1__0___0.png
695 	 27 	 P2741__1__0___500.png
696 	 5 	 P2731__1__900___3000.png
697 	 4 	 P2727__1__0___0.png
698 	 26 	 P1866__1__1719___1500.png
699 	 11 	 P0716__1__0___500.png
700 	 108 	 P0890__1__0___500.png
701 	 1 	 P2756__1__3600___1000.png
702 	 9 	 P2734__1__2700___2000.png
703 	 2 	 P2759__1__2700___3500.png
704 	 60 	 P0790__1__0___1037.png
705 	 2 	 P2710__1__0___1778.png
706 	 5 	 P0892__1__900___0.png
707 	 17 	 P2750__1__2201___3000.png
708 	 1 	 P1382__1__2700___6500.png
709 	 27 	 P0867__1__1800___1000.png
710 	 2 	 P0430__1__0___0.png
711 	 7 	 P2739__1__2964___500.png
712 	 72 	 P2792__1__0___0.png
713 	 1 	 P1207__1__3600___1500.png
714 	 9 	 P2704__1__900___1309.png
715 	 3 	 P1255__1__0___2000.png
716 	 39 	 P0631__1__0___1000.png
717 	 1 	 P2702__1__887___0.png
718 	 3 	 P0860__1__1800___0.png
719 	 5 	 P0334__1__0___0.png
720 	 2 	 P2731__1__0___3000.png
721 	 8 	 P2761__1__2700___2500.png
722 	 3 	 P1228__1__900___3400.png
723 	 274 	 P0713__1__1103___500.png
724 	 83 	 P0899__1__0___0.png
725 	 6 	 P2662__1__1447___500.png
726 	 2 	 P1333__1__3000___1000.png
727 	 244 	 P0713__1__900___1000.png
728 	 101 	 P0823__1__745___1500.png
729 	 1 	 P0327__1__749___500.png
730 	 1 	 P0563__1__0___0.png
731 	 3 	 P0967__1__900___500.png
732 	 1 	 P2741__1__1572___1000.png
733 	 3 	 P1426__1__2700___1000.png
734 	 5 	 P2731__1__900___3500.png
735 	 4 	 P1243__1__900___3000.png
736 	 2 	 P1272__1__900___3000.png
737 	 5 	 P0934__1__1720___500.png
738 	 1 	 P0442__1__0___240.png
739 	 1 	 P1258__1__4200___1000.png
740 	 10 	 P0734__1__900___0.png
741 	 1 	 P2740__1__2700___1813.png
742 	 5 	 P0340__1__900___0.png
743 	 1 	 P2280__1__0___3500.png
744 	 1 	 P2761__1__1800___1000.png
745 	 4 	 P1351__1__900___2000.png
746 	 5 	 P2770__1__2260___0.png
747 	 1 	 P2761__1__2700___3500.png
748 	 23 	 P0894__1__0___1000.png
749 	 2 	 P2642__1__6039___4000.png
750 	 1 	 P2670__1__900___2037.png
751 	 16 	 P1930__1__0___0.png
752 	 9 	 P0734__1__0___0.png
753 	 77 	 P0906__1__0___1291.png
754 	 144 	 P0860__1__900___500.png
755 	 3 	 P2740__1__0___1500.png
756 	 12 	 P1308__1__0___1500.png
757 	 1 	 P1387__1__4500___1500.png
758 	 6 	 P2732__1__2087___1500.png
759 	 3 	 P1351__1__1800___1000.png
760 	 3 	 P2743__1__900___2000.png
761 	 141 	 P0906__1__0___500.png
762 	 222 	 P1927__1__148___2087.png
763 	 1 	 P1351__1__1800___0.png
764 	 23 	 P0888__1__4500___759.png
765 	 18 	 P0759__1__0___0.png
766 	 33 	 P2601__1__900___1000.png
767 	 25 	 P2761__1__3720___1500.png
768 	 2 	 P2731__1__3600___500.png
769 	 7 	 P2769__1__900___2500.png
770 	 1 	 P0538__1__1142___524.png
771 	 9 	 P0728__1__900___500.png
772 	 1 	 P1426__1__3600___1000.png
773 	 206 	 P1929__1__0___1614.png
774 	 1 	 P0335__1__0___0.png
775 	 6 	 P1388__1__900___500.png
776 	 5 	 P1428__1__1800___2000.png
777 	 14 	 P0892__1__900___1500.png
778 	 57 	 P0871__1__900___2000.png
779 	 100 	 P0896__1__0___1500.png
780 	 1 	 P2641__1__6574___2500.png
781 	 67 	 P2250__1__2065___500.png
782 	 1 	 P1272__1__900___500.png
783 	 4 	 P0963__1__0___266.png
784 	 1 	 P1426__1__1800___4000.png
785 	 1 	 P1277__1__1800___2500.png
786 	 67 	 P2706__1__748___0.png
787 	 1 	 P0522__1__0___1000.png
788 	 1 	 P0571__1__205___500.png
789 	 114 	 P2250__1__900___500.png
790 	 1 	 P1311__1__3000___3020.png
791 	 44 	 P0828__1__0___500.png
792 	 1 	 P2584__1__1090___2000.png
793 	 3 	 P0873__1__0___2500.png
794 	 1 	 P0001__1__252___5000.png
795 	 9 	 P2747__1__0___500.png
796 	 224 	 P0777__1__609___758.png
797 	 1 	 P0542__1__0___0.png
798 	 2 	 P0001__1__252___1500.png
799 	 29 	 P2761__1__3600___1500.png
800 	 6 	 P2681__1__0___0.png
801 	 1 	 P2674__1__1785___2000.png
802 	 1 	 P0521__1__242___1000.png
803 	 7 	 P0888__1__1800___0.png
804 	 5 	 P2729__1__2087___1500.png
805 	 1 	 P1292__1__0___3400.png
806 	 1 	 P0522__1__0___500.png
807 	 2 	 P1224__1__0___500.png
808 	 3 	 P0425__1__0___0.png
809 	 1 	 P0873__1__0___0.png
810 	 1 	 P1272__1__0___3000.png
811 	 1 	 P2732__1__900___0.png
812 	 4 	 P0898__1__1749___2000.png
813 	 1 	 P1287__1__2700___1500.png
814 	 31 	 P2250__1__2065___1000.png
815 	 1 	 P2761__1__3600___3000.png
816 	 1 	 P0437__1__0___239.png
817 	 159 	 P2792__1__1349___500.png
818 	 13 	 P2662__1__900___1000.png
819 	 25 	 P0895__1__0___946.png
820 	 1 	 P1209__1__2700___3400.png
821 	 1 	 P2280__1__900___0.png
822 	 1 	 P2731__1__3913___3000.png
823 	 165 	 P1387__1__4500___2500.png
824 	 7 	 P2686__1__2700___2000.png
825 	 13 	 P0861__1__1178___0.png
826 	 23 	 P0857__1__0___1000.png
827 	 46 	 P0757__1__658___0.png
828 	 3 	 P0405__1__0___0.png
829 	 2 	 P1420__1__1001___500.png
830 	 2 	 P1427__1__6906___3500.png
831 	 2 	 P2761__1__3600___2500.png
832 	 1 	 P1662__1__2700___2000.png
833 	 1 	 P0343__1__900___516.png
834 	 33 	 P0835__1__1904___500.png
835 	 4 	 P0728__1__900___772.png
836 	 1 	 P2280__1__2700___3000.png
837 	 9 	 P0940__1__0___0.png
838 	 1 	 P2670__1__0___2037.png
839 	 5 	 P2282__1__1800___1000.png
840 	 1 	 P2743__1__2700___3000.png
841 	 1 	 P2750__1__1800___2500.png
842 	 1 	 P1224__1__900___0.png
843 	 6 	 P2687__1__1738___1000.png
844 	 2 	 P1427__1__900___2000.png
845 	 53 	 P2673__1__900___500.png
846 	 3 	 P1281__1__3000___2000.png
847 	 20 	 P0835__1__1800___0.png
848 	 54 	 P0893__1__0___1000.png
849 	 2 	 P1295__1__1800___3000.png
850 	 19 	 P2761__1__2700___2000.png
851 	 1 	 P0346__1__900___1000.png
852 	 7 	 P2756__1__900___0.png
853 	 26 	 P2676__1__1466___2500.png
854 	 2 	 P1389__1__2700___4000.png
855 	 199 	 P1929__1__0___500.png
856 	 1 	 P2644__1__0___0.png
857 	 12 	 P2730__1__400___0.png
858 	 2 	 P0544__1__619___0.png
859 	 4 	 P1431__1__1800___1500.png
860 	 2 	 P2687__1__0___4908.png
861 	 7 	 P0893__1__691___3000.png
862 	 14 	 P2673__1__900___0.png
863 	 135 	 P1387__1__0___1000.png
864 	 1 	 P0531__1__1090___500.png
865 	 1 	 P2750__1__0___2000.png
866 	 1 	 P0563__1__358___516.png
867 	 30 	 P2676__1__0___500.png
868 	 11 	 P1208__1__0___500.png
869 	 1 	 P1201__1__900___1000.png
870 	 19 	 P1389__1__4500___2500.png
871 	 6 	 P0340__1__0___0.png
872 	 14 	 P2321__1__0___0.png
873 	 40 	 P0731__1__0___500.png
874 	 88 	 P0828__1__516___1500.png
875 	 25 	 P2729__1__0___1500.png
876 	 121 	 P0898__1__900___3279.png
877 	 4 	 P2734__1__1800___0.png
878 	 2 	 P0440__1__0___500.png
879 	 1 	 P1388__1__1800___4500.png
880 	 3 	 P1259__1__3000___3400.png
881 	 1 	 P0337__1__1800___0.png
882 	 5 	 P1420__1__0___560.png
883 	 1 	 P2759__1__6300___2500.png
884 	 1 	 P0424__1__0___0.png
885 	 1 	 P1217__1__1800___3000.png
886 	 1 	 P1353__1__2700___1500.png
887 	 4 	 P0001__1__0___2500.png
888 	 1 	 P2641__1__6300___2500.png
889 	 6 	 P2730__1__400___834.png
890 	 1 	 P2761__1__1800___3000.png
891 	 2 	 P0653__1__170___596.png
892 	 61 	 P0835__1__0___868.png
893 	 2 	 P1427__1__900___0.png
894 	 175 	 P1388__1__1800___3000.png
895 	 81 	 P1382__1__1800___4500.png
896 	 2 	 P1427__1__900___500.png
897 	 50 	 P0892__1__0___500.png
898 	 2 	 P2280__1__2700___0.png
899 	 22 	 P1389__1__3600___3500.png
900 	 2 	 P1344__1__2700___3400.png
901 	 9 	 P0867__1__0___1451.png
902 	 1 	 P1260__1__1800___2500.png
903 	 7 	 P0898__1__900___1000.png
904 	 1 	 P0533__1__359___0.png
905 	 162 	 P1388__1__2700___3500.png
906 	 8 	 P0724__1__658___0.png
907 	 2 	 P2676__1__1466___3000.png
908 	 6 	 P2741__1__900___1500.png
909 	 1 	 P0322__1__552___1351.png
910 	 1 	 P2740__1__900___0.png
911 	 16 	 P1382__1__2700___4500.png
912 	 1 	 P1311__1__2700___3020.png
913 	 2 	 P0719__1__0___498.png
914 	 37 	 P0868__1__900___1500.png
915 	 2 	 P0438__1__572___0.png
916 	 3 	 P2690__1__900___1000.png
917 	 2 	 P2731__1__900___1500.png
918 	 23 	 P0868__1__2288___1500.png
919 	 8 	 P2280__1__1800___1500.png
920 	 3 	 P0873__1__634___1500.png
921 	 1 	 P0417__1__0___486.png
922 	 6 	 P1428__1__1800___2200.png
923 	 13 	 P1076__1__257___1500.png
924 	 1 	 P2756__1__900___2500.png
925 	 28 	 P2747__1__1946___1500.png
926 	 1 	 P0867__1__900___0.png
927 	 2 	 P0345__1__331___500.png
928 	 1 	 P2734__1__1800___2099.png
929 	 14 	 P2740__1__900___1000.png
930 	 3 	 P1243__1__900___2500.png
931 	 20 	 P1389__1__3600___2000.png
932 	 15 	 P2747__1__0___1000.png
933 	 75 	 P1866__1__900___1000.png
934 	 3 	 P1431__1__1800___1975.png
935 	 2 	 P2704__1__0___500.png
936 	 194 	 P0700__1__0___1000.png
937 	 9 	 P1366__1__1800___2500.png
938 	 179 	 P2792__1__1349___0.png
939 	 1 	 P0873__1__634___1000.png
940 	 9 	 P2755__1__0___3500.png
941 	 6 	 P1428__1__2165___2000.png
942 	 7 	 P1243__1__0___2500.png
943 	 6 	 P2401__1__0___1500.png
944 	 1 	 P1201__1__900___1500.png
945 	 42 	 P0872__1__0___0.png
946 	 1 	 P2761__1__3720___3000.png
947 	 3 	 P0001__1__0___3000.png
948 	 68 	 P0875__1__0___1000.png
949 	 3 	 P0001__1__252___3000.png
950 	 1 	 P2641__1__6300___2000.png
951 	 1 	 P1340__1__900___3000.png
952 	 2 	 P2642__1__5400___4500.png
953 	 16 	 P0743__1__0___0.png
954 	 10 	 P1281__1__0___2000.png
955 	 11 	 P2642__1__3600___4500.png
956 	 1 	 P0581__1__1036___1000.png
957 	 33 	 P0875__1__0___0.png
958 	 2 	 P2686__1__4500___2000.png
959 	 25 	 P1866__1__900___500.png
960 	 1 	 P1366__1__4200___2000.png
961 	 6 	 P2642__1__2700___3500.png
962 	 1 	 P0987__1__78___0.png
963 	 1 	 P1358__1__0___1500.png
964 	 32 	 P2681__1__424___500.png
965 	 1 	 P1267__1__1800___1500.png
966 	 1 	 P2731__1__3600___2500.png
967 	 18 	 P0888__1__900___0.png
968 	 1 	 P1351__1__0___0.png
969 	 1 	 P1259__1__0___3400.png
970 	 1 	 P1357__1__2700___1000.png
971 	 13 	 P0893__1__0___0.png
972 	 26 	 P0893__1__691___3500.png
973 	 1 	 P1274__1__0___500.png
974 	 10 	 P0327__1__0___500.png
975 	 64 	 P1387__1__5400___2500.png
976 	 1 	 P1845__1__900___2887.png
977 	 10 	 P0944__1__1800___258.png
978 	 127 	 P0835__1__900___500.png
979 	 1 	 P1431__1__2700___1975.png
980 	 3 	 P1427__1__900___1000.png
981 	 1 	 P1295__1__3600___2500.png
982 	 1 	 P0288__1__0___500.png
983 	 10 	 P1866__1__0___2000.png
984 	 1 	 P0443__1__0___0.png
985 	 1 	 P0334__1__0___1089.png
986 	 5 	 P2734__1__0___0.png
987 	 1 	 P0562__1__0___466.png
988 	 171 	 P0790__1__1344___500.png
989 	 15 	 P1354__1__2700___1500.png
990 	 2 	 P1308__1__0___2500.png
991 	 1 	 P2280__1__2700___2000.png
992 	 8 	 P0129__1__408___0.png
993 	 1 	 P0338__1__0___0.png
994 	 1 	 P1321__1__1800___0.png
995 	 2 	 P0896__1__900___0.png
996 	 7 	 P0324__1__0___500.png
997 	 3 	 P0337__1__900___500.png
998 	 1 	 P1201__1__0___0.png
999 	 53 	 P0871__1__1391___2000.png
1000 	 5 	 P2743__1__900___1500.png
1001 	 3 	 P2641__1__5400___0.png
1002 	 2 	 P1389__1__2700___2000.png
1003 	 3 	 P1427__1__1800___1000.png
1004 	 7 	 P0734__1__1098___0.png
1005 	 84 	 P0703__1__299___1000.png
1006 	 64 	 P0790__1__900___1000.png
1007 	 1 	 P2674__1__900___2000.png
1008 	 84 	 P0920__1__319___1000.png
1009 	 1 	 P0533__1__0___0.png
1010 	 2 	 P0327__1__0___1321.png
1011 	 11 	 P0888__1__1800___759.png
1012 	 73 	 P1382__1__2700___5000.png
1013 	 2 	 P0338__1__1624___500.png
1014 	 29 	 P2283__1__1307___1000.png
1015 	 1 	 P1258__1__900___3400.png
1016 	 6 	 P2751__1__900___0.png
1017 	 11 	 P0941__1__1800___0.png
1018 	 8 	 P2732__1__2087___1000.png
1019 	 2 	 P1243__1__3000___500.png
1020 	 1 	 P1200__1__3600___3400.png
1021 	 5 	 P1281__1__1800___2000.png
1022 	 4 	 P2770__1__2260___1500.png
1023 	 3 	 P2731__1__0___4295.png
1024 	 111 	 P0835__1__900___868.png
1025 	 1 	 P0581__1__0___0.png
1026 	 1 	 P1351__1__3600___500.png
1027 	 1 	 P1587__1__1800___3000.png
1028 	 1 	 P1427__1__3600___4500.png
1029 	 13 	 P2755__1__932___0.png
1030 	 97 	 P0860__1__2700___1500.png
1031 	 43 	 P2676__1__900___1000.png
1032 	 13 	 P2755__1__900___0.png
1033 	 18 	 P2305__1__0___0.png
1034 	 1 	 P2759__1__2700___2500.png
1035 	 3 	 P2324__1__0___0.png
1036 	 231 	 P0898__1__0___3279.png
1037 	 2 	 P0987__1__0___1000.png
1038 	 3 	 P2759__1__7823___2500.png
1039 	 1 	 P0868__1__0___1738.png
1040 	 1 	 P1746__1__900___2000.png
1041 	 3 	 P1251__1__0___2500.png
1042 	 2 	 P2670__1__900___500.png
1043 	 8 	 P0737__1__900___773.png
1044 	 13 	 P2755__1__900___1000.png
1045 	 1 	 P2686__1__4500___1500.png
1046 	 3 	 P2642__1__6039___2000.png
1047 	 60 	 P1076__1__0___0.png
1048 	 1 	 P0321__1__0___500.png
1049 	 2 	 P0885__1__12___1500.png
1050 	 165 	 P0898__1__0___2000.png
1051 	 8 	 P2755__1__0___1000.png
1052 	 15 	 P0734__1__900___1042.png
1053 	 35 	 P0707__1__422___0.png
1054 	 147 	 P0713__1__0___1044.png
1055 	 1 	 P2259__1__280___0.png
1056 	 35 	 P1387__1__5400___3630.png
1057 	 2 	 P0878__1__3600___1000.png
1058 	 7 	 P2687__1__0___4500.png
1059 	 40 	 P0800__1__0___1000.png
1060 	 1 	 P1291__1__0___0.png
1061 	 180 	 P0777__1__0___758.png
1062 	 30 	 P0861__1__0___0.png
1063 	 2 	 P1350__1__900___3000.png
1064 	 204 	 P1927__1__148___0.png
1065 	 1 	 P2750__1__0___2500.png
1066 	 177 	 P1927__1__0___0.png
1067 	 1 	 P1389__1__5008___1500.png
1068 	 1 	 P1267__1__900___0.png
1069 	 53 	 P2706__1__0___500.png
1070 	 4 	 P2732__1__1800___0.png
1071 	 1 	 P0521__1__0___1000.png
1072 	 1 	 P0573__1__0___561.png
1073 	 1 	 P1354__1__3000___2000.png
1074 	 56 	 P0892__1__1334___500.png
1075 	 9 	 P1420__1__0___0.png
1076 	 19 	 P2750__1__1800___3000.png
1077 	 238 	 P1927__1__0___2087.png
1078 	 90 	 P0898__1__900___2500.png
1079 	 1 	 P0340__1__1885___805.png
1080 	 98 	 P0894__1__2497___1383.png
1081 	 12 	 P0726__1__0___0.png
1082 	 1 	 P1228__1__0___0.png
1083 	 2 	 P2642__1__5400___0.png
1084 	 1 	 P1272__1__1800___3000.png
1085 	 1 	 P1662__1__3000___2000.png
1086 	 1 	 P1746__1__0___1500.png
1087 	 202 	 P0775__1__791___0.png
1088 	 7 	 P2704__1__900___1000.png
1089 	 99 	 P0898__1__900___500.png
1090 	 5 	 P2280__1__900___1000.png
1091 	 26 	 P2676__1__0___1500.png
1092 	 1 	 P0572__1__0___235.png
1093 	 2 	 P0337__1__0___500.png
1094 	 34 	 P1387__1__4500___3500.png
1095 	 6 	 P2641__1__4500___500.png
1096 	 14 	 P0940__1__382___794.png
1097 	 1 	 P0335__1__1053___500.png
1098 	 2 	 P0346__1__2700___500.png
1099 	 1 	 P1209__1__3000___3000.png
1100 	 1 	 P0404__1__139___540.png
1101 	 11 	 P2692__1__900___1500.png
1102 	 3 	 P2731__1__3600___4000.png
1103 	 1 	 P0416__1__0___0.png
1104 	 1 	 P0582__1__0___500.png
1105 	 1 	 P0581__1__900___0.png
1106 	 7 	 P1594__1__2700___500.png
1107 	 30 	 P2283__1__900___500.png
1108 	 1 	 P2685__1__0___1500.png
1109 	 9 	 P1431__1__900___1500.png
1110 	 1 	 P2769__1__900___1500.png
1111 	 109 	 P2250__1__900___1000.png
1112 	 21 	 P0732__1__659___498.png
1113 	 2 	 P0934__1__900___560.png
1114 	 23 	 P1594__1__3000___0.png
1115 	 1 	 P1427__1__3600___1500.png
1116 	 1 	 P2641__1__3600___5000.png
1117 	 6 	 P2280__1__900___4000.png
1118 	 2 	 P1251__1__3600___2000.png
1119 	 10 	 P1388__1__2700___3000.png
1120 	 1 	 P0871__1__1391___500.png
1121 	 1 	 P0324__1__1782___500.png
1122 	 25 	 P2158__1__492___1165.png
1123 	 1 	 P1287__1__2700___3000.png
1124 	 1 	 P1200__1__1800___500.png
1125 	 56 	 P1927__1__148___1500.png
1126 	 50 	 P1388__1__900___4000.png
1127 	 216 	 P2792__1__900___500.png
1128 	 5 	 P1366__1__2700___2000.png
1129 	 9 	 P2708__1__1922___1000.png
1130 	 1 	 P1591__1__0___1000.png
1131 	 40 	 P2676__1__900___2500.png
1132 	 7 	 P2755__1__900___2000.png
1133 	 1 	 P2642__1__6039___500.png
1134 	 5 	 P2769__1__900___2000.png
1135 	 1 	 P1272__1__1800___0.png
1136 	 100 	 P1388__1__900___2500.png
1137 	 3 	 P1431__1__2964___0.png
1138 	 36 	 P0757__1__0___498.png
1139 	 1 	 P0878__1__2700___1457.png
1140 	 1 	 P1321__1__1800___500.png
1141 	 13 	 P0938__1__676___0.png
1142 	 2 	 P2750__1__2201___2500.png
1143 	 26 	 P2601__1__900___1500.png
1144 	 8 	 P1382__1__3817___5500.png
1145 	 98 	 P0892__1__900___500.png
1146 	 5 	 P1094__1__207___0.png
1147 	 3 	 P0334__1__1836___500.png
1148 	 1 	 P0001__1__252___2000.png
1149 	 2 	 P2669__1__971___0.png
1150 	 1 	 P0001__1__0___4500.png
1151 	 17 	 P1866__1__1719___2500.png
1152 	 3 	 P2681__1__424___0.png
1153 	 4 	 P0944__1__0___258.png
1154 	 2 	 P2693__1__900___1899.png
1155 	 2 	 P2731__1__0___2000.png
1156 	 148 	 P0730__1__0___498.png
1157 	 250 	 P0861__1__900___1500.png
1158 	 2 	 P0418__1__411___0.png
1159 	 14 	 P1076__1__0___2000.png
1160 	 1 	 P1357__1__1800___1000.png
1161 	 7 	 P2710__1__0___1000.png
1162 	 2 	 P1277__1__900___2500.png
1163 	 1 	 P2756__1__900___500.png
1164 	 1 	 P1351__1__0___2000.png
1165 	 30 	 P1076__1__0___1000.png
1166 	 20 	 P2676__1__1466___1000.png
1167 	 19 	 P2686__1__3600___2500.png
1168 	 32 	 P0872__1__1426___0.png
1169 	 14 	 P2601__1__1800___2500.png
1170 	 15 	 P2756__1__1800___2500.png
1171 	 3 	 P2676__1__900___3000.png
1172 	 106 	 P0890__1__674___2500.png
1173 	 4 	 P2642__1__2700___4951.png
1174 	 7 	 P1389__1__900___1000.png
1175 	 20 	 P2690__1__0___1500.png
1176 	 2 	 P2672__1__1800___1000.png
1177 	 16 	 P0800__1__0___1312.png
1178 	 7 	 P2731__1__2700___1500.png
1179 	 1 	 P0332__1__0___0.png
1180 	 276 	 P0777__1__609___500.png
1181 	 19 	 P2712__1__900___749.png
1182 	 102 	 P0872__1__1426___500.png
1183 	 13 	 P2693__1__900___500.png
1184 	 41 	 P0893__1__691___4000.png
1185 	 28 	 P1389__1__900___0.png
1186 	 95 	 P0872__1__1426___576.png
1187 	 1 	 P1297__1__2700___1500.png
1188 	 5 	 P2644__1__1800___1500.png
1189 	 72 	 P2250__1__1800___1000.png
1190 	 1 	 P2750__1__0___1500.png
1191 	 1 	 P2280__1__0___4000.png
1192 	 3 	 P0446__1__674___0.png
1193 	 194 	 P0700__1__0___1089.png
1194 	 1 	 P1431__1__0___0.png
1195 	 4 	 P1243__1__900___0.png
1196 	 2 	 P1223__1__2700___1000.png
1197 	 150 	 P1387__1__900___1500.png
1198 	 10 	 P2730__1__400___500.png
1199 	 11 	 P0861__1__1178___500.png
1200 	 1 	 P2759__1__3600___3500.png
1201 	 1 	 P1431__1__1800___1000.png
1202 	 1 	 P2742__1__0___1000.png
1203 	 13 	 P2708__1__900___0.png
1204 	 3 	 P2755__1__932___3000.png
1205 	 38 	 P0868__1__900___1000.png
1206 	 1 	 P1251__1__3600___500.png
1207 	 1 	 P2759__1__7200___3000.png
1208 	 11 	 P0327__1__0___0.png
1209 	 1 	 P0531__1__900___500.png
1210 	 1 	 P1272__1__900___0.png
1211 	 3 	 P0321__1__552___500.png
1212 	 5 	 P0001__1__0___4000.png
1213 	 26 	 P0857__1__280___1000.png
1214 	 2 	 P1277__1__1800___3000.png
1215 	 99 	 P0828__1__516___500.png
1216 	 7 	 P1388__1__0___3500.png
1217 	 1 	 P0339__1__0___500.png
1218 	 8 	 P2260__1__527___0.png
1219 	 32 	 P2669__1__971___500.png
1220 	 2 	 P2644__1__1800___2500.png
1221 	 12 	 P0734__1__1098___1042.png
1222 	 1 	 P2769__1__1686___500.png
1223 	 4 	 P1427__1__1800___2000.png
1224 	 5 	 P1353__1__2700___2500.png
1225 	 144 	 P0827__1__0___1287.png
1226 	 7 	 P2750__1__900___3000.png
1227 	 2 	 P1333__1__2700___1500.png
1228 	 1 	 P0439__1__0___229.png
1229 	 1 	 P1250__1__3000___0.png
1230 	 3 	 P2662__1__900___0.png
1231 	 4 	 P2732__1__0___2000.png
1232 	 13 	 P1420__1__1001___0.png
1233 	 167 	 P2792__1__0___500.png
1234 	 7 	 P2708__1__0___0.png
1235 	 2 	 P1354__1__3000___0.png
1236 	 3 	 P2770__1__2260___1566.png
1237 	 1 	 P1311__1__3000___3000.png
1238 	 10 	 P0727__1__0___0.png
1239 	 181 	 P1388__1__900___2000.png
1240 	 2 	 P1267__1__3000___1000.png
1241 	 13 	 P0899__1__1151___0.png
1242 	 30 	 P1076__1__257___1000.png
1243 	 1 	 P0885__1__0___1000.png
1244 	 1 	 P1247__1__1800___3400.png
1245 	 2 	 P2747__1__900___1500.png
1246 	 45 	 P0874__1__0___1000.png
1247 	 4 	 P0948__1__900___500.png
1248 	 5 	 P2732__1__0___1500.png
1249 	 1 	 P1292__1__2700___2500.png
1250 	 32 	 P0874__1__462___1500.png
1251 	 1 	 P2642__1__3600___0.png
1252 	 20 	 P1387__1__4500___2000.png
1253 	 35 	 P0905__1__0___0.png
1254 	 6 	 P1426__1__900___1000.png
1255 	 122 	 P1930__1__0___1000.png
1256 	 5 	 P1420__1__0___500.png
1257 	 1 	 P1427__1__3600___1000.png
1258 	 49 	 P0895__1__468___946.png
1259 	 25 	 P1866__1__1719___2000.png
1260 	 8 	 P2686__1__900___0.png
1261 	 5 	 P1228__1__900___2000.png
1262 	 2 	 P0437__1__412___239.png
1263 	 3 	 P2740__1__0___1000.png
1264 	 7 	 P2743__1__900___1000.png
1265 	 1 	 P1288__1__1800___1000.png
1266 	 13 	 P2676__1__900___500.png
1267 	 42 	 P1387__1__5661___3000.png
1268 	 7 	 P2250__1__0___500.png
1269 	 2 	 P1431__1__2964___1000.png
1270 	 46 	 P2601__1__900___2000.png
1271 	 1 	 P1211__1__0___2000.png
1272 	 1 	 P1057__1__2700___1500.png
1273 	 95 	 P1388__1__1800___3500.png
1274 	 15 	 P0888__1__5224___500.png
1275 	 3 	 P1243__1__3000___2000.png
1276 	 1 	 P0335__1__900___500.png
1277 	 1 	 P0404__1__0___500.png
1278 	 4 	 P2747__1__900___1000.png
1279 	 3 	 P0873__1__0___2617.png
1280 	 92 	 P0900__1__0___1000.png
1281 	 5 	 P0321__1__0___1000.png
1282 	 1 	 P1243__1__2700___2000.png
1283 	 2 	 P2326__1__0___0.png
1284 	 7 	 P2729__1__0___2029.png
1285 	 1 	 P1239__1__900___2500.png
1286 	 2 	 P2642__1__5400___1500.png
1287 	 1 	 P2743__1__900___2500.png
1288 	 16 	 P2761__1__3600___2000.png
1289 	 3 	 P0344__1__0___1322.png
1290 	 157 	 P0730__1__0___0.png
1291 	 1 	 P1247__1__0___3000.png
1292 	 5 	 P0299__1__153___0.png
1293 	 20 	 P2676__1__0___2000.png
1294 	 1 	 P1431__1__2964___500.png
1295 	 25 	 P0340__1__1885___500.png
1296 	 21 	 P0790__1__1344___0.png
1297 	 1 	 P2280__1__2700___1000.png
1298 	 2 	 P0553__1__671___241.png
1299 	 1 	 P1258__1__3600___500.png
1300 	 6 	 P0415__1__151___0.png
1301 	 1 	 P1388__1__3216___3000.png
1302 	 1 	 P2686__1__900___2000.png
1303 	 64 	 P0915__1__497___1154.png
1304 	 1 	 P0581__1__0___1074.png
1305 	 1 	 P0443__1__104___0.png
1306 	 24 	 P0893__1__691___1000.png
1307 	 19 	 P0871__1__1391___1000.png
1308 	 7 	 P2669__1__900___847.png
1309 	 3 	 P1389__1__4500___2000.png
1310 	 21 	 P2690__1__0___1685.png
1311 	 3 	 P0299__1__0___237.png
1312 	 1 	 P1389__1__4500___1000.png
1313 	 10 	 P2728__1__1944___500.png
1314 	 90 	 P0898__1__1749___3279.png
1315 	 15 	 P0835__1__900___0.png
1316 	 56 	 P0827__1__0___0.png
1317 	 2 	 P0571__1__0___0.png
1318 	 25 	 P2747__1__1800___1705.png
1319 	 5 	 P1094__1__0___0.png
1320 	 1 	 P0520__1__0___500.png
1321 	 9 	 P2642__1__4500___4500.png
1322 	 217 	 P0906__1__0___1000.png
1323 	 97 	 P2741__1__0___0.png
1324 	 128 	 P0898__1__900___3000.png
1325 	 1 	 P1228__1__0___1500.png
1326 	 2 	 P1243__1__2700___500.png
1327 	 7 	 P2755__1__0___500.png
1328 	 5 	 P1426__1__4500___2500.png
1329 	 7 	 P0745__1__700___0.png
1330 	 5 	 P2280__1__900___2000.png
1331 	 7 	 P2662__1__1447___1000.png
1332 	 6 	 P2731__1__900___2000.png
1333 	 30 	 P0868__1__2288___1000.png
1334 	 2 	 P0885__1__12___1534.png
1335 	 3 	 P2747__1__900___0.png
1336 	 1 	 P0531__1__900___806.png
1337 	 1 	 P2704__1__0___1000.png
1338 	 8 	 P2756__1__900___2000.png
1339 	 6 	 P0907__1__670___500.png
1340 	 4 	 P0873__1__0___500.png
1341 	 1 	 P2756__1__0___1000.png
1342 	 11 	 P1431__1__900___1975.png
1343 	 15 	 P2755__1__932___1500.png
1344 	 1 	 P0011__1__0___500.png
1345 	 1 	 P1256__1__2700___3400.png
1346 	 8 	 P1866__1__0___2500.png
1347 	 1 	 P0339__1__1800___500.png
1348 	 4 	 P1591__1__900___3400.png
1349 	 1 	 P0349__1__2272___1500.png
1350 	 3 	 P1281__1__2700___2500.png
1351 	 6 	 P1350__1__2700___3000.png
1352 	 1 	 P2740__1__2907___1500.png
1353 	 2 	 P2755__1__0___4000.png
1354 	 6 	 P1353__1__2700___2000.png
1355 	 6 	 P0724__1__658___498.png
1356 	 2 	 P2742__1__1348___500.png
1357 	 36 	 P0888__1__2700___500.png
1358 	 3 	 P2769__1__1686___2000.png
1359 	 1 	 P1352__1__900___1500.png
1360 	 1 	 P1267__1__900___500.png
1361 	 8 	 P0722__1__0___500.png
1362 	 71 	 P1382__1__1800___5000.png
1363 	 10 	 P0857__1__0___1318.png
1364 	 1 	 P1209__1__3000___3400.png
1365 	 7 	 P2731__1__3600___1000.png
1366 	 2 	 P1329__1__900___3000.png
1367 	 1 	 P1311__1__2700___3000.png
1368 	 9 	 P2690__1__900___1500.png
1369 	 1 	 P2792__1__0___1039.png
1370 	 44 	 P0860__1__2700___0.png
1371 	 2 	 P2732__1__900___2032.png
1372 	 3 	 P1267__1__3000___2000.png
1373 	 2 	 P1350__1__0___3400.png
1374 	 104 	 P0860__1__900___1500.png
1375 	 8 	 P0260__1__862___847.png
1376 	 5 	 P2673__1__1557___2000.png
1377 	 2 	 P2731__1__3600___3000.png
1378 	 1 	 P1295__1__900___3000.png
1379 	 25 	 P2747__1__1946___1705.png
1380 	 62 	 P2761__1__0___500.png
1381 	 48 	 P2687__1__900___4000.png
1382 	 6 	 P1426__1__6300___1500.png
1383 	 5 	 P0893__1__0___4000.png
1384 	 12 	 P2693__1__0___1899.png
1385 	 6 	 P0737__1__0___500.png
1386 	 3 	 P2755__1__900___3000.png
1387 	 7 	 P2755__1__932___2000.png
1388 	 2 	 P1258__1__1800___3000.png
1389 	 219 	 P0861__1__1178___1500.png
1390 	 103 	 P1387__1__1800___1500.png
1391 	 7 	 P2692__1__1686___1500.png
1392 	 1 	 P2759__1__3600___0.png
1393 	 2 	 P1344__1__3600___3000.png
1394 	 2 	 P1238__1__900___3400.png
1395 	 3 	 P1328__1__2700___1000.png
1396 	 6 	 P0129__1__408___1350.png
1397 	 1 	 P0445__1__0___0.png
1398 	 6 	 P2280__1__900___1500.png
1399 	 1 	 P1388__1__1800___0.png
1400 	 12 	 P0775__1__0___1286.png
1401 	 13 	 P0868__1__1800___500.png
1402 	 2 	 P1353__1__900___2500.png
1403 	 3 	 P0948__1__900___845.png
1404 	 59 	 P0733__1__1800___0.png
1405 	 11 	 P1389__1__3600___4500.png
1406 	 2 	 P1274__1__3000___2000.png
1407 	 12 	 P0728__1__0___0.png
1408 	 98 	 P0700__1__835___1089.png
1409 	 16 	 P0129__1__0___0.png
1410 	 7 	 P1431__1__900___500.png
1411 	 2 	 P1247__1__900___3400.png
1412 	 3 	 P1267__1__3000___1500.png
1413 	 3 	 P1591__1__900___2000.png
1414 	 1 	 P0521__1__242___1284.png
1415 	 1 	 P2756__1__3718___1000.png
1416 	 37 	 P0896__1__900___1000.png
1417 	 96 	 P0700__1__835___1000.png
1418 	 4 	 P0963__1__0___0.png
1419 	 61 	 P1388__1__1800___2500.png
1420 	 94 	 P0894__1__0___500.png
1421 	 3 	 P1426__1__900___2500.png
1422 	 12 	 P1351__1__900___1000.png
1423 	 1 	 P1256__1__1800___3400.png
1424 	 10 	 P2792__1__900___1039.png
1425 	 1 	 P2743__1__1800___2000.png
1426 	 8 	 P0406__1__0___486.png
1427 	 4 	 P2584__1__0___2000.png
1428 	 11 	 P0944__1__900___0.png
1429 	 45 	 P2681__1__0___601.png
1430 	 8 	 P0728__1__1138___772.png
1431 	 8 	 P1382__1__3600___5500.png
1432 	 2 	 P2672__1__2700___1000.png
1433 	 2 	 P0296__1__0___502.png
1434 	 3 	 P0407__1__0___0.png
1435 	 2 	 P1387__1__2700___1000.png
1436 	 4 	 P2792__1__1349___1039.png
1437 	 3 	 P0424__1__0___500.png
1438 	 1 	 P1295__1__900___3400.png
1439 	 22 	 P0731__1__619___0.png
1440 	 5 	 P0892__1__1334___0.png
1441 	 1 	 P2687__1__1738___4908.png
1442 	 3 	 P1328__1__3000___1000.png
1443 	 1 	 P0001__1__0___2000.png
1444 	 13 	 P0868__1__0___1000.png
1445 	 1 	 P2732__1__2087___500.png
1446 	 1 	 P0335__1__900___1075.png
1447 	 1 	 P0441__1__0___0.png
1448 	 25 	 P0896__1__1036___1838.png
1449 	 52 	 P1388__1__900___3000.png
1450 	 2 	 P0344__1__751___1322.png
1451 	 10 	 P0631__1__487___1303.png
1452 	 2 	 P2642__1__900___4000.png
1453 	 2 	 P0873__1__634___2617.png
1454 	 1 	 P1295__1__2700___1000.png
1455 	 1 	 P0020__1__4058___1000.png
1456 	 123 	 P1388__1__2700___4000.png
1457 	 75 	 P1929__1__333___0.png
1458 	 1 	 P2759__1__6300___3500.png
1459 	 8 	 P2692__1__900___0.png
1460 	 6 	 P0726__1__0___498.png
1461 	 3 	 P2732__1__2087___0.png
1462 	 1 	 P0431__1__0___0.png
1463 	 3 	 P0549__1__0___0.png
1464 	 1 	 P1431__1__0___1975.png
1465 	 8 	 P2732__1__900___500.png
1466 	 14 	 P1076__1__257___2031.png
1467 	 65 	 P0898__1__900___0.png
1468 	 46 	 P2681__1__0___500.png
1469 	 9 	 P2708__1__1800___1000.png
1470 	 2 	 P0578__1__900___522.png
1471 	 157 	 P0730__1__659___498.png
1472 	 2 	 P2280__1__3103___500.png
1473 	 37 	 P1387__1__0___500.png
1474 	 1 	 P2727__1__657___0.png
1475 	 5 	 P0867__1__1800___500.png
1476 	 26 	 P2706__1__748___500.png
1477 	 3 	 P2281__1__1800___1000.png
1478 	 8 	 P1250__1__900___0.png
1479 	 1 	 P0431__1__103___0.png
1480 	 87 	 P1866__1__900___1500.png
1481 	 8 	 P1350__1__0___2000.png
1482 	 5 	 P1387__1__5661___2000.png
1483 	 2 	 P0544__1__619___500.png
1484 	 4 	 P0885__1__0___500.png
1485 	 6 	 P0867__1__900___1451.png
1486 	 2 	 P2280__1__1800___3000.png
1487 	 100 	 P0860__1__1800___1000.png
1488 	 3 	 P0878__1__900___500.png
1489 	 2 	 P0941__1__900___0.png
1490 	 11 	 P2304__1__0___0.png
1491 	 1 	 P1200__1__3600___1500.png
1492 	 98 	 P1930__1__0___500.png
1493 	 3 	 P1255__1__0___2500.png
1494 	 58 	 P0896__1__0___1838.png
1495 	 1 	 P2685__1__0___1685.png
1496 	 9 	 P2686__1__4500___2500.png
1497 	 1 	 P1201__1__0___3000.png
1498 	 1 	 P2644__1__900___500.png
1499 	 2 	 P2601__1__900___500.png
1500 	 2 	 P1274__1__2700___2000.png
1501 	 4 	 P0260__1__0___847.png
1502 	 1 	 P1272__1__0___3400.png
1503 	 1 	 P2732__1__1800___1500.png
1504 	 159 	 P0713__1__0___0.png
1505 	 6 	 P2755__1__932___2500.png
1506 	 1 	 P0334__1__0___500.png
1507 	 43 	 P0871__1__0___0.png
1508 	 1 	 P0446__1__0___0.png
1509 	 2 	 P1223__1__3600___1000.png
1510 	 1 	 P1333__1__3000___500.png
1511 	 4 	 P1228__1__0___2500.png
1512 	 6 	 P1431__1__900___0.png
1513 	 1 	 P1427__1__6300___2500.png
1514 	 1 	 P2731__1__2700___4295.png
1515 	 12 	 P0745__1__0___221.png
1516 	 83 	 P0915__1__497___500.png
1517 	 2 	 P2747__1__0___0.png
1518 	 2 	 P2584__1__900___2251.png
1519 	 4 	 P0549__1__0___232.png
1520 	 1 	 P0538__1__1142___500.png
1521 	 1 	 P2673__1__0___1000.png
1522 	 4 	 P2750__1__0___3000.png
1523 	 19 	 P0899__1__1151___1323.png
1524 	 2 	 P0344__1__0___1000.png
1525 	 1 	 P1352__1__1800___1500.png
1526 	 1 	 P0544__1__0___500.png
1527 	 2 	 P2755__1__0___2500.png
1528 	 5 	 P2755__1__932___500.png
1529 	 2 	 P1431__1__2700___1500.png
1530 	 1 	 P1272__1__1800___2500.png
1531 	 1 	 P1243__1__1800___2000.png
1532 	 61 	 P0875__1__0___1147.png
1533 	 1 	 P2641__1__4500___5025.png
1534 	 1 	 P1201__1__0___500.png
1535 	 16 	 P0413__1__0___486.png
1536 	 104 	 P0861__1__0___1500.png
1537 	 7 	 P0737__1__0___0.png
1538 	 5 	 P1427__1__5400___1500.png
1539 	 3 	 P0878__1__900___1000.png
1540 	 1 	 P0346__1__900___1500.png
1541 	 16 	 P1382__1__1800___4000.png
1542 	 17 	 P2761__1__3600___1000.png
1543 	 56 	 P0827__1__54___0.png
1544 	 1 	 P1209__1__2700___1000.png
1545 	 1 	 P2662__1__0___2000.png
1546 	 1 	 P2734__1__1800___2000.png
1547 	 1 	 P0281__1__0___0.png
1548 	 81 	 P0895__1__0___500.png
1549 	 4 	 P2742__1__900___1000.png
1550 	 14 	 P0685__1__0___1000.png
1551 	 3 	 P0337__1__900___0.png
1552 	 2 	 P0344__1__751___0.png
1553 	 78 	 P0898__1__900___1500.png
1554 	 1 	 P2672__1__2859___1000.png
1555 	 158 	 P0695__1__407___0.png
1556 	 44 	 P0892__1__1334___1000.png
1557 	 36 	 P0340__1__0___805.png
1558 	 1 	 P2606__1__792___2000.png
1559 	 10 	 P0941__1__2014___0.png
1560 	 1 	 P0565__1__358___500.png
1561 	 28 	 P0857__1__0___500.png
1562 	 1 	 P1209__1__3000___1000.png
1563 	 66 	 P0703__1__299___0.png
1564 	 5 	 P0129__1__0___1350.png
1565 	 30 	 P2761__1__900___1000.png
1566 	 1 	 P0001__1__0___5000.png
1567 	 25 	 P2676__1__0___1000.png
1568 	 7 	 P1427__1__6300___2000.png
1569 	 1 	 P1267__1__1800___1000.png
1570 	 4 	 P2725__1__0___2108.png
1571 	 3 	 P0624__1__0___0.png
1572 	 5 	 P0637__1__0___265.png
1573 	 1 	 P1245__1__0___3000.png
1574 	 99 	 P0920__1__319___0.png
1575 	 47 	 P1382__1__1800___5500.png
1576 	 1 	 P0426__1__0___230.png
1577 	 1 	 P2670__1__0___2000.png
1578 	 2 	 P1426__1__1800___3000.png
1579 	 68 	 P0828__1__516___1593.png
1580 	 2 	 P1281__1__0___2500.png
1581 	 3 	 P1427__1__3600___4000.png
1582 	 4 	 P1427__1__6300___1500.png
1583 	 2 	 P2642__1__4500___2500.png
1584 	 1 	 P1255__1__2700___2000.png
1585 	 1 	 P1251__1__2700___2000.png
1586 	 2 	 P1281__1__2700___1000.png
1587 	 1 	 P1427__1__2700___2000.png
1588 	 7 	 P2728__1__1800___500.png
1589 	 10 	 P2686__1__1800___0.png
1590 	 53 	 P0895__1__0___0.png
1591 	 5 	 P2729__1__1800___1500.png
1592 	 4 	 P2755__1__900___4000.png
1593 	 22 	 P2755__1__0___1500.png
1594 	 111 	 P1927__1__0___1500.png
1595 	 2 	 P2668__1__0___2000.png
1596 	 1 	 P2664__1__900___500.png
1597 	 9 	 P0738__1__0___1000.png
1598 	 1 	 P0987__1__0___0.png
1599 	 69 	 P0915__1__0___1000.png
1600 	 16 	 P0724__1__0___0.png
1601 	 245 	 P0713__1__1103___1000.png
1602 	 3 	 P1228__1__900___0.png
1603 	 94 	 P0861__1__1178___2000.png
1604 	 157 	 P0828__1__0___1593.png
1605 	 2 	 P1260__1__0___3000.png
1606 	 1 	 P1321__1__2700___3000.png
1607 	 18 	 P2734__1__900___0.png
1608 	 3 	 P0446__1__674___238.png
1609 	 2 	 P2731__1__2700___4000.png
1610 	 2 	 P0430__1__276___0.png
1611 	 2 	 P1267__1__1800___2500.png
1612 	 16 	 P0874__1__462___500.png
1613 	 1 	 P1281__1__2700___1500.png
1614 	 13 	 P2687__1__1738___4500.png
1615 	 3 	 P0428__1__0___0.png
1616 	 1 	 P1207__1__4200___1500.png
1617 	 12 	 P2313__1__0___0.png
1618 	 28 	 P0707__1__0___0.png
1619 	 6 	 P0868__1__0___1500.png
1620 	 1 	 P0522__1__2___500.png
1621 	 145 	 P0827__1__54___500.png
1622 	 2 	 P2662__1__0___1000.png
1623 	 1 	 P1256__1__3000___3400.png
1624 	 1 	 P1267__1__3000___0.png
1625 	 21 	 P0340__1__1800___0.png
1626 	 1 	 P1222__1__1800___1000.png
1627 	 4 	 P2747__1__0___1705.png
1628 	 39 	 P0340__1__0___500.png
1629 	 6 	 P2769__1__1686___2500.png
1630 	 2 	 P1309__1__2700___1000.png
1631 	 7 	 P0716__1__0___0.png
1632 	 79 	 P1387__1__5400___3000.png
1633 	 4 	 P1243__1__0___2000.png
1634 	 24 	 P0631__1__487___1000.png
1635 	 21 	 P0888__1__2700___759.png
1636 	 1 	 P0346__1__1800___0.png
1637 	 2 	 P2642__1__5400___4000.png
1638 	 2 	 P2026__1__0___0.png
1639 	 1 	 P1387__1__3600___1500.png
1640 	 2 	 P1382__1__900___4000.png
1641 	 2 	 P1350__1__0___2500.png
1642 	 26 	 P2761__1__2700___1500.png
1643 	 101 	 P0828__1__0___1000.png
1644 	 1 	 P1309__1__2700___500.png
1645 	 4 	 P2755__1__932___4000.png
1646 	 1 	 P2662__1__0___1500.png
1647 	 1 	 P1265__1__0___500.png
1648 	 4 	 P2742__1__1348___1000.png
1649 	 51 	 P0703__1__0___1304.png
1650 	 9 	 P2282__1__1800___1500.png
1651 	 299 	 P0898__1__0___3000.png
1652 	 1 	 P1287__1__3600___1000.png
1653 	 2 	 P1309__1__3000___1000.png
1654 	 1 	 P0438__1__0___500.png
1655 	 1 	 P1224__1__0___0.png
1656 	 2 	 P0875__1__900___1147.png
1657 	 82 	 P0800__1__0___500.png
1658 	 2 	 P2743__1__3467___2500.png
1659 	 2 	 P1258__1__4200___1500.png
1660 	 9 	 P2734__1__2700___2099.png
1661 	 1 	 P1431__1__2964___1975.png
1662 	 1 	 P0404__1__139___500.png
1663 	 20 	 P2730__1__0___0.png
1664 	 21 	 P0938__1__676___544.png
1665 	 7 	 P1389__1__900___1500.png
1666 	 1 	 P2670__1__1558___0.png
1667 	 9 	 P2692__1__900___1685.png
1668 	 1 	 P1389__1__0___1000.png
1669 	 325 	 P0906__1__850___500.png
1670 	 1 	 P1207__1__2700___1500.png
1671 	 9 	 P2747__1__1946___1000.png
1672 	 1 	 P1427__1__1800___0.png
1673 	 3 	 P2644__1__1800___1000.png
1674 	 2 	 P0296__1__107___500.png
1675 	 13 	 P2727__1__0___500.png
1676 	 69 	 P2741__1__900___0.png
1677 	 3 	 P2686__1__0___1000.png
1678 	 1 	 P2761__1__3720___3681.png
1679 	 9 	 P0944__1__2531___0.png
1680 	 3 	 P1344__1__4200___2000.png
1681 	 1 	 P1308__1__0___2000.png
1682 	 16 	 P0893__1__0___2000.png
1683 	 47 	 P0835__1__1800___500.png
1684 	 5 	 P2642__1__1800___4000.png
1685 	 2 	 P2761__1__3600___3681.png
1686 	 19 	 P2729__1__2087___1000.png
1687 	 1 	 P1427__1__3600___500.png
1688 	 1 	 P0346__1__3450___0.png
1689 	 238 	 P1927__1__148___1000.png
1690 	 69 	 P0915__1__0___0.png
1691 	 1 	 P2644__1__1800___2836.png
1692 	 72 	 P2676__1__900___2000.png
1693 	 3 	 P1224__1__1800___0.png
1694 	 195 	 P2250__1__1800___0.png
1695 	 13 	 P1277__1__900___3000.png
1696 	 10 	 P2693__1__0___1000.png
1697 	 1 	 P2641__1__3600___1000.png
1698 	 1 	 P0418__1__0___239.png
1699 	 2 	 P1591__1__900___1500.png
1700 	 1 	 P0337__1__2147___500.png
1701 	 7 	 P2731__1__3600___1500.png
1702 	 2 	 P1426__1__1800___3500.png
1703 	 7 	 P2686__1__1800___2000.png
1704 	 2 	 P2642__1__6039___1000.png
1705 	 1 	 P1207__1__3600___1000.png
1706 	 1 	 P2641__1__5400___500.png
1707 	 4 	 P0888__1__5224___759.png
1708 	 10 	 P2756__1__1800___2000.png
1709 	 1 	 P1288__1__0___500.png
1710 	 1 	 P2282__1__1800___2000.png
1711 	 1 	 P1388__1__3216___1000.png
1712 	 1 	 P0288__1__0___596.png
1713 	 1 	 P2309__1__0___0.png
1714 	 5 	 P1228__1__900___2500.png
1715 	 3 	 P2706__1__748___746.png
1716 	 17 	 P0321__1__0___1351.png
1717 	 1 	 P0573__1__0___500.png
1718 	 54 	 P2158__1__0___500.png
1719 	 1 	 P2641__1__3600___5025.png
1720 	 1 	 P1322__1__4200___3400.png
1721 	 28 	 P0861__1__900___0.png
1722 	 1 	 P0973__1__2201___839.png
1723 	 193 	 P0860__1__1800___1500.png
1724 	 3 	 P2642__1__2700___4000.png
1725 	 113 	 P1388__1__3216___4000.png
1726 	 2 	 P1426__1__900___4000.png
1727 	 32 	 P2681__1__424___601.png
1728 	 30 	 P0790__1__1344___1000.png
1729 	 9 	 P2730__1__0___834.png
1730 	 2 	 P1228__1__1800___3400.png
1731 	 4 	 P1308__1__0___1000.png
1732 	 19 	 P0790__1__1344___1037.png
1733 	 21 	 P0890__1__0___2899.png
1734 	 25 	 P0900__1__900___1500.png
1735 	 1 	 P1388__1__2700___0.png
1736 	 35 	 P2686__1__1800___1000.png
1737 	 1 	 P2741__1__900___1991.png
1738 	 3 	 P2672__1__1800___500.png
1739 	 4 	 P1214__1__0___3000.png
1740 	 4 	 P1427__1__6300___3000.png
1741 	 2 	 P0987__1__0___1272.png
1742 	 7 	 P1427__1__900___1500.png
1743 	 8 	 P0875__1__900___1000.png
1744 	 1 	 P1224__1__0___1000.png
1745 	 8 	 P0860__1__900___0.png
1746 	 5 	 P2280__1__1800___2000.png
1747 	 2 	 P0885__1__12___0.png
1748 	 38 	 P0731__1__0___764.png
1749 	 4 	 P0339__1__2147___801.png
1750 	 1 	 P1265__1__900___0.png
1751 	 62 	 P0860__1__0___0.png
1752 	 9 	 P2690__1__900___1685.png
1753 	 20 	 P0888__1__900___500.png
1754 	 36 	 P0260__1__0___500.png
1755 	 11 	 P1389__1__3600___3000.png
1756 	 82 	 P0907__1__0___0.png
1757 	 1 	 P2319__1__0___0.png
1758 	 23 	 P1388__1__900___3500.png
1759 	 1 	 P0443__1__0___500.png
1760 	 3 	 P1594__1__3000___1000.png
1761 	 1 	 P1258__1__4200___500.png
1762 	 61 	 P0860__1__2766___2000.png
1763 	 1 	 P1309__1__3000___500.png
1764 	 2 	 P1277__1__1800___3400.png
1765 	 34 	 P2670__1__900___1000.png
1766 	 1 	 P1251__1__4200___2500.png
1767 	 1 	 P1267__1__1800___500.png
1768 	 94 	 P2282__1__900___1500.png
1769 	 1 	 P2759__1__2700___4299.png
1770 	 2 	 P1251__1__4200___2000.png
1771 	 5 	 P2644__1__1800___500.png
1772 	 3 	 P1389__1__1800___0.png
1773 	 16 	 P0906__1__0___0.png
1774 	 35 	 P2729__1__900___2000.png
1775 	 7 	 P0944__1__0___0.png
1776 	 21 	 P0874__1__0___1500.png
1777 	 29 	 P0898__1__1749___500.png
1778 	 4 	 P2280__1__1800___0.png
1779 	 5 	 P0934__1__1720___560.png
1780 	 23 	 P0898__1__1749___1500.png
1781 	 2 	 P1322__1__1800___2000.png
1782 	 1 	 P2644__1__900___2000.png
1783 	 3 	 P1260__1__900___3000.png
1784 	 35 	 P0861__1__900___2179.png
1785 	 6 	 P2731__1__1800___3500.png
1786 	 1 	 P2729__1__900___1000.png
1787 	 1 	 P0571__1__205___1000.png
1788 	 7 	 P1426__1__6905___1000.png
1789 	 13 	 P0835__1__1800___868.png
1790 	 3 	 P0948__1__0___500.png
1791 	 3 	 P0948__1__0___0.png
1792 	 21 	 P2712__1__1005___500.png
1793 	 2 	 P0873__1__634___0.png
1794 	 2 	 P2732__1__1800___2000.png
1795 	 61 	 P0860__1__2700___2000.png
1796 	 7 	 P1351__1__900___1500.png
1797 	 1 	 P1426__1__900___3000.png
1798 	 2 	 P2687__1__0___4000.png
1799 	 1 	 P0873__1__634___500.png
1800 	 14 	 P1076__1__257___2000.png
1801 	 1 	 P2672__1__1800___0.png
1802 	 2 	 P2584__1__0___1500.png
1803 	 2 	 P0578__1__900___500.png
1804 	 4 	 P2289__1__0___0.png
1805 	 1 	 P2674__1__900___1000.png
1806 	 1 	 P1426__1__1800___2500.png
1807 	 2 	 P2601__1__1800___1000.png
1808 	 3 	 P2759__1__2700___4000.png
1809 	 5 	 P2642__1__900___3500.png
1810 	 4 	 P2729__1__900___500.png
1811 	 1 	 P1260__1__1800___3000.png
1812 	 10 	 P0734__1__900___500.png
1813 	 4 	 P0868__1__900___0.png
1814 	 6 	 P0868__1__0___0.png
1815 	 1 	 P1591__1__900___1000.png
1816 	 2 	 P1357__1__1800___500.png
1817 	 1 	 P2673__1__900___1500.png
1818 	 35 	 P1388__1__0___2000.png
1819 	 1 	 P0345__1__331___1500.png
1820 	 1 	 P1352__1__0___2000.png
1821 	 1 	 P1258__1__2700___3400.png
1822 	 2 	 P2708__1__1922___1500.png
1823 	 15 	 P1358__1__0___1000.png
1824 	 1 	 P1228__1__0___500.png
1825 	 2 	 P1354__1__1800___1500.png
1826 	 23 	 P0762__1__739___0.png
1827 	 11 	 P0900__1__1072___1500.png
1828 	 85 	 P0860__1__2766___1500.png
1829 	 32 	 P0896__1__1036___1000.png
1830 	 1 	 P1222__1__2700___1000.png
1831 	 70 	 P0900__1__0___1500.png
1832 	 1 	 P0424__1__104___0.png
1833 	 8 	 P0685__1__831___0.png
1834 	 1 	 P1427__1__5400___4000.png
1835 	 7 	 P2401__1__557___1597.png
1836 	 2 	 P1308__1__900___3400.png
1837 	 33 	 P0892__1__0___1609.png
1838 	 1 	 P1388__1__2700___2500.png
1839 	 31 	 P0631__1__0___500.png
1840 	 201 	 P0860__1__900___1000.png
1841 	 56 	 P1388__1__0___500.png
1842 	 1 	 P1267__1__0___3000.png
1843 	 2 	 P0553__1__671___0.png
1844 	 1 	 P2403__1__1133___0.png
1845 	 1 	 P0571__1__0___500.png
1846 	 5 	 P2741__1__1572___1500.png
1847 	 9 	 P1251__1__3600___1500.png
1848 	 22 	 P0920__1__319___500.png
1849 	 1 	 P1258__1__3600___0.png
1850 	 27 	 P0732__1__0___498.png
1851 	 54 	 P0893__1__0___500.png
1852 	 8 	 P2792__1__1349___1000.png
1853 	 3 	 P1427__1__6906___1500.png
1854 	 13 	 P0746__1__739___0.png
1855 	 8 	 P2728__1__1944___0.png
1856 	 1 	 P1340__1__1800___3000.png
1857 	 8 	 P2729__1__900___0.png
1858 	 1 	 P1427__1__2700___500.png
1859 	 2 	 P0907__1__670___991.png
1860 	 1 	 P2642__1__6039___2500.png
1861 	 15 	 P2311__1__0___221.png
1862 	 1 	 P1662__1__900___500.png
1863 	 36 	 P0890__1__0___0.png
1864 	 1 	 P2606__1__792___2054.png
1865 	 1 	 P0544__1__0___0.png
1866 	 5 	 P1426__1__4500___3000.png
1867 	 2 	 P1267__1__1800___0.png
1868 	 2 	 P0349__1__900___500.png
1869 	 3 	 P1427__1__2700___0.png
1870 	 2 	 P0332__1__900___0.png
1871 	 242 	 P0713__1__900___1044.png
1872 	 2 	 P1426__1__2700___3000.png
1873 	 1 	 P1426__1__900___4500.png
1874 	 1 	 P1207__1__2700___1000.png
1875 	 1 	 P0653__1__170___500.png
1876 	 1 	 P1258__1__900___3000.png
1877 	 4 	 P1388__1__3216___4733.png
1878 	 3 	 P1325__1__1800___2500.png
1879 	 6 	 P2686__1__3600___2993.png
1880 	 12 	 P0745__1__0___0.png
1881 	 9 	 P2401__1__0___1597.png
1882 	 2 	 P1427__1__6300___4500.png
1883 	 5 	 P0299__1__0___0.png
1884 	 3 	 P2642__1__2700___3000.png
1885 	 3 	 P1243__1__1800___500.png
1886 	 9 	 P0893__1__0___3500.png
1887 	 1 	 P2673__1__900___2000.png
1888 	 6 	 P1354__1__2700___500.png
1889 	 4 	 P0685__1__831___1000.png
1890 	 2 	 P2708__1__1800___1500.png
1891 	 4 	 P2328__1__0___0.png
1892 	 119 	 P1929__1__333___1000.png
1893 	 14 	 P1076__1__0___1500.png
1894 	 5 	 P2280__1__0___2500.png
1895 	 22 	 P0890__1__0___2000.png
1896 	 1 	 P0894__1__1800___500.png
1897 	 1 	 P0627__1__0___487.png
1898 	 69 	 P1382__1__2700___5500.png
1899 	 1 	 P2670__1__900___2000.png
1900 	 1 	 P1243__1__0___3000.png
1901 	 114 	 P0823__1__745___1000.png
1902 	 10 	 P1389__1__4500___3000.png
1903 	 33 	 P0899__1__1151___1000.png
1904 	 6 	 P0722__1__0___0.png
1905 	 1 	 P1287__1__0___1500.png
1906 	 4 	 P2732__1__0___2032.png
1907 	 5 	 P1250__1__1800___1000.png
1908 	 1 	 P0345__1__0___1500.png
1909 	 4 	 P1431__1__0___500.png
1910 	 3 	 P1428__1__900___2000.png
1911 	 18 	 P0888__1__2700___0.png
1912 	 1 	 P0322__1__552___1000.png
1913 	 1 	 P1208__1__0___0.png
1914 	 3 	 P2641__1__3600___500.png
1915 	 24 	 P0899__1__900___1000.png
1916 	 15 	 P2755__1__900___1500.png
1917 	 1 	 P0581__1__0___1000.png
1918 	 16 	 P0746__1__0___0.png
1919 	 92 	 P0894__1__900___500.png
1920 	 7 	 P0726__1__658___0.png
1921 	 5 	 P2662__1__1447___1500.png
1922 	 120 	 P1930__1__0___1862.png
1923 	 3 	 P0619__1__137___0.png
1924 	 1 	 P0676__1__0___227.png
1925 	 13 	 P1866__1__1719___2920.png
1926 	 5 	 P2732__1__900___1000.png
1927 	 1 	 P2674__1__1785___1500.png
1928 	 123 	 P1387__1__4500___3000.png
1929 	 7 	 P1426__1__0___1000.png
1930 	 1 	 P0521__1__0___1284.png
1931 	 2 	 P0324__1__1782___1000.png
1932 	 2 	 P2731__1__3600___4295.png
1933 	 2 	 P0546__1__0___0.png
1934 	 24 	 P0888__1__5224___0.png
1935 	 1 	 P1265__1__1800___0.png
1936 	 2 	 P2584__1__900___2000.png
1937 	 2 	 P0296__1__107___502.png
1938 	 6 	 P2160__1__513___500.png
1939 	 11 	 P1308__1__900___1500.png
1940 	 2 	 P0344__1__751___500.png
1941 	 1 	 P1340__1__900___3400.png
1942 	 25 	 P2729__1__0___0.png
1943 	 1 	 P0443__1__104___500.png
1944 	 1 	 P1245__1__900___3000.png
1945 	 41 	 P0733__1__2255___183.png
1946 	 3 	 P0299__1__153___237.png
1947 	 1 	 P2664__1__0___1000.png
1948 	 15 	 P0734__1__900___1000.png
1949 	 169 	 P0695__1__0___0.png
1950 	 5 	 P2670__1__900___1500.png
1951 	 5 	 P0415__1__0___0.png
1952 	 1 	 P1741__1__0___500.png
1953 	 1 	 P1209__1__2700___3000.png
1954 	 69 	 P0894__1__1800___1000.png
1955 	 2 	 P2761__1__2700___3000.png
1956 	 10 	 P0857__1__280___0.png
1957 	 2 	 P0728__1__1138___0.png
1958 	 2 	 P0987__1__78___1000.png
1959 	 1 	 P0871__1__0___1500.png
1960 	 2 	 P0941__1__900___264.png
1961 	 91 	 P0900__1__1072___1000.png
1962 	 82 	 P0898__1__900___2000.png
1963 	 4 	 P2741__1__1572___1991.png
1964 	 1 	 P0443__1__104___503.png
1965 	 2 	 P2759__1__2700___1000.png
1966 	 3 	 P2692__1__0___1500.png
1967 	 1 	 P1358__1__0___500.png
1968 	 1 	 P2756__1__1800___1500.png
1969 	 12 	 P2729__1__0___1000.png
1970 	 12 	 P0861__1__0___2179.png
1971 	 4 	 P1251__1__4200___1000.png
1972 	 144 	 P0827__1__54___1287.png
1973 	 1 	 P2740__1__1800___1813.png
1974 	 146 	 P0790__1__0___500.png
1975 	 90 	 P0703__1__0___1000.png
1976 	 21 	 P1389__1__3600___4000.png
1977 	 2 	 P1308__1__1800___500.png
1978 	 3 	 P2687__1__1738___1500.png
1979 	 23 	 P0871__1__900___500.png
1980 	 3 	 P0860__1__1800___2023.png
1981 	 17 	 P0888__1__0___0.png
1982 	 225 	 P0900__1__900___500.png
1983 	 1 	 P1250__1__2700___0.png
1984 	 53 	 P0900__1__0___1590.png
1985 	 1 	 P0441__1__0___500.png
1986 	 1 	 P0339__1__1800___801.png
1987 	 26 	 P0823__1__0___500.png
1988 	 1 	 P0415__1__0___238.png
1989 	 23 	 P2311__1__0___0.png
1990 	 74 	 P0700__1__0___500.png
1991 	 5 	 P1353__1__3000___2000.png
1992 	 2 	 P2328__1__0___221.png
1993 	 75 	 P1929__1__0___0.png
1994 	 3 	 P1350__1__1800___3000.png
1995 	 3 	 P1288__1__3000___1000.png
1996 	 38 	 P0823__1__0___1873.png
1997 	 27 	 P0867__1__1818___1000.png
1998 	 1 	 P1333__1__2700___500.png
1999 	 1 	 P1388__1__1800___1000.png
2000 	 171 	 P0861__1__0___1000.png
2001 	 18 	 P0759__1__139___0.png
2002 	 11 	 P0898__1__1749___2500.png
2003 	 2 	 P1354__1__0___1500.png
2004 	 1 	 P1260__1__900___0.png
2005 	 4 	 P0338__1__900___0.png
2006 	 67 	 P2158__1__0___1000.png
2007 	 108 	 P0872__1__900___500.png
2008 	 208 	 P2250__1__2065___0.png
2009 	 1 	 P0439__1__0___0.png
2010 	 241 	 P0775__1__0___0.png
2011 	 3 	 P0296__1__0___0.png
2012 	 2 	 P1427__1__6300___3500.png
2013 	 2 	 P1272__1__1800___500.png
2014 	 1 	 P1354__1__900___2000.png
2015 	 4 	 P0934__1__0___500.png
2016 	 5 	 P0892__1__900___1609.png
2017 	 2 	 P1243__1__900___2000.png
2018 	 1 	 P1216__1__2700___3400.png
2019 	 3 	 P1057__1__3152___1000.png
2020 	 1 	 P0960__1__573___1320.png
2021 	 1 	 P0441__1__0___514.png
2022 	 10 	 P0944__1__900___258.png
2023 	 2 	 P1387__1__5661___3630.png
2024 	 26 	 P2670__1__1558___1000.png
2025 	 7 	 P0750__1__900___0.png
2026 	 113 	 P0900__1__900___1000.png
2027 	 5 	 P0867__1__1818___500.png
2028 	 1 	 P1274__1__0___1000.png
2029 	 1 	 P1251__1__0___1000.png
2030 	 12 	 P0941__1__2014___264.png
2031 	 1 	 P0563__1__358___500.png
2032 	 1 	 P1739__1__900___2000.png
2033 	 3 	 P0324__1__0___0.png
2034 	 53 	 P1866__1__900___2500.png
2035 	 5 	 P1353__1__3000___2500.png
2036 	 1 	 P1201__1__3000___3400.png
2037 	 32 	 P0707__1__422___498.png
2038 	 1 	 P1272__1__900___2500.png
2039 	 95 	 P0895__1__468___500.png
2040 	 4 	 P0345__1__331___2000.png
2041 	 50 	 P0888__1__4500___500.png
2042 	 3 	 P2642__1__4500___1000.png
2043 	 9 	 P0940__1__0___794.png
2044 	 1 	 P2644__1__900___0.png
2045 	 1 	 P0001__1__252___5174.png
2046 	 5 	 P2751__1__0___500.png
2047 	 2 	 P2704__1__0___1309.png
2048 	 21 	 P0899__1__900___500.png
2049 	 3 	 P1260__1__900___3400.png
2050 	 55 	 P0860__1__2766___2023.png
2051 	 2 	 P1353__1__0___1500.png
2052 	 3 	 P0435__1__0___0.png
2053 	 1 	 P0443__1__0___503.png
2054 	 26 	 P2693__1__0___500.png
2055 	 7 	 P1428__1__900___1500.png
2056 	 7 	 P2642__1__3600___4951.png
2057 	 1 	 P1319__1__1800___1500.png
2058 	 1 	 P2687__1__1738___0.png
2059 	 20 	 P0762__1__0___0.png
2060 	 13 	 P2755__1__932___1000.png
2061 	 4 	 P1267__1__2700___2000.png
2062 	 2 	 P0986__1__282___1500.png
2063 	 1 	 P0522__1__0___0.png
2064 	 2 	 P0324__1__900___1000.png
2065 	 1 	 P1388__1__3216___2000.png
2066 	 5 	 P1426__1__6300___1000.png
2067 	 128 	 P0872__1__0___576.png
2068 	 1 	 P0578__1__900___0.png
2069 	 147 	 P1930__1__300___1500.png
2070 	 7 	 P0878__1__1800___1457.png
2071 	 2 	 P2761__1__3600___3500.png
2072 	 15 	 P2761__1__0___0.png
2073 	 1 	 P0001__1__0___5174.png
2074 	 1 	 P1352__1__2700___1500.png
2075 	 4 	 P1251__1__2700___1000.png
2076 	 2 	 P2026__1__0___500.png
2077 	 29 	 P0871__1__900___1000.png
2078 	 3 	 P2770__1__1800___1566.png
2079 	 38 	 P0874__1__462___1000.png
2080 	 3 	 P0419__1__151___0.png
2081 	 4 	 P0345__1__0___2000.png
2082 	 5 	 P2731__1__0___4000.png
2083 	 4 	 P2280__1__900___2500.png
2084 	 11 	 P1866__1__0___1000.png
2085 	 14 	 P0898__1__0___1500.png
2086 	 1 	 P0582__1__311___500.png
2087 	 18 	 P0898__1__1749___0.png
2088 	 1 	 P0963__1__900___0.png
2089 	 3 	 P0339__1__0___0.png
2090 	 2 	 P1308__1__4200___3400.png
2091 	 270 	 P1927__1__0___2000.png
2092 	 23 	 P0888__1__3600___0.png
2093 	 55 	 P1076__1__257___500.png
2094 	 35 	 P0898__1__0___0.png
2095 	 38 	 P2706__1__0___0.png
2096 	 2 	 P1251__1__1800___500.png
2097 	 1 	 P1591__1__1800___500.png
2098 	 1 	 P0430__1__276___1029.png
2099 	 3 	 P2759__1__0___500.png
2100 	 35 	 P2283__1__900___1000.png
2101 	 46 	 P0892__1__0___1500.png
2102 	 1 	 P1388__1__2700___1500.png
2103 	 22 	 P0900__1__900___1590.png
2104 	 2 	 P1281__1__3000___1500.png
2105 	 25 	 P0890__1__674___500.png
2106 	 8 	 P2728__1__1800___0.png
2107 	 33 	 P0893__1__691___4513.png
2108 	 34 	 P0893__1__691___4500.png
2109 	 2 	 P1267__1__2700___0.png
2110 	 2 	 P1427__1__2700___2500.png
2111 	 6 	 P0899__1__900___0.png
2112 	 20 	 P0893__1__691___2000.png
2113 	 1 	 P1258__1__3600___1500.png
2114 	 13 	 P0416__1__0___465.png
2115 	 4 	 P1251__1__4200___1500.png
2116 	 4 	 P0001__1__252___2500.png
2117 	 4 	 P2669__1__900___0.png
2118 	 2 	 P1427__1__5400___2000.png
2119 	 49 	 P0905__1__0___500.png
2120 	 2 	 P1388__1__3216___2500.png
2121 	 2 	 P0327__1__749___1000.png
2122 	 1 	 P2759__1__6300___2000.png
2123 	 6 	 P2770__1__1800___1000.png
2124 	 15 	 P1420__1__900___0.png
2125 	 22 	 P2755__1__0___0.png
2126 	 1 	 P1279__1__2700___3000.png
2127 	 15 	 P2750__1__2201___3111.png
2128 	 1 	 P0627__1__1800___0.png
2129 	 1 	 P1288__1__900___2000.png
2130 	 20 	 P0857__1__0___0.png
2131 	 5 	 P2739__1__2700___500.png
2132 	 53 	 P2712__1__0___500.png
2133 	 1 	 P2741__1__0___1000.png
2134 	 186 	 P1929__1__333___1500.png
2135 	 15 	 P2792__1__900___1000.png
2136 	 2 	 P0343__1__900___0.png
2137 	 131 	 P0900__1__0___500.png
2138 	 1 	 P1255__1__900___2000.png
2139 	 24 	 P0760__1__439___0.png
2140 	 4 	 P2669__1__0___500.png
2141 	 10 	 P0727__1__658___498.png
2142 	 1 	 P1288__1__0___0.png
2143 	 5 	 P2755__1__900___500.png
2144 	 3 	 P2644__1__1800___2000.png
2145 	 1 	 P1388__1__1800___500.png
2146 	 1 	 P1274__1__3000___3400.png
2147 	 36 	 P0899__1__1151___500.png
2148 	 1 	 P1427__1__2700___3000.png
2149 	 5 	 P1228__1__900___1500.png
2150 	 17 	 P0835__1__1904___0.png
2151 	 31 	 P2729__1__0___500.png
2152 	 8 	 P0888__1__900___759.png
2153 	 128 	 P0695__1__407___499.png
2154 	 1 	 P1251__1__3600___3000.png
2155 	 2 	 P1591__1__0___3400.png
2156 	 1 	 P0335__1__900___1000.png
2157 	 19 	 P0888__1__3600___759.png
2158 	 1 	 P0020__1__4058___500.png
2159 	 1 	 P2769__1__1686___0.png
2160 	 1 	 P2685__1__519___0.png
2161 	 1 	 P2281__1__1800___2500.png
2162 	 12 	 P0734__1__1098___1000.png
2163 	 2 	 P1243__1__900___3400.png
2164 	 16 	 P1351__1__2700___500.png
2165 	 248 	 P1929__1__0___1500.png
2166 	 6 	 P2642__1__3600___3000.png
2167 	 4 	 P0419__1__0___0.png
2168 	 5 	 P1350__1__1800___2500.png
2169 	 42 	 P0260__1__862___0.png
2170 	 1 	 P1207__1__4200___1000.png
2171 	 34 	 P0920__1__0___1301.png
2172 	 1 	 P1297__1__2700___2000.png
2173 	 4 	 P1591__1__0___2500.png
2174 	 111 	 P0129__1__0___500.png
2175 	 11 	 P0941__1__0___0.png
2176 	 13 	 P1594__1__3000___500.png
2177 	 3 	 P1281__1__3000___2500.png
2178 	 7 	 P2280__1__900___3000.png
2179 	 113 	 P0892__1__900___1000.png
2180 	 1 	 P2641__1__4500___1500.png
2181 	 2 	 P1427__1__4500___1500.png
2182 	 2 	 P1388__1__1800___1500.png
2183 	 25 	 P2706__1__0___746.png
2184 	 27 	 P0892__1__0___0.png
2185 	 10 	 P0303__1__0___0.png
2186 	 42 	 P2601__1__0___2000.png
2187 	 3 	 P0627__1__900___0.png
2188 	 3 	 P0425__1__0___465.png
2189 	 72 	 P0871__1__0___500.png
2190 	 210 	 P0827__1__54___1000.png
2191 	 250 	 P0713__1__1103___1044.png
2192 	 7 	 P2729__1__0___2000.png
2193 	 2 	 P2742__1__900___500.png
2194 	 19 	 P2750__1__1800___3111.png
2195 	 3 	 P1431__1__2700___0.png
2196 	 16 	 P1388__1__0___3000.png
2197 	 5 	 P2770__1__1800___1500.png
2198 	 101 	 P0733__1__1800___183.png
2199 	 59 	 P1866__1__900___2000.png
2200 	 3 	 P0327__1__0___1000.png
2201 	 9 	 P2747__1__1800___1000.png
2202 	 3 	 P1281__1__900___2000.png
2203 	 1 	 P2769__1__900___3000.png
2204 	 2 	 P2641__1__4500___1000.png
2205 	 1 	 P0565__1__0___500.png
2206 	 18 	 P2729__1__900___1500.png
2207 	 11 	 P2690__1__900___0.png
2208 	 1 	 P1250__1__900___500.png
2209 	 19 	 P2250__1__0___1057.png
2210 	 3 	 P2731__1__3600___3500.png
2211 	 5 	 P1228__1__900___3000.png
2212 	 1 	 P0894__1__0___1383.png
2213 	 3 	 P0437__1__412___0.png
2214 	 24 	 P2283__1__1307___500.png
2215 	 9 	 P2756__1__3718___0.png
2216 	 31 	 P1866__1__900___2920.png
2217 	 1 	 P0001__1__0___500.png
2218 	 55 	 P0860__1__2700___2023.png
2219 	 7 	 P0896__1__1036___500.png
2220 	 197 	 P1388__1__900___1500.png
2221 	 52 	 P2686__1__900___500.png
2222 	 9 	 P0750__1__960___217.png
2223 	 3 	 P0438__1__572___500.png
2224 	 19 	 P2692__1__0___0.png
2225 	 25 	 P0896__1__0___500.png
2226 	 96 	 P0775__1__0___500.png
2227 	 1 	 P0344__1__0___500.png
2228 	 1 	 P1322__1__3600___3400.png
2229 	 3 	 P1354__1__0___0.png
2230 	 249 	 P1927__1__0___1000.png
2231 	 2 	 P1387__1__5661___3500.png
2232 	 62 	 P0871__1__900___2462.png
2233 	 1 	 P2759__1__3600___1000.png
2234 	 2 	 P1308__1__4200___3000.png
2235 	 49 	 P0703__1__299___1304.png
2236 	 1 	 P0345__1__331___2500.png
2237 	 7 	 P2739__1__2964___0.png
2238 	 1 	 P1431__1__2964___1500.png
2239 	 7 	 P2301__1__0___0.png
2240 	 15 	 P2693__1__900___0.png
2241 	 18 	 P0899__1__900___1323.png
2242 	 1 	 P2641__1__4500___5000.png
2243 	 2 	 P2704__1__2700___500.png
2244 	 3 	 P0878__1__0___0.png
2245 	 1 	 P1287__1__3600___2000.png
2246 	 5 	 P2280__1__900___3500.png
2247 	 38 	 P0888__1__3600___500.png
2248 	 47 	 P1387__1__900___2000.png
2249 	 3 	 P1366__1__2700___1000.png
2250 	 16 	 P0868__1__900___1738.png
2251 	 31 	 P0890__1__674___2000.png
2252 	 6 	 P0893__1__0___3000.png
2253 	 31 	 P2687__1__900___4908.png
2254 	 2 	 P2761__1__900___1500.png
2255 	 2 	 P2732__1__1800___500.png
2256 	 1 	 P2761__1__1800___2500.png
2257 	 24 	 P2687__1__1738___4000.png
2258 	 72 	 P1387__1__1800___2500.png
2259 	 13 	 P0631__1__0___0.png
2260 	 90 	 P0828__1__516___1000.png
2261 	 1 	 P1272__1__900___3400.png
2262 	 1 	 P2280__1__2700___1500.png
2263 	 1 	 P0334__1__900___0.png
2264 	 1 	 P1216__1__3000___3400.png
2265 	 12 	 P0726__1__658___498.png
2266 	 1 	 P1287__1__0___2000.png
2267 	 2 	 P1208__1__900___1500.png
2268 	 4 	 P0885__1__12___500.png
2269 	 4 	 P0835__1__1904___868.png
2270 	 4 	 P2673__1__1557___2037.png
2271 	 2 	 P1354__1__900___500.png
2272 	 1 	 P0538__1__900___524.png
2273 	 5 	 P2282__1__900___2493.png
2274 	 19 	 P2669__1__0___0.png
2275 	 1 	 P2685__1__519___1685.png
2276 	 51 	 P1388__1__900___1000.png
2277 	 7 	 P2740__1__900___500.png
2278 	 1 	 P1256__1__900___3400.png
2279 	 2 	 P2747__1__900___1705.png
2280 	 110 	 P0733__1__900___0.png
2281 	 22 	 P2761__1__0___1000.png
2282 	 37 	 P2676__1__1466___1500.png
2283 	 2 	 P2740__1__0___0.png
2284 	 43 	 P0888__1__4500___0.png
2285 	 1 	 P0573__1__395___561.png
2286 	 234 	 P1927__1__148___2000.png
2287 	 55 	 P0920__1__319___1301.png
2288 	 1 	 P1258__1__3600___1000.png
2289 	 3 	 P1357__1__1800___0.png
2290 	 31 	 P0906__1__850___1291.png
2291 	 10 	 P2727__1__657___851.png
2292 	 168 	 P0713__1__0___1000.png
2293 	 7 	 P1351__1__2700___0.png
2294 	 1 	 P1200__1__4200___1500.png
2295 	 1 	 P0288__1__0___0.png
2296 	 5 	 P2731__1__1800___3000.png
2297 	 1 	 P1217__1__1800___3400.png
2298 	 1 	 P0581__1__900___1000.png
2299 	 4 	 P0727__1__0___498.png
2300 	 3 	 P0424__1__104___503.png
2301 	 2 	 P2761__1__1800___500.png
2302 	 29 	 P2673__1__1557___500.png
2303 	 1 	 P1389__1__5008___2500.png
2304 	 173 	 P0898__1__0___2500.png
2305 	 3 	 P0724__1__0___498.png
2306 	 4 	 P2670__1__1558___500.png
2307 	 16 	 P0738__1__0___500.png
2308 	 2 	 P1251__1__2700___500.png
2309 	 4 	 P2756__1__3600___0.png
2310 	 13 	 P2729__1__1800___1000.png
2311 	 4 	 P0890__1__0___1500.png
2312 	 11 	 P0941__1__0___264.png
2313 	 151 	 P1927__1__148___500.png
2314 	 116 	 P0703__1__299___500.png
2315 	 77 	 P0757__1__658___498.png
2316 	 4 	 P0734__1__0___1042.png
2317 	 147 	 P0777__1__609___0.png
2318 	 64 	 P2676__1__900___1500.png
2319 	 19 	 P2712__1__1005___749.png
2320 	 8 	 P2729__1__1800___2029.png
2321 	 5 	 P2642__1__6039___1500.png
2322 	 47 	 P1387__1__5400___3500.png
2323 	 3 	 P0874__1__0___1842.png
2324 	 1 	 P0563__1__358___0.png
2325 	 1 	 P1746__1__0___2000.png
2326 	 29 	 P0733__1__0___183.png
2327 	 9 	 P2693__1__1155___500.png
2328 	 1 	 P2280__1__3103___0.png
2329 	 1 	 P0520__1__60___500.png
2330 	 1 	 P1258__1__3600___3400.png
2331 	 1 	 P1328__1__3000___1500.png
2332 	 23 	 P0800__1__576___1312.png
2333 	 127 	 P0906__1__850___1000.png
2334 	 17 	 P0874__1__0___500.png
2335 	 1 	 P2668__1__0___1500.png
2336 	 96 	 P0872__1__900___576.png
2337 	 12 	 P2692__1__0___1000.png
2338 	 1 	 P0288__1__164___596.png
2339 	 1 	 P1427__1__1800___2500.png
2340 	 1 	 P1350__1__900___2500.png
2341 	 34 	 P0260__1__0___0.png
2342 	 1 	 P0337__1__1800___500.png
2343 	 146 	 P0861__1__0___500.png
2344 	 1 	 P1223__1__3600___1500.png
2345 	 1 	 P0441__1__362___514.png
2346 	 24 	 P1388__1__1800___4000.png
2347 	 1 	 P1426__1__0___4816.png
2348 	 6 	 P1354__1__3000___500.png
2349 	 1 	 P2759__1__3600___4299.png
2350 	 22 	 P0731__1__619___764.png
2351 	 1 	 P0001__1__252___500.png
2352 	 1 	 P0960__1__573___1000.png
2353 	 28 	 P2747__1__1800___1500.png
2354 	 1 	 P1251__1__900___0.png
2355 	 3 	 P1255__1__3000___1000.png
2356 	 9 	 P0878__1__1800___1000.png
2357 	 3 	 P1057__1__2700___1000.png
2358 	 66 	 P0861__1__900___500.png
2359 	 2 	 P0405__1__0___500.png
2360 	 3 	 P0001__1__252___3500.png
2361 	 4 	 P2751__1__900___500.png
2362 	 1 	 P1292__1__3000___2500.png
2363 	 9 	 P2755__1__900___3500.png
2364 	 2 	 P0987__1__0___500.png
2365 	 169 	 P1387__1__3600___2500.png
2366 	 39 	 P0898__1__0___500.png
2367 	 1 	 P1274__1__2700___3400.png
2368 	 2 	 P2734__1__2700___500.png
2369 	 9 	 P1431__1__0___1000.png
2370 	 172 	 P1929__1__0___1000.png
2371 	 7 	 P2770__1__2260___500.png
2372 	 1 	 P2731__1__3913___4000.png
2373 	 14 	 P0759__1__0___485.png
2374 	 5 	 P2747__1__900___500.png
2375 	 2 	 P0619__1__0___0.png
2376 	 1 	 P2692__1__1686___1000.png
2377 	 3 	 P1251__1__1800___0.png
2378 	 41 	 P0868__1__1800___1000.png
2379 	 1 	 P0960__1__573___0.png
2380 	 21 	 P2686__1__2700___2500.png
2381 	 3 	 P1250__1__900___1000.png
2382 	 5 	 P0860__1__1800___500.png
2383 	 1 	 P2685__1__0___0.png
2384 	 40 	 P2761__1__2700___1000.png
2385 	 1 	 P0441__1__362___500.png
2386 	 1 	 P1211__1__0___2500.png
2387 	 2 	 P0562__1__0___0.png
2388 	 2 	 P0440__1__0___787.png
2389 	 1 	 P1427__1__2700___1000.png
2390 	 128 	 P0828__1__516___0.png
2391 	 1 	 P2668__1__783___2000.png
2392 	 144 	 P0703__1__0___500.png
2393 	 1 	 P0335__1__1053___1075.png
2394 	 17 	 P0888__1__1800___500.png
2395 	 8 	 P2740__1__2700___500.png
2396 	 6 	 P0745__1__700___221.png

Conversion is complete!
